[2022-03-09 16:26:54.280] [main] [info] window#load: attempt to load window (id: 1)
[2022-03-09 16:26:54.294] [main] [info] update#setState idle
[2022-03-09 16:26:54.327] [main] [info] ExtensionHostStarterWorker created
[2022-03-09 16:26:54.956] [main] [info] window#load: window reported ready (id: 1)
[2022-03-09 16:26:55.100] [main] [info] Starting extension host with pid 4017730 (fork() took 7 ms).
[2022-03-09 16:26:55.100] [main] [info] ExtensionHostStarterWorker.start() took 9 ms.
[2022-03-09 16:27:24.305] [main] [info] update#setState checking for updates
[2022-03-09 16:27:24.309] [main] [info] update#setState available for download
[2022-03-09 16:35:52.214] [main] [info] window#load: attempt to load window (id: 3)
[2022-03-09 16:35:52.861] [main] [info] window#load: window reported ready (id: 3)
[2022-03-09 16:35:53.096] [main] [info] Starting extension host with pid 4033801 (fork() took 7 ms).
[2022-03-09 16:35:53.097] [main] [info] ExtensionHostStarterWorker.start() took 9 ms.
[2022-03-09 16:51:50.508] [main] [info] window#load: attempt to load window (id: 3)
[2022-03-09 16:51:50.609] [main] [info] Extension host with pid 4033801 exited with code: 0, signal: null.
[2022-03-09 16:51:51.177] [main] [info] window#load: window reported ready (id: 3)
[2022-03-09 16:51:51.313] [main] [info] Starting extension host with pid 4062353 (fork() took 5 ms).
[2022-03-09 16:51:51.314] [main] [info] ExtensionHostStarterWorker.start() took 5 ms.
[2022-03-09 16:53:51.972] [main] [info] Extension host with pid 4062353 exited with code: 0, signal: null.
[2022-03-09 16:54:12.074] [main] [info] window#load: attempt to load window (id: 4)
[2022-03-09 16:54:12.709] [main] [info] window#load: window reported ready (id: 4)
[2022-03-09 16:54:12.855] [main] [info] Starting extension host with pid 4067536 (fork() took 5 ms).
[2022-03-09 16:54:12.855] [main] [info] ExtensionHostStarterWorker.start() took 8 ms.
[2022-03-09 16:54:17.246] [main] [info] Extension host with pid 4067536 exited with code: 0, signal: null.
[2022-03-09 16:54:39.119] [main] [info] Waiting for extension host with pid 4017730 to exit.
[2022-03-09 16:54:39.164] [main] [info] Extension host with pid 4017730 exited with code: 0, signal: null.
