[2022-03-09 16:26:55.884] [sharedprocess] [info] Deleted from disk 4ban.kraken /home/eddy/.vscode/extensions/4ban.kraken-0.2.1
[2022-03-09 16:26:55.922] [sharedprocess] [info] Deleted from disk redhat.vscode-yaml /home/eddy/.vscode/extensions/redhat.vscode-yaml-1.5.0
[2022-03-09 16:26:55.923] [sharedprocess] [info] Deleted from disk redhat.vscode-yaml /home/eddy/.vscode/extensions/redhat.vscode-yaml-1.4.0
[2022-03-09 16:26:55.957] [sharedprocess] [info] Deleted from disk github.vscode-pull-request-github /home/eddy/.vscode/extensions/github.vscode-pull-request-github-0.36.2
[2022-03-09 16:26:55.973] [sharedprocess] [info] Deleted from disk redhat.ansible /home/eddy/.vscode/extensions/redhat.ansible-0.8.0
[2022-03-09 16:26:55.985] [sharedprocess] [info] Deleted from disk redhat.ansible /home/eddy/.vscode/extensions/redhat.ansible-0.7.1
[2022-03-09 16:26:56.195] [sharedprocess] [info] Deleted from disk ms-toolsai.jupyter /home/eddy/.vscode/extensions/ms-toolsai.jupyter-2022.1.1301854968
[2022-03-09 16:26:56.196] [sharedprocess] [info] Deleted from disk ms-toolsai.jupyter /home/eddy/.vscode/extensions/ms-toolsai.jupyter-2022.2.1020642448
[2022-03-09 16:26:56.216] [sharedprocess] [info] Starting worker process with pid 4017788 (type: fileWatcher, window: 1).
[2022-03-09 16:26:56.316] [sharedprocess] [info] Deleted from disk ms-python.vscode-pylance /home/eddy/.vscode/extensions/ms-python.vscode-pylance-2022.2.4
[2022-03-09 16:26:56.448] [sharedprocess] [info] Deleted from disk ms-python.python /home/eddy/.vscode/extensions/ms-python.python-2022.0.1814523869
[2022-03-09 16:27:00.614] [sharedprocess] [info] Getting Manifest... eamodio.gitlens
[2022-03-09 16:27:00.834] [sharedprocess] [info] Installing extension: eamodio.gitlens
[2022-03-09 16:27:02.805] [sharedprocess] [info] Downloaded extension: eamodio.gitlens /home/eddy/.config/Code/CachedExtensionVSIXs/eamodio.gitlens-12.0.2
[2022-03-09 16:27:03.292] [sharedprocess] [info] Extracted extension to /home/eddy/.vscode/extensions/.ee3632ae-c00e-443d-9272-30651ea50b8a: eamodio.gitlens
[2022-03-09 16:27:03.307] [sharedprocess] [info] Renamed to /home/eddy/.vscode/extensions/eamodio.gitlens-12.0.2
[2022-03-09 16:27:03.312] [sharedprocess] [info] Extracting completed. eamodio.gitlens
[2022-03-09 16:27:03.323] [sharedprocess] [info] Extension installed successfully: eamodio.gitlens
[2022-03-09 16:35:53.133] [sharedprocess] [info] Starting worker process with pid 4033809 (type: fileWatcher, window: 3).
[2022-03-09 16:51:50.517] [sharedprocess] [info] Worker process with pid 4033809 terminated normally (type: fileWatcher, window: 3).
[2022-03-09 16:51:51.969] [sharedprocess] [info] Starting worker process with pid 4062366 (type: fileWatcher, window: 3).
[2022-03-09 16:53:51.893] [sharedprocess] [info] Worker process with pid 4062366 terminated normally (type: fileWatcher, window: 3).
[2022-03-09 16:54:13.483] [sharedprocess] [info] Starting worker process with pid 4067548 (type: fileWatcher, window: 4).
[2022-03-09 16:54:17.203] [sharedprocess] [info] Worker process with pid 4067548 terminated normally (type: fileWatcher, window: 4).
