[2022-03-09 16:26:55.558] [settingssync] [info] Using settings sync service https://vscode-sync.trafficmanager.net/
[2022-03-09 16:26:55.558] [settingssync] [info] Auto Sync is enabled.
[2022-03-09 16:26:55.558] [settingssync] [info] Auto Sync: Suspended until auth token is available.
[2022-03-09 16:26:57.013] [settingssync] [info] Auto Sync: Started
[2022-03-09 16:26:57.013] [settingssync] [info] Auto Sync: Triggered by Interval
[2022-03-09 16:26:57.117] [settingssync] [info] Deleting from backup /home/eddy/.config/Code/User/sync/settings/20220203T090209.json
[2022-03-09 16:26:57.117] [settingssync] [info] Deleting from backup /home/eddy/.config/Code/User/sync/settings/20220204T115627.json
[2022-03-09 16:26:57.117] [settingssync] [info] Deleting from backup /home/eddy/.config/Code/User/sync/settings/20220204T120221.json
[2022-03-09 16:26:57.117] [settingssync] [info] Deleting from backup /home/eddy/.config/Code/User/sync/settings/20220204T120722.json
[2022-03-09 16:26:57.117] [settingssync] [info] Deleting from backup /home/eddy/.config/Code/User/sync/settings/20220204T124225.json
[2022-03-09 16:26:57.117] [settingssync] [info] Deleting from backup /home/eddy/.config/Code/User/sync/settings/20220204T133230.json
[2022-03-09 16:26:57.117] [settingssync] [info] Deleting from backup /home/eddy/.config/Code/User/sync/settings/20220204T143734.json
[2022-03-09 16:26:57.117] [settingssync] [info] Deleting from backup /home/eddy/.config/Code/User/sync/settings/20220207T094847.json
[2022-03-09 16:26:57.118] [settingssync] [info] Deleting from backup /home/eddy/.config/Code/User/sync/settings/20220207T103402.json
[2022-03-09 16:26:57.118] [settingssync] [info] Deleting from backup /home/eddy/.config/Code/User/sync/settings/20220207T140427.json
[2022-03-09 16:26:57.119] [settingssync] [info] Deleting from backup /home/eddy/.config/Code/User/sync/globalState/20220203T080702.json
[2022-03-09 16:26:57.120] [settingssync] [info] Deleting from backup /home/eddy/.config/Code/User/sync/globalState/20220203T082203.json
[2022-03-09 16:26:57.120] [settingssync] [info] Deleting from backup /home/eddy/.config/Code/User/sync/globalState/20220203T090210.json
[2022-03-09 16:26:57.120] [settingssync] [info] Deleting from backup /home/eddy/.config/Code/User/sync/globalState/20220203T132749.json
[2022-03-09 16:26:57.120] [settingssync] [info] Deleting from backup /home/eddy/.config/Code/User/sync/globalState/20220204T114605.json
[2022-03-09 16:26:57.120] [settingssync] [info] Deleting from backup /home/eddy/.config/Code/User/sync/globalState/20220204T115122.json
[2022-03-09 16:26:57.120] [settingssync] [info] Deleting from backup /home/eddy/.config/Code/User/sync/globalState/20220204T115628.json
[2022-03-09 16:26:57.120] [settingssync] [info] Deleting from backup /home/eddy/.config/Code/User/sync/globalState/20220204T120222.json
[2022-03-09 16:26:57.120] [settingssync] [info] Deleting from backup /home/eddy/.config/Code/User/sync/globalState/20220204T124225.json
[2022-03-09 16:26:57.120] [settingssync] [info] Deleting from backup /home/eddy/.config/Code/User/sync/globalState/20220204T133230.json
[2022-03-09 16:26:57.121] [settingssync] [info] Deleting from backup /home/eddy/.config/Code/User/sync/globalState/20220204T143735.json
[2022-03-09 16:26:57.121] [settingssync] [info] Deleting from backup /home/eddy/.config/Code/User/sync/globalState/20220204T153240.json
[2022-03-09 16:26:57.121] [settingssync] [info] Deleting from backup /home/eddy/.config/Code/User/sync/globalState/20220207T081340.json
[2022-03-09 16:26:57.121] [settingssync] [info] Deleting from backup /home/eddy/.config/Code/User/sync/globalState/20220207T085843.json
[2022-03-09 16:26:57.121] [settingssync] [info] Deleting from backup /home/eddy/.config/Code/User/sync/globalState/20220207T094847.json
[2022-03-09 16:26:57.121] [settingssync] [info] Deleting from backup /home/eddy/.config/Code/User/sync/globalState/20220207T103403.json
[2022-03-09 16:26:57.121] [settingssync] [info] Deleting from backup /home/eddy/.config/Code/User/sync/globalState/20220207T124420.json
[2022-03-09 16:26:57.121] [settingssync] [info] Deleting from backup /home/eddy/.config/Code/User/sync/globalState/20220207T140427.json
[2022-03-09 16:26:57.121] [settingssync] [info] Deleting from backup /home/eddy/.config/Code/User/sync/globalState/20220207T161953.json
[2022-03-09 16:26:57.908] [settingssync] [info] Settings: No changes found during synchronizing settings.
[2022-03-09 16:26:57.936] [settingssync] [info] Keybindings: No changes found during synchronizing keybindings.
[2022-03-09 16:26:57.975] [settingssync] [info] Snippets: No changes found during synchronizing snippets.
[2022-03-09 16:26:57.979] [settingssync] [info] Tasks: No changes found during synchronizing tasks.
[2022-03-09 16:26:59.065] [settingssync] [info] GlobalState: Updated remote ui state
[2022-03-09 16:26:59.084] [settingssync] [info] GlobalState: Updated last synchronized ui state
[2022-03-09 16:26:59.172] [settingssync] [info] Extensions: No changes found during synchronizing extensions.
[2022-03-09 16:26:59.173] [settingssync] [info] Sync done. Took 1334ms
[2022-03-09 16:26:59.438] [settingssync] [info] Auto Sync: Triggered by Activity
[2022-03-09 16:26:59.491] [settingssync] [info] Settings: No changes found during synchronizing settings.
[2022-03-09 16:26:59.495] [settingssync] [info] Keybindings: No changes found during synchronizing keybindings.
[2022-03-09 16:26:59.501] [settingssync] [info] Snippets: No changes found during synchronizing snippets.
[2022-03-09 16:26:59.504] [settingssync] [info] Tasks: No changes found during synchronizing tasks.
[2022-03-09 16:26:59.512] [settingssync] [info] GlobalState: No changes found during synchronizing ui state.
[2022-03-09 16:26:59.615] [settingssync] [info] Extensions: No changes found during synchronizing extensions.
[2022-03-09 16:26:59.616] [settingssync] [info] Sync done. Took 145ms
[2022-03-09 16:27:05.553] [settingssync] [info] Auto Sync: Triggered by Activity
[2022-03-09 16:27:08.491] [settingssync] [info] Settings: No changes found during synchronizing settings.
[2022-03-09 16:27:08.495] [settingssync] [info] Keybindings: No changes found during synchronizing keybindings.
[2022-03-09 16:27:08.501] [settingssync] [info] Snippets: No changes found during synchronizing snippets.
[2022-03-09 16:27:08.505] [settingssync] [info] Tasks: No changes found during synchronizing tasks.
[2022-03-09 16:27:08.509] [settingssync] [info] GlobalState: No changes found during synchronizing ui state.
[2022-03-09 16:27:13.540] [settingssync] [info] Extensions: Updated remote extensions. Updated: ["eamodio.gitlens"].
[2022-03-09 16:27:13.546] [settingssync] [info] Extensions: Updated last synchronized extensions.
[2022-03-09 16:27:13.549] [settingssync] [info] Sync done. Took 5138ms
[2022-03-09 16:29:38.978] [settingssync] [info] Auto Sync: Triggered by Activity
[2022-03-09 16:29:40.403] [settingssync] [info] Settings: No changes found during synchronizing settings.
[2022-03-09 16:29:40.408] [settingssync] [info] Keybindings: No changes found during synchronizing keybindings.
[2022-03-09 16:29:40.415] [settingssync] [info] Snippets: No changes found during synchronizing snippets.
[2022-03-09 16:29:40.419] [settingssync] [info] Tasks: No changes found during synchronizing tasks.
[2022-03-09 16:29:40.425] [settingssync] [info] GlobalState: No changes found during synchronizing ui state.
[2022-03-09 16:29:40.520] [settingssync] [info] Extensions: No changes found during synchronizing extensions.
[2022-03-09 16:29:40.522] [settingssync] [info] Sync done. Took 193ms
[2022-03-09 16:29:57.898] [settingssync] [info] Auto Sync: Triggered by Activity
[2022-03-09 16:30:02.018] [settingssync] [info] Settings: Updated remote settings
[2022-03-09 16:30:02.036] [settingssync] [info] Settings: Updated last synchronized settings
[2022-03-09 16:30:02.049] [settingssync] [info] Keybindings: No changes found during synchronizing keybindings.
[2022-03-09 16:30:02.072] [settingssync] [info] Snippets: No changes found during synchronizing snippets.
[2022-03-09 16:30:02.081] [settingssync] [info] Tasks: No changes found during synchronizing tasks.
[2022-03-09 16:30:02.088] [settingssync] [info] GlobalState: No changes found during synchronizing ui state.
[2022-03-09 16:30:02.190] [settingssync] [info] Extensions: No changes found during synchronizing extensions.
[2022-03-09 16:30:02.192] [settingssync] [info] Sync done. Took 2607ms
[2022-03-09 16:30:10.809] [settingssync] [info] Auto Sync: Triggered by Activity
[2022-03-09 16:30:21.010] [settingssync] [info] Settings: Updated remote settings
[2022-03-09 16:30:21.017] [settingssync] [info] Settings: Updated last synchronized settings
[2022-03-09 16:30:21.020] [settingssync] [info] Keybindings: No changes found during synchronizing keybindings.
[2022-03-09 16:30:21.027] [settingssync] [info] Snippets: No changes found during synchronizing snippets.
[2022-03-09 16:30:21.032] [settingssync] [info] Tasks: No changes found during synchronizing tasks.
[2022-03-09 16:30:21.037] [settingssync] [info] GlobalState: No changes found during synchronizing ui state.
[2022-03-09 16:30:21.130] [settingssync] [info] Extensions: No changes found during synchronizing extensions.
[2022-03-09 16:30:21.131] [settingssync] [info] Sync done. Took 6192ms
[2022-03-09 16:30:54.935] [settingssync] [info] Auto Sync: Triggered by Activity
[2022-03-09 16:30:55.010] [settingssync] [info] Settings: No changes found during synchronizing settings.
[2022-03-09 16:30:55.014] [settingssync] [info] Keybindings: No changes found during synchronizing keybindings.
[2022-03-09 16:30:55.020] [settingssync] [info] Snippets: No changes found during synchronizing snippets.
[2022-03-09 16:30:55.024] [settingssync] [info] Tasks: No changes found during synchronizing tasks.
[2022-03-09 16:30:55.031] [settingssync] [info] GlobalState: No changes found during synchronizing ui state.
[2022-03-09 16:30:55.126] [settingssync] [info] Extensions: No changes found during synchronizing extensions.
[2022-03-09 16:30:55.127] [settingssync] [info] Sync done. Took 161ms
[2022-03-09 16:32:14.197] [settingssync] [info] Auto Sync: Triggered by Activity
[2022-03-09 16:32:14.377] [settingssync] [info] Settings: No changes found during synchronizing settings.
[2022-03-09 16:32:14.381] [settingssync] [info] Keybindings: No changes found during synchronizing keybindings.
[2022-03-09 16:32:14.387] [settingssync] [info] Snippets: No changes found during synchronizing snippets.
[2022-03-09 16:32:14.391] [settingssync] [info] Tasks: No changes found during synchronizing tasks.
[2022-03-09 16:32:14.396] [settingssync] [info] GlobalState: No changes found during synchronizing ui state.
[2022-03-09 16:32:14.491] [settingssync] [info] Extensions: No changes found during synchronizing extensions.
[2022-03-09 16:32:14.493] [settingssync] [info] Sync done. Took 189ms
[2022-03-09 16:32:25.066] [settingssync] [info] Auto Sync: Triggered by Activity
[2022-03-09 16:32:26.190] [settingssync] [info] Settings: Updated remote settings
[2022-03-09 16:32:26.196] [settingssync] [info] Settings: Updated last synchronized settings
[2022-03-09 16:32:26.199] [settingssync] [info] Keybindings: No changes found during synchronizing keybindings.
[2022-03-09 16:32:26.204] [settingssync] [info] Snippets: No changes found during synchronizing snippets.
[2022-03-09 16:32:26.207] [settingssync] [info] Tasks: No changes found during synchronizing tasks.
[2022-03-09 16:32:26.212] [settingssync] [info] GlobalState: No changes found during synchronizing ui state.
[2022-03-09 16:32:26.315] [settingssync] [info] Extensions: No changes found during synchronizing extensions.
[2022-03-09 16:32:26.317] [settingssync] [info] Sync done. Took 1182ms
[2022-03-09 16:32:50.136] [settingssync] [info] Auto Sync: Triggered by Activity
[2022-03-09 16:32:51.924] [settingssync] [info] Settings: Updated remote settings
[2022-03-09 16:32:51.944] [settingssync] [info] Settings: Updated last synchronized settings
[2022-03-09 16:32:51.952] [settingssync] [info] Keybindings: No changes found during synchronizing keybindings.
[2022-03-09 16:32:51.962] [settingssync] [info] Snippets: No changes found during synchronizing snippets.
[2022-03-09 16:32:51.969] [settingssync] [info] Tasks: No changes found during synchronizing tasks.
[2022-03-09 16:32:51.976] [settingssync] [info] GlobalState: No changes found during synchronizing ui state.
[2022-03-09 16:32:52.086] [settingssync] [info] Extensions: No changes found during synchronizing extensions.
[2022-03-09 16:32:52.087] [settingssync] [info] Sync done. Took 1709ms
[2022-03-09 16:33:16.929] [settingssync] [info] Auto Sync: Triggered by Activity
[2022-03-09 16:33:17.112] [settingssync] [info] Settings: No changes found during synchronizing settings.
[2022-03-09 16:33:17.115] [settingssync] [info] Keybindings: No changes found during synchronizing keybindings.
[2022-03-09 16:33:17.121] [settingssync] [info] Snippets: No changes found during synchronizing snippets.
[2022-03-09 16:33:17.125] [settingssync] [info] Tasks: No changes found during synchronizing tasks.
[2022-03-09 16:33:17.131] [settingssync] [info] GlobalState: No changes found during synchronizing ui state.
[2022-03-09 16:33:17.227] [settingssync] [info] Extensions: No changes found during synchronizing extensions.
[2022-03-09 16:33:17.228] [settingssync] [info] Sync done. Took 177ms
[2022-03-09 16:33:36.776] [settingssync] [info] Auto Sync: Triggered by Activity
[2022-03-09 16:33:36.879] [settingssync] [info] Settings: No changes found during synchronizing settings.
[2022-03-09 16:33:36.883] [settingssync] [info] Keybindings: No changes found during synchronizing keybindings.
[2022-03-09 16:33:36.888] [settingssync] [info] Snippets: No changes found during synchronizing snippets.
[2022-03-09 16:33:36.893] [settingssync] [info] Tasks: No changes found during synchronizing tasks.
[2022-03-09 16:33:36.898] [settingssync] [info] GlobalState: No changes found during synchronizing ui state.
[2022-03-09 16:33:36.992] [settingssync] [info] Extensions: No changes found during synchronizing extensions.
[2022-03-09 16:33:36.993] [settingssync] [info] Sync done. Took 178ms
[2022-03-09 16:35:44.647] [settingssync] [info] Auto Sync: Triggered by Activity
[2022-03-09 16:35:45.127] [settingssync] [info] Settings: No changes found during synchronizing settings.
[2022-03-09 16:35:45.130] [settingssync] [info] Keybindings: No changes found during synchronizing keybindings.
[2022-03-09 16:35:45.135] [settingssync] [info] Snippets: No changes found during synchronizing snippets.
[2022-03-09 16:35:45.139] [settingssync] [info] Tasks: No changes found during synchronizing tasks.
[2022-03-09 16:35:45.144] [settingssync] [info] GlobalState: No changes found during synchronizing ui state.
[2022-03-09 16:35:45.246] [settingssync] [info] Extensions: No changes found during synchronizing extensions.
[2022-03-09 16:35:45.247] [settingssync] [info] Sync done. Took 159ms
[2022-03-09 16:35:58.031] [settingssync] [info] Auto Sync: Triggered by Activity
[2022-03-09 16:35:58.111] [settingssync] [info] Settings: No changes found during synchronizing settings.
[2022-03-09 16:35:58.115] [settingssync] [info] Keybindings: No changes found during synchronizing keybindings.
[2022-03-09 16:35:58.128] [settingssync] [info] Snippets: No changes found during synchronizing snippets.
[2022-03-09 16:35:58.172] [settingssync] [info] Tasks: No changes found during synchronizing tasks.
[2022-03-09 16:35:58.217] [settingssync] [info] GlobalState: No changes found during synchronizing ui state.
[2022-03-09 16:36:00.839] [settingssync] [info] Extensions: Updated remote extensions. Updated: ["eamodio.gitlens"].
[2022-03-09 16:36:00.844] [settingssync] [info] Extensions: Updated last synchronized extensions.
[2022-03-09 16:36:00.845] [settingssync] [info] Sync done. Took 2776ms
[2022-03-09 16:41:00.861] [settingssync] [info] Auto Sync: Triggered by Interval
[2022-03-09 16:41:01.154] [settingssync] [info] Settings: No changes found during synchronizing settings.
[2022-03-09 16:41:01.158] [settingssync] [info] Keybindings: No changes found during synchronizing keybindings.
[2022-03-09 16:41:01.163] [settingssync] [info] Snippets: No changes found during synchronizing snippets.
[2022-03-09 16:41:01.167] [settingssync] [info] Tasks: No changes found during synchronizing tasks.
[2022-03-09 16:41:01.172] [settingssync] [info] GlobalState: No changes found during synchronizing ui state.
[2022-03-09 16:41:01.265] [settingssync] [info] Extensions: No changes found during synchronizing extensions.
[2022-03-09 16:41:01.266] [settingssync] [info] Sync done. Took 180ms
[2022-03-09 16:46:01.279] [settingssync] [info] Auto Sync: Triggered by Interval
[2022-03-09 16:46:04.983] [settingssync] [info] Settings: No changes found during synchronizing settings.
[2022-03-09 16:46:04.986] [settingssync] [info] Keybindings: No changes found during synchronizing keybindings.
[2022-03-09 16:46:04.991] [settingssync] [info] Snippets: No changes found during synchronizing snippets.
[2022-03-09 16:46:04.995] [settingssync] [info] Tasks: No changes found during synchronizing tasks.
[2022-03-09 16:46:04.999] [settingssync] [info] GlobalState: No changes found during synchronizing ui state.
[2022-03-09 16:46:05.093] [settingssync] [info] Extensions: No changes found during synchronizing extensions.
[2022-03-09 16:46:05.095] [settingssync] [info] Sync done. Took 174ms
[2022-03-09 16:49:26.694] [settingssync] [info] Auto Sync: Triggered by Activity
[2022-03-09 16:49:26.920] [settingssync] [info] Settings: No changes found during synchronizing settings.
[2022-03-09 16:49:26.923] [settingssync] [info] Keybindings: No changes found during synchronizing keybindings.
[2022-03-09 16:49:26.929] [settingssync] [info] Snippets: No changes found during synchronizing snippets.
[2022-03-09 16:49:26.932] [settingssync] [info] Tasks: No changes found during synchronizing tasks.
[2022-03-09 16:49:26.937] [settingssync] [info] GlobalState: No changes found during synchronizing ui state.
[2022-03-09 16:49:27.041] [settingssync] [info] Extensions: No changes found during synchronizing extensions.
[2022-03-09 16:49:27.042] [settingssync] [info] Sync done. Took 202ms
[2022-03-09 16:50:27.354] [settingssync] [info] Auto Sync: Triggered by Activity
[2022-03-09 16:50:27.548] [settingssync] [info] Settings: No changes found during synchronizing settings.
[2022-03-09 16:50:27.552] [settingssync] [info] Keybindings: No changes found during synchronizing keybindings.
[2022-03-09 16:50:27.556] [settingssync] [info] Snippets: No changes found during synchronizing snippets.
[2022-03-09 16:50:27.560] [settingssync] [info] Tasks: No changes found during synchronizing tasks.
[2022-03-09 16:50:27.565] [settingssync] [info] GlobalState: No changes found during synchronizing ui state.
[2022-03-09 16:50:27.653] [settingssync] [info] Extensions: No changes found during synchronizing extensions.
[2022-03-09 16:50:27.654] [settingssync] [info] Sync done. Took 143ms
[2022-03-09 16:51:40.469] [settingssync] [info] Auto Sync: Triggered by Activity
[2022-03-09 16:51:40.584] [settingssync] [info] Settings: No changes found during synchronizing settings.
[2022-03-09 16:51:40.588] [settingssync] [info] Keybindings: No changes found during synchronizing keybindings.
[2022-03-09 16:51:40.594] [settingssync] [info] Snippets: No changes found during synchronizing snippets.
[2022-03-09 16:51:40.597] [settingssync] [info] Tasks: No changes found during synchronizing tasks.
[2022-03-09 16:51:40.602] [settingssync] [info] GlobalState: No changes found during synchronizing ui state.
[2022-03-09 16:51:40.693] [settingssync] [info] Extensions: No changes found during synchronizing extensions.
[2022-03-09 16:51:40.694] [settingssync] [info] Sync done. Took 180ms
[2022-03-09 16:51:54.089] [settingssync] [info] Auto Sync: Triggered by Activity
[2022-03-09 16:51:54.213] [settingssync] [info] Settings: No changes found during synchronizing settings.
[2022-03-09 16:51:54.217] [settingssync] [info] Keybindings: No changes found during synchronizing keybindings.
[2022-03-09 16:51:54.223] [settingssync] [info] Snippets: No changes found during synchronizing snippets.
[2022-03-09 16:51:54.227] [settingssync] [info] Tasks: No changes found during synchronizing tasks.
[2022-03-09 16:51:54.231] [settingssync] [info] GlobalState: No changes found during synchronizing ui state.
[2022-03-09 16:51:54.318] [settingssync] [info] Extensions: No changes found during synchronizing extensions.
[2022-03-09 16:51:54.319] [settingssync] [info] Sync done. Took 149ms
[2022-03-09 16:53:54.893] [settingssync] [info] Auto Sync: Triggered by Activity
[2022-03-09 16:53:56.810] [settingssync] [info] Settings: No changes found during synchronizing settings.
[2022-03-09 16:53:56.814] [settingssync] [info] Keybindings: No changes found during synchronizing keybindings.
[2022-03-09 16:53:56.819] [settingssync] [info] Snippets: No changes found during synchronizing snippets.
[2022-03-09 16:53:56.823] [settingssync] [info] Tasks: No changes found during synchronizing tasks.
[2022-03-09 16:53:56.827] [settingssync] [info] GlobalState: No changes found during synchronizing ui state.
[2022-03-09 16:53:56.905] [settingssync] [info] Extensions: No changes found during synchronizing extensions.
[2022-03-09 16:53:56.906] [settingssync] [info] Sync done. Took 156ms
[2022-03-09 16:54:15.652] [settingssync] [info] Auto Sync: Triggered by Activity
[2022-03-09 16:54:15.757] [settingssync] [info] Settings: No changes found during synchronizing settings.
[2022-03-09 16:54:15.761] [settingssync] [info] Keybindings: No changes found during synchronizing keybindings.
[2022-03-09 16:54:15.767] [settingssync] [info] Snippets: No changes found during synchronizing snippets.
[2022-03-09 16:54:15.770] [settingssync] [info] Tasks: No changes found during synchronizing tasks.
[2022-03-09 16:54:15.775] [settingssync] [info] GlobalState: No changes found during synchronizing ui state.
[2022-03-09 16:54:15.852] [settingssync] [info] Extensions: No changes found during synchronizing extensions.
[2022-03-09 16:54:15.853] [settingssync] [info] Sync done. Took 125ms
