[2022-03-09 16:54:13.663] [exthost] [info] Extension host with pid 4067536 started
[2022-03-09 16:54:13.663] [exthost] [info] Skipping acquiring lock for /home/eddy/.config/Code/User/workspaceStorage/1ff828ffba90e55f6231f68fb51e1a81.
[2022-03-09 16:54:13.727] [exthost] [info] ExtensionService#_doActivateExtension GrapeCity.gc-excelviewer, startup: false, activationEvent: 'onLanguage:plaintext'
[2022-03-09 16:54:13.729] [exthost] [info] ExtensionService#_doActivateExtension ms-azuretools.vscode-docker, startup: false, activationEvent: 'onLanguage:dockercompose'
[2022-03-09 16:54:13.788] [exthost] [info] ExtensionService#_doActivateExtension redhat.vscode-yaml, startup: false, activationEvent: 'onLanguage:dockercompose'
[2022-03-09 16:54:13.806] [exthost] [info] ExtensionService#_doActivateExtension vscode.microsoft-authentication, startup: false, activationEvent: 'onAuthenticationRequest:microsoft'
[2022-03-09 16:54:13.815] [exthost] [info] ExtensionService#_doActivateExtension vscode.debug-auto-launch, startup: true, activationEvent: '*'
[2022-03-09 16:54:13.817] [exthost] [info] ExtensionService#_doActivateExtension vscode.git-base, startup: true, activationEvent: '*', root cause: vscode.github
[2022-03-09 16:54:13.818] [exthost] [info] ExtensionService#_doActivateExtension vscode.ipynb, startup: true, activationEvent: '*'
[2022-03-09 16:54:13.820] [exthost] [info] ExtensionService#_doActivateExtension alefragnani.project-manager, startup: true, activationEvent: '*'
[2022-03-09 16:54:13.828] [exthost] [info] ExtensionService#_doActivateExtension christian-kohler.path-intellisense, startup: true, activationEvent: '*'
[2022-03-09 16:54:13.835] [exthost] [info] ExtensionService#_doActivateExtension doiken.quick-searcher, startup: true, activationEvent: '*'
[2022-03-09 16:54:13.837] [exthost] [info] ExtensionService#_doActivateExtension donjayamanne.githistory, startup: true, activationEvent: '*'
[2022-03-09 16:54:13.847] [exthost] [info] ExtensionService#_doActivateExtension GitHub.vscode-pull-request-github, startup: true, activationEvent: '*'
[2022-03-09 16:54:13.877] [exthost] [info] ExtensionService#_doActivateExtension ms-vscode.test-adapter-converter, startup: true, activationEvent: '*', root cause: hbenl.vscode-test-explorer
[2022-03-09 16:54:13.879] [exthost] [info] ExtensionService#_doActivateExtension KnisterPeter.vscode-github, startup: true, activationEvent: '*'
[2022-03-09 16:54:13.942] [exthost] [info] ExtensionService#_doActivateExtension mhutchie.git-graph, startup: true, activationEvent: '*'
[2022-03-09 16:54:13.952] [exthost] [info] ExtensionService#_doActivateExtension RobbOwen.synthwave-vscode, startup: true, activationEvent: '*'
[2022-03-09 16:54:13.956] [exthost] [info] ExtensionService#_doActivateExtension vortizhe.simple-ruby-erb, startup: true, activationEvent: '*'
[2022-03-09 16:54:13.956] [exthost] [info] ExtensionService#_doActivateExtension xyz.local-history, startup: true, activationEvent: '*'
[2022-03-09 16:54:13.976] [exthost] [info] ExtensionService#_doActivateExtension yzhang.markdown-all-in-one, startup: true, activationEvent: 'workspaceContains:README.md'
[2022-03-09 16:54:14.164] [exthost] [info] ExtensionService#_doActivateExtension vscode.markdown-math, startup: false, activationEvent: 'api', root cause: yzhang.markdown-all-in-one
[2022-03-09 16:54:14.168] [exthost] [info] ExtensionService#_doActivateExtension vscode.git, startup: false, activationEvent: 'api', root cause: donjayamanne.githistory
[2022-03-09 16:54:14.259] [exthost] [info] ExtensionService#_doActivateExtension vscode.github-authentication, startup: false, activationEvent: 'onAuthenticationRequest:github'
[2022-03-09 16:54:14.270] [exthost] [info] ExtensionService#_doActivateExtension jebbs.plantuml, startup: false, activationEvent: 'api', root cause: yzhang.markdown-all-in-one
[2022-03-09 16:54:14.600] [exthost] [warning] [redhat.vscode-yaml] Accessing a resource scoped configuration without providing a resource is not expected. To get the effective value for '[yaml]', provide the URI of a resource or 'null' for any resource.
[2022-03-09 16:54:14.602] [exthost] [info] ExtensionService#_doActivateExtension vscode.github, startup: true, activationEvent: '*'
[2022-03-09 16:54:14.604] [exthost] [info] ExtensionService#_doActivateExtension hbenl.vscode-test-explorer, startup: true, activationEvent: '*'
[2022-03-09 16:54:14.628] [exthost] [info] Eager extensions activated
[2022-03-09 16:54:14.649] [exthost] [info] ExtensionService#_doActivateExtension vscode.emmet, startup: false, activationEvent: 'onStartupFinished'
[2022-03-09 16:54:14.653] [exthost] [info] ExtensionService#_doActivateExtension vscode.merge-conflict, startup: false, activationEvent: 'onStartupFinished'
[2022-03-09 16:54:14.654] [exthost] [info] ExtensionService#_doActivateExtension dbaeumer.vscode-eslint, startup: false, activationEvent: 'onStartupFinished'
[2022-03-09 16:54:14.659] [exthost] [info] ExtensionService#_doActivateExtension eamodio.gitlens, startup: false, activationEvent: 'onStartupFinished'
[2022-03-09 16:54:14.684] [exthost] [info] ExtensionService#_doActivateExtension ms-vscode-remote.remote-containers, startup: false, activationEvent: 'onStartupFinished'
[2022-03-09 16:54:14.705] [exthost] [info] ExtensionService#_doActivateExtension ms-vscode-remote.remote-wsl, startup: false, activationEvent: 'onStartupFinished'
[2022-03-09 16:54:14.709] [exthost] [info] ExtensionService#_doActivateExtension Trunk.io, startup: false, activationEvent: 'onStartupFinished'
[2022-03-09 16:54:17.199] [exthost] [info] extension host terminating: renderer closed the socket
[2022-03-09 16:54:17.214] [exthost] [error] An error occurred when deactivating the subscriptions for extension 'jebbs.plantuml':
[2022-03-09 16:54:17.215] [exthost] [error] TypeError: Cannot read property 'dispose' of undefined
	at UI.dispose (/home/eddy/.vscode/extensions/jebbs.plantuml-2.17.2/out/src/ui/ui.js:23:21)
	at /home/eddy/.vscode/extensions/jebbs.plantuml-2.17.2/out/src/providers/previewer.js:37:87
	at Array.map (<anonymous>)
	at Previewer.dispose (/home/eddy/.vscode/extensions/jebbs.plantuml-2.17.2/out/src/providers/previewer.js:37:76)
	at g (/usr/share/code/resources/app/out/vs/workbench/api/node/extensionHostProcess.js:8:12307)
	at d._deactivate (/usr/share/code/resources/app/out/vs/workbench/api/node/extensionHostProcess.js:90:11931)
	at /usr/share/code/resources/app/out/vs/workbench/api/node/extensionHostProcess.js:90:10226
	at Array.map (<anonymous>)
	at deactivateAll (/usr/share/code/resources/app/out/vs/workbench/api/node/extensionHostProcess.js:90:10214)
	at _.terminate (/usr/share/code/resources/app/out/vs/workbench/api/node/extensionHostProcess.js:94:880)
	at c (/usr/share/code/resources/app/out/vs/workbench/api/node/extensionHostProcess.js:104:36243)
	at Socket.<anonymous> (/usr/share/code/resources/app/out/vs/workbench/api/node/extensionHostProcess.js:104:33938)
	at Socket.emit (events.js:327:22)
	at Socket.EventEmitter.emit (domain.js:467:12)
	at Pipe.<anonymous> (net.js:673:12)
[2022-03-09 16:54:17.222] [exthost] [warning] {"name":"Canceled"}
[2022-03-09 16:54:17.225] [exthost] [error] Canceled: Canceled
	at Object.F [as canceled] (/usr/share/code/resources/app/out/vs/workbench/api/node/extensionHostProcess.js:5:1172)
	at n._remoteCall (/usr/share/code/resources/app/out/vs/workbench/api/node/extensionHostProcess.js:89:13886)
	at Proxy.y.<computed>.$.charCodeAt.y.<computed> (/usr/share/code/resources/app/out/vs/workbench/api/node/extensionHostProcess.js:89:10294)
	at f._doExecuteCommand (/usr/share/code/resources/app/out/vs/workbench/api/node/extensionHostProcess.js:85:29651)
	at f.executeCommand (/usr/share/code/resources/app/out/vs/workbench/api/node/extensionHostProcess.js:85:29049)
	at Object.executeCommand (/usr/share/code/resources/app/out/vs/workbench/api/node/extensionHostProcess.js:99:31630)
	at clearContext (/home/eddy/.vscode/extensions/trunk.io-0.2.1/out/index.js:44:17976)
	at clearContexts (/home/eddy/.vscode/extensions/trunk.io-0.2.1/out/index.js:44:18141)
	at Object.deactivate (/home/eddy/.vscode/extensions/trunk.io-0.2.1/out/index.js:44:37531)
	at d._deactivate (/usr/share/code/resources/app/out/vs/workbench/api/node/extensionHostProcess.js:90:11702)
	at /usr/share/code/resources/app/out/vs/workbench/api/node/extensionHostProcess.js:90:10226
	at Array.map (<anonymous>)
	at deactivateAll (/usr/share/code/resources/app/out/vs/workbench/api/node/extensionHostProcess.js:90:10214)
	at _.terminate (/usr/share/code/resources/app/out/vs/workbench/api/node/extensionHostProcess.js:94:880)
	at c (/usr/share/code/resources/app/out/vs/workbench/api/node/extensionHostProcess.js:104:36243)
	at Socket.<anonymous> (/usr/share/code/resources/app/out/vs/workbench/api/node/extensionHostProcess.js:104:33938)
	at Socket.emit (events.js:327:22)
	at Socket.EventEmitter.emit (domain.js:467:12)
	at Pipe.<anonymous> (net.js:673:12)
[2022-03-09 16:54:17.232] [exthost] [info] Extension host with pid 4067536 exiting with code 0
