[2022-03-09T08:51:52.843Z] Validating found git in: git
[2022-03-09T08:51:52.884Z] Using git 2.25.1 from git
[2022-03-09T08:51:52.946Z] > git rev-parse --git-dir [20ms]
[2022-03-09T08:51:52.948Z] Open repository: /home/eddy/projects/driveulu/rta
[2022-03-09T08:51:52.993Z] > git symbolic-ref --short HEAD [14ms]
[2022-03-09T08:51:53.020Z] > git for-each-ref --format=%(refname)%00%(upstream:short)%00%(objectname)%00%(upstream:track) refs/heads/police refs/remotes/police [21ms]
[2022-03-09T08:51:53.045Z] > git remote --verbose [13ms]
[2022-03-09T08:51:53.046Z] > git for-each-ref --sort -committerdate --format %(refname) %(objectname) %(*objectname) [20ms]
[2022-03-09T08:51:53.077Z] > git config --get commit.template [22ms]
[2022-03-09T08:51:53.141Z] > git config --local branch.police.github-pr-owner-number [53ms]
[2022-03-09T08:51:53.193Z] > git config --local branch.police.github-pr-owner-number [2ms]
[2022-03-09T08:51:53.375Z] > git ls-files --stage -- /home/eddy/projects/driveulu/rta/config/dev.exs [51ms]
[2022-03-09T08:51:53.390Z] > git cat-file -s 60bcb2b41b7bf9f11d40f377da47290d95270553 [8ms]
[2022-03-09T08:51:56.327Z] > git fetch [3371ms]
[2022-03-09T08:51:56.327Z] From github.com:driveulu/rta
   48ffa8f..6ea8061  main       -> origin/main
   f48b5d7..cd3e2de  monitor    -> origin/monitor
 * [new branch]      rmhb       -> origin/rmhb
[2022-03-09T08:51:56.343Z] > git symbolic-ref --short HEAD [1ms]
[2022-03-09T08:51:56.350Z] > git for-each-ref --format=%(refname)%00%(upstream:short)%00%(objectname)%00%(upstream:track) refs/heads/police refs/remotes/police [1ms]
[2022-03-09T08:51:56.365Z] > git for-each-ref --sort -committerdate --format %(refname) %(objectname) %(*objectname) [7ms]
[2022-03-09T08:51:56.366Z] > git remote --verbose [2ms]
[2022-03-09T08:51:56.375Z] > git config --get commit.template [1ms]
[2022-03-09T08:52:00.083Z] > git ls-files --stage -- /home/eddy/projects/driveulu/rta/docker/docker-compose.yml [19ms]
[2022-03-09T08:52:00.095Z] > git cat-file -s 9c6c5bf434cd6904dbcc40677dcfec83d04372b8 [4ms]
