[2022-03-03 10:39:10.965] [main] [info] update#setState idle
[2022-03-03 10:39:10.999] [main] [info] ExtensionHostStarterWorker created
[2022-03-03 10:39:11.750] [main] [info] Starting extension host with pid 1536462 (fork() took 7 ms).
[2022-03-03 10:39:11.751] [main] [info] ExtensionHostStarterWorker.start() took 9 ms.
[2022-03-03 10:39:40.981] [main] [info] update#setState checking for updates
[2022-03-03 10:39:41.237] [main] [info] update#setState idle
[2022-03-03 11:39:40.996] [main] [info] update#setState checking for updates
[2022-03-03 11:39:44.159] [main] [info] update#setState idle
[2022-03-03 12:39:41.097] [main] [info] update#setState checking for updates
[2022-03-03 12:39:44.300] [main] [info] update#setState idle
[2022-03-03 13:39:41.110] [main] [info] update#setState checking for updates
[2022-03-03 13:39:43.176] [main] [info] update#setState idle
[2022-03-03 14:39:41.118] [main] [info] update#setState checking for updates
[2022-03-03 14:39:41.160] [main] [info] update#setState idle
[2022-03-03 15:39:41.125] [main] [info] update#setState checking for updates
[2022-03-03 15:39:41.195] [main] [info] update#setState idle
[2022-03-03 16:39:41.181] [main] [info] update#setState checking for updates
[2022-03-03 16:39:43.005] [main] [info] update#setState idle
[2022-03-03 17:39:41.281] [main] [info] update#setState checking for updates
[2022-03-03 17:39:43.510] [main] [info] update#setState idle
[2022-03-03 18:39:41.296] [main] [info] update#setState checking for updates
[2022-03-03 18:39:43.248] [main] [info] update#setState idle
[2022-03-03 19:39:41.399] [main] [info] update#setState checking for updates
[2022-03-03 19:39:43.089] [main] [info] update#setState idle
[2022-03-03 20:39:41.502] [main] [info] update#setState checking for updates
[2022-03-03 20:39:43.117] [main] [info] update#setState idle
[2022-03-03 21:39:41.605] [main] [info] update#setState checking for updates
[2022-03-03 21:39:43.464] [main] [info] update#setState idle
[2022-03-03 22:39:41.706] [main] [info] update#setState checking for updates
[2022-03-03 22:39:43.431] [main] [info] update#setState idle
[2022-03-03 23:39:41.795] [main] [info] update#setState checking for updates
[2022-03-03 23:39:44.351] [main] [info] update#setState idle
[2022-03-04 00:39:41.897] [main] [info] update#setState checking for updates
[2022-03-04 00:39:43.799] [main] [info] update#setState idle
[2022-03-04 01:39:41.998] [main] [info] update#setState checking for updates
[2022-03-04 01:39:43.649] [main] [info] update#setState idle
[2022-03-04 02:39:42.078] [main] [info] update#setState checking for updates
[2022-03-04 02:39:44.282] [main] [info] update#setState idle
[2022-03-04 03:39:42.149] [main] [info] update#setState checking for updates
[2022-03-04 03:39:43.927] [main] [info] update#setState available for download
[2022-03-04 08:56:34.759] [main] [info] update#setState idle
[2022-03-04 08:56:50.517] [main] [info] Waiting for extension host with pid 1536462 to exit.
[2022-03-04 08:56:50.855] [main] [info] Extension host with pid 1536462 exited with code: 0, signal: null.
