[2022-03-04T01:39:24.741Z] Validating found git in: git
[2022-03-04T01:39:24.773Z] Using git  from git
[2022-03-04T01:39:24.932Z] > git rev-parse --git-dir [50ms]
[2022-03-04T01:39:24.936Z] Open repository: /home/eddy/projects/driveulu/dga
[2022-03-04T01:39:24.985Z] > git symbolic-ref --short HEAD [20ms]
[2022-03-04T01:39:25.024Z] > git for-each-ref --format=%(refname)%00%(upstream:short)%00%(objectname)%00%(upstream:track) refs/heads/bug-odometer refs/remotes/bug-odometer [34ms]
[2022-03-04T01:39:25.067Z] > git remote --verbose [30ms]
[2022-03-04T01:39:25.067Z] > git for-each-ref --sort -committerdate --format %(refname) %(objectname) %(*objectname) [37ms]
[2022-03-04T01:39:25.112Z] > git config --get commit.template [13ms]
[2022-03-04T01:39:25.161Z] > git config --local branch.bug-odometer.github-pr-owner-number [1ms]
[2022-03-04T01:39:25.284Z] > git config --local branch.bug-odometer.github-pr-owner-number [13ms]
[2022-03-04T01:39:36.509Z] > git fetch [11566ms]
[2022-03-04T01:39:36.544Z] > git symbolic-ref --short HEAD [3ms]
[2022-03-04T01:39:36.555Z] > git for-each-ref --format=%(refname)%00%(upstream:short)%00%(objectname)%00%(upstream:track) refs/heads/bug-odometer refs/remotes/bug-odometer [1ms]
[2022-03-04T01:39:36.570Z] > git for-each-ref --sort -committerdate --format %(refname) %(objectname) %(*objectname) [9ms]
[2022-03-04T01:39:36.571Z] > git remote --verbose [2ms]
[2022-03-04T01:39:36.581Z] > git config --get commit.template [2ms]
[2022-03-04T01:50:37.019Z] > git ls-files --stage -- /home/eddy/projects/driveulu/dga/apps/processing/test/integration/odometer_test.exs [1ms]
[2022-03-04T01:50:37.026Z] > git cat-file -s 5a40798a88ff6cfaf07e44527ef4eb6fe8358a7f [1ms]
[2022-03-04T01:50:45.558Z] > git fetch [8753ms]
[2022-03-04T01:50:45.614Z] > git symbolic-ref --short HEAD [3ms]
[2022-03-04T01:50:45.630Z] > git for-each-ref --format=%(refname)%00%(upstream:short)%00%(objectname)%00%(upstream:track) refs/heads/bug-odometer refs/remotes/bug-odometer [2ms]
[2022-03-04T01:50:45.648Z] > git remote --verbose [1ms]
[2022-03-04T01:50:45.648Z] > git for-each-ref --sort -committerdate --format %(refname) %(objectname) %(*objectname) [8ms]
[2022-03-04T01:50:45.665Z] > git config --get commit.template [1ms]
[2022-03-04T02:03:27.890Z] > git fetch [9197ms]
[2022-03-04T02:03:27.939Z] > git symbolic-ref --short HEAD [4ms]
[2022-03-04T02:03:27.968Z] > git for-each-ref --format=%(refname)%00%(upstream:short)%00%(objectname)%00%(upstream:track) refs/heads/bug-odometer refs/remotes/bug-odometer [4ms]
[2022-03-04T02:03:27.985Z] > git for-each-ref --sort -committerdate --format %(refname) %(objectname) %(*objectname) [7ms]
[2022-03-04T02:03:27.986Z] > git remote --verbose [2ms]
[2022-03-04T02:03:27.995Z] > git config --get commit.template [1ms]
[2022-03-04T02:10:24.630Z] > git ls-files --stage -- /home/eddy/projects/driveulu/dga/apps/processing/lib/processing/helpers/odometer.ex [10ms]
[2022-03-04T02:10:24.641Z] > git cat-file -s 8dc06d1939745b7d361525c9e7ee8138b25c7b44 [3ms]
[2022-03-04T02:10:33.099Z] > git fetch [8816ms]
[2022-03-04T02:10:33.141Z] > git symbolic-ref --short HEAD [2ms]
[2022-03-04T02:10:33.150Z] > git for-each-ref --format=%(refname)%00%(upstream:short)%00%(objectname)%00%(upstream:track) refs/heads/bug-odometer refs/remotes/bug-odometer [2ms]
[2022-03-04T02:10:33.163Z] > git for-each-ref --sort -committerdate --format %(refname) %(objectname) %(*objectname) [6ms]
[2022-03-04T02:10:33.164Z] > git remote --verbose [2ms]
[2022-03-04T02:10:33.173Z] > git config --get commit.template [1ms]
[2022-03-04T02:10:48.311Z] > git symbolic-ref --short HEAD [1ms]
[2022-03-04T02:10:48.317Z] > git for-each-ref --format=%(refname)%00%(upstream:short)%00%(objectname)%00%(upstream:track) refs/heads/bug-odometer refs/remotes/bug-odometer [1ms]
[2022-03-04T02:10:48.327Z] > git for-each-ref --sort -committerdate --format %(refname) %(objectname) %(*objectname) [5ms]
[2022-03-04T02:10:48.329Z] > git remote --verbose [3ms]
[2022-03-04T02:10:48.336Z] > git config --get commit.template [1ms]
[2022-03-04T02:10:53.386Z] > git symbolic-ref --short HEAD [3ms]
[2022-03-04T02:10:53.401Z] > git for-each-ref --format=%(refname)%00%(upstream:short)%00%(objectname)%00%(upstream:track) refs/heads/bug-odometer refs/remotes/bug-odometer [2ms]
[2022-03-04T02:10:53.420Z] > git for-each-ref --sort -committerdate --format %(refname) %(objectname) %(*objectname) [8ms]
[2022-03-04T02:10:53.423Z] > git remote --verbose [4ms]
[2022-03-04T02:10:53.435Z] > git config --get commit.template [2ms]
[2022-03-04T02:10:58.453Z] > git symbolic-ref --short HEAD [1ms]
[2022-03-04T02:10:58.459Z] > git for-each-ref --format=%(refname)%00%(upstream:short)%00%(objectname)%00%(upstream:track) refs/heads/bug-odometer refs/remotes/bug-odometer [1ms]
[2022-03-04T02:10:58.468Z] > git for-each-ref --sort -committerdate --format %(refname) %(objectname) %(*objectname) [5ms]
[2022-03-04T02:10:58.469Z] > git remote --verbose [2ms]
[2022-03-04T02:10:58.475Z] > git config --get commit.template [1ms]
[2022-03-04T02:11:07.708Z] > git ls-files --stage -- /home/eddy/projects/driveulu/dga/apps/processing/lib/processing/processors/custom_scores.ex [1ms]
[2022-03-04T02:11:07.714Z] > git cat-file -s 935fea8672c53cd3cb0e7ac54a7b5bbce1f96c6a [1ms]
[2022-03-04T02:11:44.646Z] > git ls-files --stage -- /home/eddy/projects/driveulu/dga/apps/processing/lib/processing/helpers/odometer.ex [1ms]
[2022-03-04T02:11:44.654Z] > git cat-file -s 8dc06d1939745b7d361525c9e7ee8138b25c7b44 [1ms]
[2022-03-04T02:12:00.647Z] > git symbolic-ref --short HEAD [1ms]
[2022-03-04T02:12:00.659Z] > git for-each-ref --format=%(refname)%00%(upstream:short)%00%(objectname)%00%(upstream:track) refs/heads/bug-odometer refs/remotes/bug-odometer [1ms]
[2022-03-04T02:12:00.677Z] > git for-each-ref --sort -committerdate --format %(refname) %(objectname) %(*objectname) [8ms]
[2022-03-04T02:12:00.679Z] > git remote --verbose [2ms]
[2022-03-04T02:12:00.688Z] > git config --get commit.template [1ms]
[2022-03-04T02:12:05.711Z] > git symbolic-ref --short HEAD [1ms]
[2022-03-04T02:12:05.717Z] > git for-each-ref --format=%(refname)%00%(upstream:short)%00%(objectname)%00%(upstream:track) refs/heads/bug-odometer refs/remotes/bug-odometer [1ms]
[2022-03-04T02:12:05.729Z] > git for-each-ref --sort -committerdate --format %(refname) %(objectname) %(*objectname) [6ms]
[2022-03-04T02:12:05.731Z] > git remote --verbose [2ms]
[2022-03-04T02:12:05.740Z] > git config --get commit.template [0ms]
[2022-03-04T02:12:06.058Z] > git ls-files --stage -- /home/eddy/projects/driveulu/dga/apps/processing/lib/processing/helpers/odometer copy.ex [1ms]
[2022-03-04T02:12:10.756Z] > git symbolic-ref --short HEAD [1ms]
[2022-03-04T02:12:10.762Z] > git for-each-ref --format=%(refname)%00%(upstream:short)%00%(objectname)%00%(upstream:track) refs/heads/bug-odometer refs/remotes/bug-odometer [1ms]
[2022-03-04T02:12:10.771Z] > git for-each-ref --sort -committerdate --format %(refname) %(objectname) %(*objectname) [5ms]
[2022-03-04T02:12:10.773Z] > git remote --verbose [3ms]
[2022-03-04T02:12:10.780Z] > git config --get commit.template [1ms]
[2022-03-04T02:12:20.496Z] > git ls-files --stage -- /home/eddy/projects/driveulu/dga/apps/processing/lib/processing/helpers/odometer corrector.ex [1ms]
[2022-03-04T02:12:21.997Z] > git symbolic-ref --short HEAD [1ms]
[2022-03-04T02:12:22.005Z] > git for-each-ref --format=%(refname)%00%(upstream:short)%00%(objectname)%00%(upstream:track) refs/heads/bug-odometer refs/remotes/bug-odometer [1ms]
[2022-03-04T02:12:22.016Z] > git for-each-ref --sort -committerdate --format %(refname) %(objectname) %(*objectname) [5ms]
[2022-03-04T02:12:22.018Z] > git remote --verbose [3ms]
[2022-03-04T02:12:22.026Z] > git config --get commit.template [1ms]
[2022-03-04T02:12:28.745Z] > git symbolic-ref --short HEAD [1ms]
[2022-03-04T02:12:28.752Z] > git for-each-ref --format=%(refname)%00%(upstream:short)%00%(objectname)%00%(upstream:track) refs/heads/bug-odometer refs/remotes/bug-odometer [1ms]
[2022-03-04T02:12:28.763Z] > git for-each-ref --sort -committerdate --format %(refname) %(objectname) %(*objectname) [5ms]
[2022-03-04T02:12:28.764Z] > git remote --verbose [2ms]
[2022-03-04T02:12:28.773Z] > git config --get commit.template [1ms]
[2022-03-04T02:12:33.824Z] > git symbolic-ref --short HEAD [4ms]
[2022-03-04T02:12:33.845Z] > git for-each-ref --format=%(refname)%00%(upstream:short)%00%(objectname)%00%(upstream:track) refs/heads/bug-odometer refs/remotes/bug-odometer [4ms]
[2022-03-04T02:12:33.882Z] > git for-each-ref --sort -committerdate --format %(refname) %(objectname) %(*objectname) [19ms]
[2022-03-04T02:12:33.885Z] > git remote --verbose [5ms]
[2022-03-04T02:12:33.905Z] > git config --get commit.template [2ms]
[2022-03-04T02:12:38.960Z] > git symbolic-ref --short HEAD [3ms]
[2022-03-04T02:12:38.969Z] > git for-each-ref --format=%(refname)%00%(upstream:short)%00%(objectname)%00%(upstream:track) refs/heads/bug-odometer refs/remotes/bug-odometer [2ms]
[2022-03-04T02:12:38.981Z] > git for-each-ref --sort -committerdate --format %(refname) %(objectname) %(*objectname) [6ms]
[2022-03-04T02:12:38.982Z] > git remote --verbose [1ms]
[2022-03-04T02:12:38.992Z] > git config --get commit.template [2ms]
[2022-03-04T02:12:44.015Z] > git symbolic-ref --short HEAD [1ms]
[2022-03-04T02:12:44.026Z] > git for-each-ref --format=%(refname)%00%(upstream:short)%00%(objectname)%00%(upstream:track) refs/heads/bug-odometer refs/remotes/bug-odometer [1ms]
[2022-03-04T02:12:44.044Z] > git remote --verbose [1ms]
[2022-03-04T02:12:44.045Z] > git for-each-ref --sort -committerdate --format %(refname) %(objectname) %(*objectname) [11ms]
[2022-03-04T02:12:44.056Z] > git config --get commit.template [2ms]
[2022-03-04T02:12:58.008Z] > git symbolic-ref --short HEAD [4ms]
[2022-03-04T02:12:58.032Z] > git for-each-ref --format=%(refname)%00%(upstream:short)%00%(objectname)%00%(upstream:track) refs/heads/bug-odometer refs/remotes/bug-odometer [5ms]
[2022-03-04T02:12:58.071Z] > git for-each-ref --sort -committerdate --format %(refname) %(objectname) %(*objectname) [19ms]
[2022-03-04T02:12:58.074Z] > git remote --verbose [5ms]
[2022-03-04T02:12:58.092Z] > git config --get commit.template [1ms]
[2022-03-04T02:13:01.682Z] > git ls-files --stage -- /home/eddy/projects/driveulu/dga/apps/processing/lib/processing/helpers/odometer.ex [1ms]
[2022-03-04T02:13:01.690Z] > git cat-file -s 8dc06d1939745b7d361525c9e7ee8138b25c7b44 [1ms]
[2022-03-04T02:13:03.132Z] > git symbolic-ref --short HEAD [2ms]
[2022-03-04T02:13:03.148Z] > git for-each-ref --format=%(refname)%00%(upstream:short)%00%(objectname)%00%(upstream:track) refs/heads/bug-odometer refs/remotes/bug-odometer [3ms]
[2022-03-04T02:13:03.179Z] > git remote --verbose [6ms]
[2022-03-04T02:13:03.179Z] > git for-each-ref --sort -committerdate --format %(refname) %(objectname) %(*objectname) [18ms]
[2022-03-04T02:13:03.197Z] > git config --get commit.template [2ms]
[2022-03-04T02:13:04.858Z] > git ls-files --stage -- /home/eddy/projects/driveulu/dga/apps/processing/lib/processing/helpers/odometer corrector.ex [1ms]
[2022-03-04T02:13:09.924Z] > git symbolic-ref --short HEAD [1ms]
[2022-03-04T02:13:09.931Z] > git for-each-ref --format=%(refname)%00%(upstream:short)%00%(objectname)%00%(upstream:track) refs/heads/bug-odometer refs/remotes/bug-odometer [1ms]
[2022-03-04T02:13:09.942Z] > git for-each-ref --sort -committerdate --format %(refname) %(objectname) %(*objectname) [6ms]
[2022-03-04T02:13:09.942Z] > git remote --verbose [1ms]
[2022-03-04T02:13:09.951Z] > git config --get commit.template [1ms]
[2022-03-04T02:13:14.967Z] > git symbolic-ref --short HEAD [1ms]
[2022-03-04T02:13:14.974Z] > git for-each-ref --format=%(refname)%00%(upstream:short)%00%(objectname)%00%(upstream:track) refs/heads/bug-odometer refs/remotes/bug-odometer [1ms]
[2022-03-04T02:13:14.986Z] > git for-each-ref --sort -committerdate --format %(refname) %(objectname) %(*objectname) [6ms]
[2022-03-04T02:13:14.987Z] > git remote --verbose [1ms]
[2022-03-04T02:13:14.994Z] > git config --get commit.template [0ms]
[2022-03-04T02:13:20.045Z] > git symbolic-ref --short HEAD [4ms]
[2022-03-04T02:13:20.066Z] > git for-each-ref --format=%(refname)%00%(upstream:short)%00%(objectname)%00%(upstream:track) refs/heads/bug-odometer refs/remotes/bug-odometer [5ms]
[2022-03-04T02:13:20.098Z] > git for-each-ref --sort -committerdate --format %(refname) %(objectname) %(*objectname) [16ms]
[2022-03-04T02:13:20.104Z] > git remote --verbose [8ms]
[2022-03-04T02:13:20.122Z] > git config --get commit.template [2ms]
[2022-03-04T02:13:42.183Z] > git fetch [8991ms]
[2022-03-04T02:13:42.201Z] > git symbolic-ref --short HEAD [1ms]
[2022-03-04T02:13:42.207Z] > git for-each-ref --format=%(refname)%00%(upstream:short)%00%(objectname)%00%(upstream:track) refs/heads/bug-odometer refs/remotes/bug-odometer [1ms]
[2022-03-04T02:13:42.217Z] > git for-each-ref --sort -committerdate --format %(refname) %(objectname) %(*objectname) [5ms]
[2022-03-04T02:13:42.217Z] > git remote --verbose [1ms]
[2022-03-04T02:13:42.225Z] > git config --get commit.template [1ms]
[2022-03-04T02:13:43.585Z] > git symbolic-ref --short HEAD [1ms]
[2022-03-04T02:13:43.590Z] > git for-each-ref --format=%(refname)%00%(upstream:short)%00%(objectname)%00%(upstream:track) refs/heads/bug-odometer refs/remotes/bug-odometer [1ms]
[2022-03-04T02:13:43.598Z] > git for-each-ref --sort -committerdate --format %(refname) %(objectname) %(*objectname) [5ms]
[2022-03-04T02:13:43.599Z] > git remote --verbose [2ms]
[2022-03-04T02:13:43.605Z] > git config --get commit.template [1ms]
[2022-03-04T02:13:55.380Z] > git symbolic-ref --short HEAD [1ms]
[2022-03-04T02:13:55.386Z] > git for-each-ref --format=%(refname)%00%(upstream:short)%00%(objectname)%00%(upstream:track) refs/heads/bug-odometer refs/remotes/bug-odometer [1ms]
[2022-03-04T02:13:55.397Z] > git for-each-ref --sort -committerdate --format %(refname) %(objectname) %(*objectname) [5ms]
[2022-03-04T02:13:55.398Z] > git remote --verbose [1ms]
[2022-03-04T02:13:55.405Z] > git config --get commit.template [0ms]
[2022-03-04T02:14:00.420Z] > git symbolic-ref --short HEAD [1ms]
[2022-03-04T02:14:00.425Z] > git for-each-ref --format=%(refname)%00%(upstream:short)%00%(objectname)%00%(upstream:track) refs/heads/bug-odometer refs/remotes/bug-odometer [1ms]
[2022-03-04T02:14:00.433Z] > git for-each-ref --sort -committerdate --format %(refname) %(objectname) %(*objectname) [4ms]
[2022-03-04T02:14:00.434Z] > git remote --verbose [1ms]
[2022-03-04T02:14:00.441Z] > git config --get commit.template [1ms]
[2022-03-04T02:14:12.076Z] > git symbolic-ref --short HEAD [1ms]
[2022-03-04T02:14:12.083Z] > git for-each-ref --format=%(refname)%00%(upstream:short)%00%(objectname)%00%(upstream:track) refs/heads/bug-odometer refs/remotes/bug-odometer [2ms]
[2022-03-04T02:14:12.094Z] > git for-each-ref --sort -committerdate --format %(refname) %(objectname) %(*objectname) [6ms]
[2022-03-04T02:14:12.094Z] > git remote --verbose [1ms]
[2022-03-04T02:14:12.102Z] > git config --get commit.template [0ms]
[2022-03-04T02:14:17.120Z] > git symbolic-ref --short HEAD [1ms]
[2022-03-04T02:14:17.127Z] > git for-each-ref --format=%(refname)%00%(upstream:short)%00%(objectname)%00%(upstream:track) refs/heads/bug-odometer refs/remotes/bug-odometer [1ms]
[2022-03-04T02:14:17.137Z] > git for-each-ref --sort -committerdate --format %(refname) %(objectname) %(*objectname) [5ms]
[2022-03-04T02:14:17.139Z] > git remote --verbose [2ms]
[2022-03-04T02:14:17.146Z] > git config --get commit.template [1ms]
[2022-03-04T02:14:22.193Z] > git symbolic-ref --short HEAD [3ms]
[2022-03-04T02:14:22.211Z] > git for-each-ref --format=%(refname)%00%(upstream:short)%00%(objectname)%00%(upstream:track) refs/heads/bug-odometer refs/remotes/bug-odometer [3ms]
[2022-03-04T02:14:22.235Z] > git for-each-ref --sort -committerdate --format %(refname) %(objectname) %(*objectname) [12ms]
[2022-03-04T02:14:22.237Z] > git remote --verbose [4ms]
[2022-03-04T02:14:22.253Z] > git config --get commit.template [2ms]
[2022-03-04T02:14:27.270Z] > git symbolic-ref --short HEAD [1ms]
[2022-03-04T02:14:27.278Z] > git for-each-ref --format=%(refname)%00%(upstream:short)%00%(objectname)%00%(upstream:track) refs/heads/bug-odometer refs/remotes/bug-odometer [1ms]
[2022-03-04T02:14:27.290Z] > git for-each-ref --sort -committerdate --format %(refname) %(objectname) %(*objectname) [6ms]
[2022-03-04T02:14:27.292Z] > git remote --verbose [2ms]
[2022-03-04T02:14:27.300Z] > git config --get commit.template [1ms]
[2022-03-04T02:14:32.316Z] > git symbolic-ref --short HEAD [1ms]
[2022-03-04T02:14:32.321Z] > git for-each-ref --format=%(refname)%00%(upstream:short)%00%(objectname)%00%(upstream:track) refs/heads/bug-odometer refs/remotes/bug-odometer [1ms]
[2022-03-04T02:14:32.330Z] > git for-each-ref --sort -committerdate --format %(refname) %(objectname) %(*objectname) [4ms]
[2022-03-04T02:14:32.331Z] > git remote --verbose [1ms]
[2022-03-04T02:14:32.337Z] > git config --get commit.template [1ms]
[2022-03-04T02:14:37.361Z] > git symbolic-ref --short HEAD [1ms]
[2022-03-04T02:14:37.366Z] > git for-each-ref --format=%(refname)%00%(upstream:short)%00%(objectname)%00%(upstream:track) refs/heads/bug-odometer refs/remotes/bug-odometer [1ms]
[2022-03-04T02:14:37.374Z] > git for-each-ref --sort -committerdate --format %(refname) %(objectname) %(*objectname) [4ms]
[2022-03-04T02:14:37.375Z] > git remote --verbose [2ms]
[2022-03-04T02:14:37.381Z] > git config --get commit.template [1ms]
[2022-03-04T02:14:39.652Z] > git ls-files --stage -- /home/eddy/projects/driveulu/dga/apps/processing/test/integration/odometer_test.exs [1ms]
[2022-03-04T02:14:39.658Z] > git cat-file -s 5a40798a88ff6cfaf07e44527ef4eb6fe8358a7f [1ms]
[2022-03-04T02:14:42.429Z] > git symbolic-ref --short HEAD [4ms]
[2022-03-04T02:14:42.449Z] > git for-each-ref --format=%(refname)%00%(upstream:short)%00%(objectname)%00%(upstream:track) refs/heads/bug-odometer refs/remotes/bug-odometer [6ms]
[2022-03-04T02:14:42.481Z] > git for-each-ref --sort -committerdate --format %(refname) %(objectname) %(*objectname) [16ms]
[2022-03-04T02:14:42.487Z] > git remote --verbose [8ms]
[2022-03-04T02:14:42.506Z] > git config --get commit.template [1ms]
[2022-03-04T02:14:50.153Z] > git ls-files --stage -- /home/eddy/projects/driveulu/dga/apps/processing/lib/processing/helpers/odometer corrector.ex [2ms]
[2022-03-04T02:14:54.637Z] > git symbolic-ref --short HEAD [1ms]
[2022-03-04T02:14:54.644Z] > git for-each-ref --format=%(refname)%00%(upstream:short)%00%(objectname)%00%(upstream:track) refs/heads/bug-odometer refs/remotes/bug-odometer [1ms]
[2022-03-04T02:14:54.654Z] > git for-each-ref --sort -committerdate --format %(refname) %(objectname) %(*objectname) [5ms]
[2022-03-04T02:14:54.655Z] > git remote --verbose [1ms]
[2022-03-04T02:14:54.662Z] > git config --get commit.template [1ms]
[2022-03-04T02:14:59.683Z] > git symbolic-ref --short HEAD [1ms]
[2022-03-04T02:14:59.692Z] > git for-each-ref --format=%(refname)%00%(upstream:short)%00%(objectname)%00%(upstream:track) refs/heads/bug-odometer refs/remotes/bug-odometer [2ms]
[2022-03-04T02:14:59.707Z] > git for-each-ref --sort -committerdate --format %(refname) %(objectname) %(*objectname) [7ms]
[2022-03-04T02:14:59.710Z] > git remote --verbose [3ms]
[2022-03-04T02:14:59.719Z] > git config --get commit.template [1ms]
[2022-03-04T02:15:04.736Z] > git symbolic-ref --short HEAD [1ms]
[2022-03-04T02:15:04.743Z] > git for-each-ref --format=%(refname)%00%(upstream:short)%00%(objectname)%00%(upstream:track) refs/heads/bug-odometer refs/remotes/bug-odometer [1ms]
[2022-03-04T02:15:04.753Z] > git for-each-ref --sort -committerdate --format %(refname) %(objectname) %(*objectname) [5ms]
[2022-03-04T02:15:04.753Z] > git remote --verbose [1ms]
[2022-03-04T02:15:04.763Z] > git config --get commit.template [2ms]
[2022-03-04T02:15:09.781Z] > git symbolic-ref --short HEAD [0ms]
[2022-03-04T02:15:09.788Z] > git for-each-ref --format=%(refname)%00%(upstream:short)%00%(objectname)%00%(upstream:track) refs/heads/bug-odometer refs/remotes/bug-odometer [1ms]
[2022-03-04T02:15:09.802Z] > git for-each-ref --sort -committerdate --format %(refname) %(objectname) %(*objectname) [7ms]
[2022-03-04T02:15:09.802Z] > git remote --verbose [1ms]
[2022-03-04T02:15:09.812Z] > git config --get commit.template [2ms]
[2022-03-04T02:15:14.831Z] > git symbolic-ref --short HEAD [1ms]
[2022-03-04T02:15:14.838Z] > git for-each-ref --format=%(refname)%00%(upstream:short)%00%(objectname)%00%(upstream:track) refs/heads/bug-odometer refs/remotes/bug-odometer [1ms]
[2022-03-04T02:15:14.849Z] > git for-each-ref --sort -committerdate --format %(refname) %(objectname) %(*objectname) [6ms]
[2022-03-04T02:15:14.850Z] > git remote --verbose [2ms]
[2022-03-04T02:15:14.857Z] > git config --get commit.template [1ms]
[2022-03-04T02:15:24.475Z] > git symbolic-ref --short HEAD [1ms]
[2022-03-04T02:15:24.481Z] > git for-each-ref --format=%(refname)%00%(upstream:short)%00%(objectname)%00%(upstream:track) refs/heads/bug-odometer refs/remotes/bug-odometer [1ms]
[2022-03-04T02:15:24.491Z] > git for-each-ref --sort -committerdate --format %(refname) %(objectname) %(*objectname) [5ms]
[2022-03-04T02:15:24.492Z] > git remote --verbose [2ms]
[2022-03-04T02:15:24.499Z] > git config --get commit.template [1ms]
[2022-03-04T02:15:29.517Z] > git symbolic-ref --short HEAD [1ms]
[2022-03-04T02:15:29.523Z] > git for-each-ref --format=%(refname)%00%(upstream:short)%00%(objectname)%00%(upstream:track) refs/heads/bug-odometer refs/remotes/bug-odometer [1ms]
[2022-03-04T02:15:29.533Z] > git for-each-ref --sort -committerdate --format %(refname) %(objectname) %(*objectname) [6ms]
[2022-03-04T02:15:29.535Z] > git remote --verbose [2ms]
[2022-03-04T02:15:29.544Z] > git config --get commit.template [2ms]
[2022-03-04T02:15:34.599Z] > git symbolic-ref --short HEAD [3ms]
[2022-03-04T02:15:34.615Z] > git for-each-ref --format=%(refname)%00%(upstream:short)%00%(objectname)%00%(upstream:track) refs/heads/bug-odometer refs/remotes/bug-odometer [2ms]
[2022-03-04T02:15:34.631Z] > git for-each-ref --sort -committerdate --format %(refname) %(objectname) %(*objectname) [7ms]
[2022-03-04T02:15:34.633Z] > git remote --verbose [2ms]
[2022-03-04T02:15:34.642Z] > git config --get commit.template [1ms]
[2022-03-04T02:15:39.693Z] > git symbolic-ref --short HEAD [4ms]
[2022-03-04T02:15:39.716Z] > git for-each-ref --format=%(refname)%00%(upstream:short)%00%(objectname)%00%(upstream:track) refs/heads/bug-odometer refs/remotes/bug-odometer [5ms]
[2022-03-04T02:15:39.739Z] > git for-each-ref --sort -committerdate --format %(refname) %(objectname) %(*objectname) [10ms]
[2022-03-04T02:15:39.742Z] > git remote --verbose [4ms]
[2022-03-04T02:15:39.753Z] > git config --get commit.template [1ms]
[2022-03-04T02:15:44.775Z] > git symbolic-ref --short HEAD [1ms]
[2022-03-04T02:15:44.784Z] > git for-each-ref --format=%(refname)%00%(upstream:short)%00%(objectname)%00%(upstream:track) refs/heads/bug-odometer refs/remotes/bug-odometer [1ms]
[2022-03-04T02:15:44.804Z] > git for-each-ref --sort -committerdate --format %(refname) %(objectname) %(*objectname) [11ms]
[2022-03-04T02:15:44.806Z] > git remote --verbose [3ms]
[2022-03-04T02:15:44.817Z] > git config --get commit.template [0ms]
[2022-03-04T02:15:49.844Z] > git symbolic-ref --short HEAD [1ms]
[2022-03-04T02:15:49.853Z] > git for-each-ref --format=%(refname)%00%(upstream:short)%00%(objectname)%00%(upstream:track) refs/heads/bug-odometer refs/remotes/bug-odometer [1ms]
[2022-03-04T02:15:49.869Z] > git for-each-ref --sort -committerdate --format %(refname) %(objectname) %(*objectname) [9ms]
[2022-03-04T02:15:49.870Z] > git remote --verbose [2ms]
[2022-03-04T02:15:49.880Z] > git config --get commit.template [1ms]
[2022-03-04T02:15:54.898Z] > git symbolic-ref --short HEAD [1ms]
[2022-03-04T02:15:54.905Z] > git for-each-ref --format=%(refname)%00%(upstream:short)%00%(objectname)%00%(upstream:track) refs/heads/bug-odometer refs/remotes/bug-odometer [1ms]
[2022-03-04T02:15:54.917Z] > git for-each-ref --sort -committerdate --format %(refname) %(objectname) %(*objectname) [6ms]
[2022-03-04T02:15:54.917Z] > git remote --verbose [1ms]
[2022-03-04T02:15:54.925Z] > git config --get commit.template [1ms]
[2022-03-04T02:15:59.944Z] > git symbolic-ref --short HEAD [1ms]
[2022-03-04T02:15:59.953Z] > git for-each-ref --format=%(refname)%00%(upstream:short)%00%(objectname)%00%(upstream:track) refs/heads/bug-odometer refs/remotes/bug-odometer [1ms]
[2022-03-04T02:15:59.969Z] > git for-each-ref --sort -committerdate --format %(refname) %(objectname) %(*objectname) [8ms]
[2022-03-04T02:15:59.970Z] > git remote --verbose [2ms]
[2022-03-04T02:15:59.980Z] > git config --get commit.template [1ms]
[2022-03-04T02:16:05.033Z] > git symbolic-ref --short HEAD [4ms]
[2022-03-04T02:16:05.054Z] > git for-each-ref --format=%(refname)%00%(upstream:short)%00%(objectname)%00%(upstream:track) refs/heads/bug-odometer refs/remotes/bug-odometer [4ms]
[2022-03-04T02:16:05.077Z] > git for-each-ref --sort -committerdate --format %(refname) %(objectname) %(*objectname) [11ms]
[2022-03-04T02:16:05.078Z] > git remote --verbose [2ms]
[2022-03-04T02:16:05.089Z] > git config --get commit.template [1ms]
[2022-03-04T02:16:10.576Z] > git symbolic-ref --short HEAD [1ms]
[2022-03-04T02:16:10.582Z] > git for-each-ref --format=%(refname)%00%(upstream:short)%00%(objectname)%00%(upstream:track) refs/heads/bug-odometer refs/remotes/bug-odometer [1ms]
[2022-03-04T02:16:10.596Z] > git for-each-ref --sort -committerdate --format %(refname) %(objectname) %(*objectname) [7ms]
[2022-03-04T02:16:10.597Z] > git remote --verbose [2ms]
[2022-03-04T02:16:10.605Z] > git config --get commit.template [1ms]
[2022-03-04T02:16:15.621Z] > git symbolic-ref --short HEAD [1ms]
[2022-03-04T02:16:15.627Z] > git for-each-ref --format=%(refname)%00%(upstream:short)%00%(objectname)%00%(upstream:track) refs/heads/bug-odometer refs/remotes/bug-odometer [1ms]
[2022-03-04T02:16:15.637Z] > git for-each-ref --sort -committerdate --format %(refname) %(objectname) %(*objectname) [5ms]
[2022-03-04T02:16:15.638Z] > git remote --verbose [1ms]
[2022-03-04T02:16:15.645Z] > git config --get commit.template [1ms]
[2022-03-04T02:16:20.669Z] > git symbolic-ref --short HEAD [1ms]
[2022-03-04T02:16:20.674Z] > git for-each-ref --format=%(refname)%00%(upstream:short)%00%(objectname)%00%(upstream:track) refs/heads/bug-odometer refs/remotes/bug-odometer [1ms]
[2022-03-04T02:16:20.685Z] > git for-each-ref --sort -committerdate --format %(refname) %(objectname) %(*objectname) [6ms]
[2022-03-04T02:16:20.685Z] > git remote --verbose [1ms]
[2022-03-04T02:16:20.692Z] > git config --get commit.template [1ms]
[2022-03-04T02:16:25.742Z] > git symbolic-ref --short HEAD [3ms]
[2022-03-04T02:16:25.762Z] > git for-each-ref --format=%(refname)%00%(upstream:short)%00%(objectname)%00%(upstream:track) refs/heads/bug-odometer refs/remotes/bug-odometer [3ms]
[2022-03-04T02:16:25.779Z] > git for-each-ref --sort -committerdate --format %(refname) %(objectname) %(*objectname) [7ms]
[2022-03-04T02:16:25.781Z] > git remote --verbose [3ms]
[2022-03-04T02:16:25.791Z] > git config --get commit.template [2ms]
[2022-03-04T02:16:30.805Z] > git symbolic-ref --short HEAD [1ms]
[2022-03-04T02:16:30.810Z] > git for-each-ref --format=%(refname)%00%(upstream:short)%00%(objectname)%00%(upstream:track) refs/heads/bug-odometer refs/remotes/bug-odometer [1ms]
[2022-03-04T02:16:30.818Z] > git for-each-ref --sort -committerdate --format %(refname) %(objectname) %(*objectname) [4ms]
[2022-03-04T02:16:30.818Z] > git remote --verbose [1ms]
[2022-03-04T02:16:30.824Z] > git config --get commit.template [0ms]
[2022-03-04T02:16:35.875Z] > git symbolic-ref --short HEAD [3ms]
[2022-03-04T02:16:35.901Z] > git for-each-ref --format=%(refname)%00%(upstream:short)%00%(objectname)%00%(upstream:track) refs/heads/bug-odometer refs/remotes/bug-odometer [4ms]
[2022-03-04T02:16:35.925Z] > git for-each-ref --sort -committerdate --format %(refname) %(objectname) %(*objectname) [11ms]
[2022-03-04T02:16:35.926Z] > git remote --verbose [2ms]
[2022-03-04T02:16:35.939Z] > git config --get commit.template [1ms]
[2022-03-04T02:16:40.955Z] > git symbolic-ref --short HEAD [1ms]
[2022-03-04T02:16:40.962Z] > git for-each-ref --format=%(refname)%00%(upstream:short)%00%(objectname)%00%(upstream:track) refs/heads/bug-odometer refs/remotes/bug-odometer [1ms]
[2022-03-04T02:16:40.973Z] > git for-each-ref --sort -committerdate --format %(refname) %(objectname) %(*objectname) [6ms]
[2022-03-04T02:16:40.974Z] > git remote --verbose [2ms]
[2022-03-04T02:16:40.981Z] > git config --get commit.template [0ms]
[2022-03-04T02:16:50.739Z] > git fetch [8509ms]
[2022-03-04T02:16:50.792Z] > git symbolic-ref --short HEAD [3ms]
[2022-03-04T02:16:50.809Z] > git for-each-ref --format=%(refname)%00%(upstream:short)%00%(objectname)%00%(upstream:track) refs/heads/bug-odometer refs/remotes/bug-odometer [4ms]
[2022-03-04T02:16:50.830Z] > git for-each-ref --sort -committerdate --format %(refname) %(objectname) %(*objectname) [9ms]
[2022-03-04T02:16:50.831Z] > git remote --verbose [2ms]
[2022-03-04T02:16:50.842Z] > git config --get commit.template [2ms]
[2022-03-04T02:16:50.866Z] > git symbolic-ref --short HEAD [1ms]
[2022-03-04T02:16:50.873Z] > git for-each-ref --format=%(refname)%00%(upstream:short)%00%(objectname)%00%(upstream:track) refs/heads/bug-odometer refs/remotes/bug-odometer [1ms]
[2022-03-04T02:16:50.884Z] > git for-each-ref --sort -committerdate --format %(refname) %(objectname) %(*objectname) [5ms]
[2022-03-04T02:16:50.885Z] > git remote --verbose [1ms]
[2022-03-04T02:16:50.893Z] > git config --get commit.template [1ms]
[2022-03-04T02:16:55.977Z] > git symbolic-ref --short HEAD [1ms]
[2022-03-04T02:16:55.983Z] > git for-each-ref --format=%(refname)%00%(upstream:short)%00%(objectname)%00%(upstream:track) refs/heads/bug-odometer refs/remotes/bug-odometer [2ms]
[2022-03-04T02:16:55.992Z] > git for-each-ref --sort -committerdate --format %(refname) %(objectname) %(*objectname) [5ms]
[2022-03-04T02:16:55.993Z] > git remote --verbose [2ms]
[2022-03-04T02:16:56.001Z] > git config --get commit.template [1ms]
[2022-03-04T02:17:01.034Z] > git symbolic-ref --short HEAD [1ms]
[2022-03-04T02:17:01.043Z] > git for-each-ref --format=%(refname)%00%(upstream:short)%00%(objectname)%00%(upstream:track) refs/heads/bug-odometer refs/remotes/bug-odometer [2ms]
[2022-03-04T02:17:01.059Z] > git for-each-ref --sort -committerdate --format %(refname) %(objectname) %(*objectname) [8ms]
[2022-03-04T02:17:01.061Z] > git remote --verbose [3ms]
[2022-03-04T02:17:01.071Z] > git config --get commit.template [2ms]
[2022-03-04T02:17:06.126Z] > git symbolic-ref --short HEAD [5ms]
[2022-03-04T02:17:06.146Z] > git for-each-ref --format=%(refname)%00%(upstream:short)%00%(objectname)%00%(upstream:track) refs/heads/bug-odometer refs/remotes/bug-odometer [3ms]
[2022-03-04T02:17:06.167Z] > git for-each-ref --sort -committerdate --format %(refname) %(objectname) %(*objectname) [10ms]
[2022-03-04T02:17:06.168Z] > git remote --verbose [2ms]
[2022-03-04T02:17:06.177Z] > git config --get commit.template [1ms]
[2022-03-04T02:17:11.232Z] > git symbolic-ref --short HEAD [4ms]
[2022-03-04T02:17:11.254Z] > git for-each-ref --format=%(refname)%00%(upstream:short)%00%(objectname)%00%(upstream:track) refs/heads/bug-odometer refs/remotes/bug-odometer [4ms]
[2022-03-04T02:17:11.283Z] > git for-each-ref --sort -committerdate --format %(refname) %(objectname) %(*objectname) [11ms]
[2022-03-04T02:17:11.285Z] > git remote --verbose [3ms]
[2022-03-04T02:17:11.296Z] > git config --get commit.template [1ms]
[2022-03-04T02:17:16.351Z] > git symbolic-ref --short HEAD [3ms]
[2022-03-04T02:17:16.369Z] > git for-each-ref --format=%(refname)%00%(upstream:short)%00%(objectname)%00%(upstream:track) refs/heads/bug-odometer refs/remotes/bug-odometer [2ms]
[2022-03-04T02:17:16.392Z] > git for-each-ref --sort -committerdate --format %(refname) %(objectname) %(*objectname) [12ms]
[2022-03-04T02:17:16.394Z] > git remote --verbose [2ms]
[2022-03-04T02:17:16.407Z] > git config --get commit.template [2ms]
[2022-03-04T02:17:21.460Z] > git symbolic-ref --short HEAD [4ms]
[2022-03-04T02:17:21.481Z] > git for-each-ref --format=%(refname)%00%(upstream:short)%00%(objectname)%00%(upstream:track) refs/heads/bug-odometer refs/remotes/bug-odometer [4ms]
[2022-03-04T02:17:21.501Z] > git for-each-ref --sort -committerdate --format %(refname) %(objectname) %(*objectname) [9ms]
[2022-03-04T02:17:21.502Z] > git remote --verbose [2ms]
[2022-03-04T02:17:21.514Z] > git config --get commit.template [1ms]
[2022-03-04T02:17:26.532Z] > git symbolic-ref --short HEAD [1ms]
[2022-03-04T02:17:26.539Z] > git for-each-ref --format=%(refname)%00%(upstream:short)%00%(objectname)%00%(upstream:track) refs/heads/bug-odometer refs/remotes/bug-odometer [1ms]
[2022-03-04T02:17:26.553Z] > git for-each-ref --sort -committerdate --format %(refname) %(objectname) %(*objectname) [6ms]
[2022-03-04T02:17:26.554Z] > git remote --verbose [2ms]
[2022-03-04T02:17:26.562Z] > git config --get commit.template [1ms]
[2022-03-04T02:22:16.862Z] > git fetch [9810ms]
[2022-03-04T02:22:16.878Z] > git symbolic-ref --short HEAD [1ms]
[2022-03-04T02:22:16.883Z] > git for-each-ref --format=%(refname)%00%(upstream:short)%00%(objectname)%00%(upstream:track) refs/heads/bug-odometer refs/remotes/bug-odometer [1ms]
[2022-03-04T02:22:16.893Z] > git for-each-ref --sort -committerdate --format %(refname) %(objectname) %(*objectname) [5ms]
[2022-03-04T02:22:16.895Z] > git remote --verbose [3ms]
[2022-03-04T02:22:16.905Z] > git config --get commit.template [1ms]
[2022-03-04T02:33:49.635Z] > git fetch [8581ms]
[2022-03-04T02:33:49.690Z] > git symbolic-ref --short HEAD [4ms]
[2022-03-04T02:33:49.712Z] > git for-each-ref --format=%(refname)%00%(upstream:short)%00%(objectname)%00%(upstream:track) refs/heads/bug-odometer refs/remotes/bug-odometer [5ms]
[2022-03-04T02:33:49.740Z] > git for-each-ref --sort -committerdate --format %(refname) %(objectname) %(*objectname) [13ms]
[2022-03-04T02:33:49.742Z] > git remote --verbose [3ms]
[2022-03-04T02:33:49.757Z] > git config --get commit.template [3ms]
[2022-03-04T02:35:03.282Z] > git symbolic-ref --short HEAD [4ms]
[2022-03-04T02:35:03.303Z] > git for-each-ref --format=%(refname)%00%(upstream:short)%00%(objectname)%00%(upstream:track) refs/heads/bug-odometer refs/remotes/bug-odometer [3ms]
[2022-03-04T02:35:03.323Z] > git for-each-ref --sort -committerdate --format %(refname) %(objectname) %(*objectname) [9ms]
[2022-03-04T02:35:03.324Z] > git remote --verbose [2ms]
[2022-03-04T02:35:03.335Z] > git config --get commit.template [1ms]
[2022-03-04T02:35:30.512Z] > git symbolic-ref --short HEAD [3ms]
[2022-03-04T02:35:30.532Z] > git for-each-ref --format=%(refname)%00%(upstream:short)%00%(objectname)%00%(upstream:track) refs/heads/bug-odometer refs/remotes/bug-odometer [4ms]
[2022-03-04T02:35:30.558Z] > git for-each-ref --sort -committerdate --format %(refname) %(objectname) %(*objectname) [11ms]
[2022-03-04T02:35:30.559Z] > git remote --verbose [2ms]
[2022-03-04T02:35:30.576Z] > git config --get commit.template [2ms]
[2022-03-04T02:35:56.435Z] > git symbolic-ref --short HEAD [1ms]
[2022-03-04T02:35:56.443Z] > git for-each-ref --format=%(refname)%00%(upstream:short)%00%(objectname)%00%(upstream:track) refs/heads/bug-odometer refs/remotes/bug-odometer [1ms]
[2022-03-04T02:35:56.461Z] > git for-each-ref --sort -committerdate --format %(refname) %(objectname) %(*objectname) [9ms]
[2022-03-04T02:35:56.462Z] > git remote --verbose [3ms]
[2022-03-04T02:35:56.472Z] > git config --get commit.template [1ms]
[2022-03-04T02:36:02.324Z] > git symbolic-ref --short HEAD [1ms]
[2022-03-04T02:36:02.331Z] > git for-each-ref --format=%(refname)%00%(upstream:short)%00%(objectname)%00%(upstream:track) refs/heads/bug-odometer refs/remotes/bug-odometer [1ms]
[2022-03-04T02:36:02.345Z] > git for-each-ref --sort -committerdate --format %(refname) %(objectname) %(*objectname) [8ms]
[2022-03-04T02:36:02.346Z] > git remote --verbose [2ms]
[2022-03-04T02:36:02.355Z] > git config --get commit.template [1ms]
[2022-03-04T02:36:07.642Z] > git symbolic-ref --short HEAD [4ms]
[2022-03-04T02:36:07.666Z] > git for-each-ref --format=%(refname)%00%(upstream:short)%00%(objectname)%00%(upstream:track) refs/heads/bug-odometer refs/remotes/bug-odometer [6ms]
[2022-03-04T02:36:07.715Z] > git for-each-ref --sort -committerdate --format %(refname) %(objectname) %(*objectname) [6ms]
[2022-03-04T02:36:07.716Z] > git remote --verbose [2ms]
[2022-03-04T02:36:07.723Z] > git config --get commit.template [1ms]
[2022-03-04T02:36:13.442Z] > git symbolic-ref --short HEAD [3ms]
[2022-03-04T02:36:13.463Z] > git for-each-ref --format=%(refname)%00%(upstream:short)%00%(objectname)%00%(upstream:track) refs/heads/bug-odometer refs/remotes/bug-odometer [5ms]
[2022-03-04T02:36:13.491Z] > git for-each-ref --sort -committerdate --format %(refname) %(objectname) %(*objectname) [12ms]
[2022-03-04T02:36:13.492Z] > git remote --verbose [3ms]
[2022-03-04T02:36:13.498Z] > git config --get commit.template [1ms]
[2022-03-04T02:36:42.951Z] > git symbolic-ref --short HEAD [5ms]
[2022-03-04T02:36:42.967Z] > git for-each-ref --format=%(refname)%00%(upstream:short)%00%(objectname)%00%(upstream:track) refs/heads/bug-odometer refs/remotes/bug-odometer [3ms]
[2022-03-04T02:36:42.982Z] > git for-each-ref --sort -committerdate --format %(refname) %(objectname) %(*objectname) [7ms]
[2022-03-04T02:36:42.984Z] > git remote --verbose [3ms]
[2022-03-04T02:36:42.993Z] > git config --get commit.template [1ms]
[2022-03-04T02:36:59.084Z] > git fetch [9314ms]
[2022-03-04T02:36:59.133Z] > git symbolic-ref --short HEAD [3ms]
[2022-03-04T02:36:59.150Z] > git for-each-ref --format=%(refname)%00%(upstream:short)%00%(objectname)%00%(upstream:track) refs/heads/bug-odometer refs/remotes/bug-odometer [3ms]
[2022-03-04T02:36:59.174Z] > git for-each-ref --sort -committerdate --format %(refname) %(objectname) %(*objectname) [13ms]
[2022-03-04T02:36:59.181Z] > git remote --verbose [9ms]
[2022-03-04T02:36:59.199Z] > git config --get commit.template [2ms]
[2022-03-04T02:37:00.425Z] > git symbolic-ref --short HEAD [3ms]
[2022-03-04T02:37:00.448Z] > git for-each-ref --format=%(refname)%00%(upstream:short)%00%(objectname)%00%(upstream:track) refs/heads/bug-odometer refs/remotes/bug-odometer [4ms]
[2022-03-04T02:37:00.471Z] > git for-each-ref --sort -committerdate --format %(refname) %(objectname) %(*objectname) [10ms]
[2022-03-04T02:37:00.472Z] > git remote --verbose [3ms]
[2022-03-04T02:37:00.481Z] > git config --get commit.template [1ms]
[2022-03-04T02:37:05.498Z] > git symbolic-ref --short HEAD [1ms]
[2022-03-04T02:37:05.504Z] > git for-each-ref --format=%(refname)%00%(upstream:short)%00%(objectname)%00%(upstream:track) refs/heads/bug-odometer refs/remotes/bug-odometer [1ms]
[2022-03-04T02:37:05.515Z] > git for-each-ref --sort -committerdate --format %(refname) %(objectname) %(*objectname) [6ms]
[2022-03-04T02:37:05.516Z] > git remote --verbose [2ms]
[2022-03-04T02:37:05.524Z] > git config --get commit.template [1ms]
[2022-03-04T02:37:10.540Z] > git symbolic-ref --short HEAD [1ms]
[2022-03-04T02:37:10.545Z] > git for-each-ref --format=%(refname)%00%(upstream:short)%00%(objectname)%00%(upstream:track) refs/heads/bug-odometer refs/remotes/bug-odometer [1ms]
[2022-03-04T02:37:10.554Z] > git for-each-ref --sort -committerdate --format %(refname) %(objectname) %(*objectname) [5ms]
[2022-03-04T02:37:10.555Z] > git remote --verbose [2ms]
[2022-03-04T02:37:10.562Z] > git config --get commit.template [1ms]
[2022-03-04T02:37:15.580Z] > git symbolic-ref --short HEAD [1ms]
[2022-03-04T02:37:15.589Z] > git for-each-ref --format=%(refname)%00%(upstream:short)%00%(objectname)%00%(upstream:track) refs/heads/bug-odometer refs/remotes/bug-odometer [2ms]
[2022-03-04T02:37:15.601Z] > git for-each-ref --sort -committerdate --format %(refname) %(objectname) %(*objectname) [6ms]
[2022-03-04T02:37:15.602Z] > git remote --verbose [2ms]
[2022-03-04T02:37:15.611Z] > git config --get commit.template [1ms]
[2022-03-04T02:37:20.626Z] > git symbolic-ref --short HEAD [1ms]
[2022-03-04T02:37:20.632Z] > git for-each-ref --format=%(refname)%00%(upstream:short)%00%(objectname)%00%(upstream:track) refs/heads/bug-odometer refs/remotes/bug-odometer [1ms]
[2022-03-04T02:37:20.643Z] > git for-each-ref --sort -committerdate --format %(refname) %(objectname) %(*objectname) [5ms]
[2022-03-04T02:37:20.649Z] > git remote --verbose [7ms]
[2022-03-04T02:37:20.664Z] > git config --get commit.template [3ms]
[2022-03-04T02:37:25.689Z] > git symbolic-ref --short HEAD [1ms]
[2022-03-04T02:37:25.694Z] > git for-each-ref --format=%(refname)%00%(upstream:short)%00%(objectname)%00%(upstream:track) refs/heads/bug-odometer refs/remotes/bug-odometer [1ms]
[2022-03-04T02:37:25.704Z] > git for-each-ref --sort -committerdate --format %(refname) %(objectname) %(*objectname) [6ms]
[2022-03-04T02:37:25.710Z] > git remote --verbose [7ms]
[2022-03-04T02:37:25.722Z] > git config --get commit.template [1ms]
[2022-03-04T02:40:23.998Z] > git fetch [8238ms]
[2022-03-04T02:40:24.014Z] > git symbolic-ref --short HEAD [1ms]
[2022-03-04T02:40:24.022Z] > git for-each-ref --format=%(refname)%00%(upstream:short)%00%(objectname)%00%(upstream:track) refs/heads/bug-odometer refs/remotes/bug-odometer [1ms]
[2022-03-04T02:40:24.036Z] > git for-each-ref --sort -committerdate --format %(refname) %(objectname) %(*objectname) [8ms]
[2022-03-04T02:40:24.037Z] > git remote --verbose [2ms]
[2022-03-04T02:40:24.047Z] > git config --get commit.template [2ms]
[2022-03-04T02:40:26.685Z] > git symbolic-ref --short HEAD [1ms]
[2022-03-04T02:40:26.693Z] > git for-each-ref --format=%(refname)%00%(upstream:short)%00%(objectname)%00%(upstream:track) refs/heads/bug-odometer refs/remotes/bug-odometer [2ms]
[2022-03-04T02:40:26.705Z] > git for-each-ref --sort -committerdate --format %(refname) %(objectname) %(*objectname) [7ms]
[2022-03-04T02:40:26.706Z] > git remote --verbose [1ms]
[2022-03-04T02:40:26.713Z] > git config --get commit.template [0ms]
[2022-03-04T02:40:43.316Z] > git symbolic-ref --short HEAD [4ms]
[2022-03-04T02:40:43.322Z] > git for-each-ref --format=%(refname)%00%(upstream:short)%00%(objectname)%00%(upstream:track) refs/heads/bug-odometer refs/remotes/bug-odometer [1ms]
[2022-03-04T02:40:43.333Z] > git for-each-ref --sort -committerdate --format %(refname) %(objectname) %(*objectname) [6ms]
[2022-03-04T02:40:43.334Z] > git remote --verbose [3ms]
[2022-03-04T02:40:43.341Z] > git config --get commit.template [1ms]
[2022-03-04T02:40:48.358Z] > git symbolic-ref --short HEAD [1ms]
[2022-03-04T02:40:48.367Z] > git for-each-ref --format=%(refname)%00%(upstream:short)%00%(objectname)%00%(upstream:track) refs/heads/bug-odometer refs/remotes/bug-odometer [1ms]
[2022-03-04T02:40:48.380Z] > git for-each-ref --sort -committerdate --format %(refname) %(objectname) %(*objectname) [7ms]
[2022-03-04T02:40:48.381Z] > git remote --verbose [1ms]
[2022-03-04T02:40:48.392Z] > git config --get commit.template [1ms]
[2022-03-04T02:40:53.409Z] > git symbolic-ref --short HEAD [1ms]
[2022-03-04T02:40:53.416Z] > git for-each-ref --format=%(refname)%00%(upstream:short)%00%(objectname)%00%(upstream:track) refs/heads/bug-odometer refs/remotes/bug-odometer [1ms]
[2022-03-04T02:40:53.429Z] > git for-each-ref --sort -committerdate --format %(refname) %(objectname) %(*objectname) [7ms]
[2022-03-04T02:40:53.429Z] > git remote --verbose [1ms]
[2022-03-04T02:40:53.437Z] > git config --get commit.template [0ms]
[2022-03-04T02:41:07.270Z] > git symbolic-ref --short HEAD [4ms]
[2022-03-04T02:41:07.291Z] > git for-each-ref --format=%(refname)%00%(upstream:short)%00%(objectname)%00%(upstream:track) refs/heads/bug-odometer refs/remotes/bug-odometer [3ms]
[2022-03-04T02:41:07.309Z] > git for-each-ref --sort -committerdate --format %(refname) %(objectname) %(*objectname) [7ms]
[2022-03-04T02:41:07.311Z] > git remote --verbose [3ms]
[2022-03-04T02:41:07.320Z] > git config --get commit.template [1ms]
[2022-03-04T02:41:33.813Z] > git symbolic-ref --short HEAD [0ms]
[2022-03-04T02:41:33.818Z] > git for-each-ref --format=%(refname)%00%(upstream:short)%00%(objectname)%00%(upstream:track) refs/heads/bug-odometer refs/remotes/bug-odometer [1ms]
[2022-03-04T02:41:33.829Z] > git for-each-ref --sort -committerdate --format %(refname) %(objectname) %(*objectname) [6ms]
[2022-03-04T02:41:33.830Z] > git remote --verbose [2ms]
[2022-03-04T02:41:33.836Z] > git config --get commit.template [1ms]
[2022-03-04T02:41:38.853Z] > git symbolic-ref --short HEAD [0ms]
[2022-03-04T02:41:38.859Z] > git for-each-ref --format=%(refname)%00%(upstream:short)%00%(objectname)%00%(upstream:track) refs/heads/bug-odometer refs/remotes/bug-odometer [1ms]
[2022-03-04T02:41:38.869Z] > git for-each-ref --sort -committerdate --format %(refname) %(objectname) %(*objectname) [5ms]
[2022-03-04T02:41:38.870Z] > git remote --verbose [1ms]
[2022-03-04T02:41:38.878Z] > git config --get commit.template [1ms]
[2022-03-04T02:41:43.930Z] > git symbolic-ref --short HEAD [4ms]
[2022-03-04T02:41:43.950Z] > git for-each-ref --format=%(refname)%00%(upstream:short)%00%(objectname)%00%(upstream:track) refs/heads/bug-odometer refs/remotes/bug-odometer [3ms]
[2022-03-04T02:41:43.971Z] > git for-each-ref --sort -committerdate --format %(refname) %(objectname) %(*objectname) [9ms]
[2022-03-04T02:41:43.973Z] > git remote --verbose [3ms]
[2022-03-04T02:41:43.984Z] > git config --get commit.template [1ms]
[2022-03-04T02:41:49.002Z] > git symbolic-ref --short HEAD [1ms]
[2022-03-04T02:41:49.009Z] > git for-each-ref --format=%(refname)%00%(upstream:short)%00%(objectname)%00%(upstream:track) refs/heads/bug-odometer refs/remotes/bug-odometer [1ms]
[2022-03-04T02:41:49.023Z] > git for-each-ref --sort -committerdate --format %(refname) %(objectname) %(*objectname) [8ms]
[2022-03-04T02:41:49.024Z] > git remote --verbose [3ms]
[2022-03-04T02:41:49.032Z] > git config --get commit.template [1ms]
[2022-03-04T02:41:54.080Z] > git symbolic-ref --short HEAD [3ms]
[2022-03-04T02:41:54.100Z] > git for-each-ref --format=%(refname)%00%(upstream:short)%00%(objectname)%00%(upstream:track) refs/heads/bug-odometer refs/remotes/bug-odometer [4ms]
[2022-03-04T02:41:54.121Z] > git for-each-ref --sort -committerdate --format %(refname) %(objectname) %(*objectname) [9ms]
[2022-03-04T02:41:54.124Z] > git remote --verbose [4ms]
[2022-03-04T02:41:54.134Z] > git config --get commit.template [1ms]
[2022-03-04T02:41:59.150Z] > git symbolic-ref --short HEAD [1ms]
[2022-03-04T02:41:59.159Z] > git for-each-ref --format=%(refname)%00%(upstream:short)%00%(objectname)%00%(upstream:track) refs/heads/bug-odometer refs/remotes/bug-odometer [2ms]
[2022-03-04T02:41:59.168Z] > git for-each-ref --sort -committerdate --format %(refname) %(objectname) %(*objectname) [5ms]
[2022-03-04T02:41:59.169Z] > git remote --verbose [2ms]
[2022-03-04T02:41:59.176Z] > git config --get commit.template [1ms]
[2022-03-04T02:42:33.893Z] > git symbolic-ref --short HEAD [3ms]
[2022-03-04T02:42:33.912Z] > git for-each-ref --format=%(refname)%00%(upstream:short)%00%(objectname)%00%(upstream:track) refs/heads/bug-odometer refs/remotes/bug-odometer [4ms]
[2022-03-04T02:42:33.938Z] > git for-each-ref --sort -committerdate --format %(refname) %(objectname) %(*objectname) [11ms]
[2022-03-04T02:42:33.939Z] > git remote --verbose [2ms]
[2022-03-04T02:42:33.951Z] > git config --get commit.template [1ms]
[2022-03-04T02:42:41.092Z] > git symbolic-ref --short HEAD [3ms]
[2022-03-04T02:42:41.112Z] > git for-each-ref --format=%(refname)%00%(upstream:short)%00%(objectname)%00%(upstream:track) refs/heads/bug-odometer refs/remotes/bug-odometer [3ms]
[2022-03-04T02:42:41.133Z] > git for-each-ref --sort -committerdate --format %(refname) %(objectname) %(*objectname) [9ms]
[2022-03-04T02:42:41.134Z] > git remote --verbose [2ms]
[2022-03-04T02:42:41.144Z] > git config --get commit.template [1ms]
[2022-03-04T02:43:04.329Z] > git symbolic-ref --short HEAD [1ms]
[2022-03-04T02:43:04.335Z] > git for-each-ref --format=%(refname)%00%(upstream:short)%00%(objectname)%00%(upstream:track) refs/heads/bug-odometer refs/remotes/bug-odometer [1ms]
[2022-03-04T02:43:04.345Z] > git for-each-ref --sort -committerdate --format %(refname) %(objectname) %(*objectname) [5ms]
[2022-03-04T02:43:04.345Z] > git remote --verbose [1ms]
[2022-03-04T02:43:04.353Z] > git config --get commit.template [1ms]
[2022-03-04T02:43:09.370Z] > git symbolic-ref --short HEAD [0ms]
[2022-03-04T02:43:09.376Z] > git for-each-ref --format=%(refname)%00%(upstream:short)%00%(objectname)%00%(upstream:track) refs/heads/bug-odometer refs/remotes/bug-odometer [1ms]
[2022-03-04T02:43:09.390Z] > git for-each-ref --sort -committerdate --format %(refname) %(objectname) %(*objectname) [8ms]
[2022-03-04T02:43:09.392Z] > git remote --verbose [3ms]
[2022-03-04T02:43:09.400Z] > git config --get commit.template [0ms]
[2022-03-04T02:43:20.866Z] > git symbolic-ref --short HEAD [1ms]
[2022-03-04T02:43:20.872Z] > git for-each-ref --format=%(refname)%00%(upstream:short)%00%(objectname)%00%(upstream:track) refs/heads/bug-odometer refs/remotes/bug-odometer [1ms]
[2022-03-04T02:43:20.884Z] > git for-each-ref --sort -committerdate --format %(refname) %(objectname) %(*objectname) [7ms]
[2022-03-04T02:43:20.885Z] > git remote --verbose [2ms]
[2022-03-04T02:43:20.893Z] > git config --get commit.template [1ms]
[2022-03-04T02:43:33.586Z] > git fetch [9517ms]
[2022-03-04T02:43:33.638Z] > git symbolic-ref --short HEAD [4ms]
[2022-03-04T02:43:33.662Z] > git for-each-ref --format=%(refname)%00%(upstream:short)%00%(objectname)%00%(upstream:track) refs/heads/bug-odometer refs/remotes/bug-odometer [4ms]
[2022-03-04T02:43:33.686Z] > git for-each-ref --sort -committerdate --format %(refname) %(objectname) %(*objectname) [11ms]
[2022-03-04T02:43:33.688Z] > git remote --verbose [3ms]
[2022-03-04T02:43:33.700Z] > git config --get commit.template [1ms]
[2022-03-04T02:44:27.688Z] > git symbolic-ref --short HEAD [3ms]
[2022-03-04T02:44:27.709Z] > git for-each-ref --format=%(refname)%00%(upstream:short)%00%(objectname)%00%(upstream:track) refs/heads/bug-odometer refs/remotes/bug-odometer [4ms]
[2022-03-04T02:44:27.741Z] > git for-each-ref --sort -committerdate --format %(refname) %(objectname) %(*objectname) [16ms]
[2022-03-04T02:44:27.746Z] > git remote --verbose [7ms]
[2022-03-04T02:44:27.765Z] > git config --get commit.template [2ms]
[2022-03-04T02:44:50.039Z] > git symbolic-ref --short HEAD [4ms]
[2022-03-04T02:44:50.059Z] > git for-each-ref --format=%(refname)%00%(upstream:short)%00%(objectname)%00%(upstream:track) refs/heads/bug-odometer refs/remotes/bug-odometer [3ms]
[2022-03-04T02:44:50.080Z] > git for-each-ref --sort -committerdate --format %(refname) %(objectname) %(*objectname) [9ms]
[2022-03-04T02:44:50.081Z] > git remote --verbose [2ms]
[2022-03-04T02:44:50.092Z] > git config --get commit.template [1ms]
[2022-03-04T02:44:59.735Z] > git symbolic-ref --short HEAD [3ms]
[2022-03-04T02:44:59.756Z] > git for-each-ref --format=%(refname)%00%(upstream:short)%00%(objectname)%00%(upstream:track) refs/heads/bug-odometer refs/remotes/bug-odometer [3ms]
[2022-03-04T02:44:59.779Z] > git for-each-ref --sort -committerdate --format %(refname) %(objectname) %(*objectname) [10ms]
[2022-03-04T02:44:59.780Z] > git remote --verbose [3ms]
[2022-03-04T02:44:59.792Z] > git config --get commit.template [1ms]
[2022-03-04T02:46:42.057Z] > git fetch [8350ms]
[2022-03-04T02:46:42.073Z] > git symbolic-ref --short HEAD [1ms]
[2022-03-04T02:46:42.078Z] > git for-each-ref --format=%(refname)%00%(upstream:short)%00%(objectname)%00%(upstream:track) refs/heads/bug-odometer refs/remotes/bug-odometer [1ms]
[2022-03-04T02:46:42.087Z] > git remote --verbose [1ms]
[2022-03-04T02:46:42.087Z] > git for-each-ref --sort -committerdate --format %(refname) %(objectname) %(*objectname) [5ms]
[2022-03-04T02:46:42.093Z] > git config --get commit.template [0ms]
[2022-03-04T02:50:10.281Z] > git fetch [7424ms]
[2022-03-04T02:50:10.330Z] > git symbolic-ref --short HEAD [1ms]
[2022-03-04T02:50:10.340Z] > git for-each-ref --format=%(refname)%00%(upstream:short)%00%(objectname)%00%(upstream:track) refs/heads/bug-odometer refs/remotes/bug-odometer [2ms]
[2022-03-04T02:50:10.353Z] > git for-each-ref --sort -committerdate --format %(refname) %(objectname) %(*objectname) [6ms]
[2022-03-04T02:50:10.354Z] > git remote --verbose [2ms]
[2022-03-04T02:50:10.364Z] > git config --get commit.template [1ms]
[2022-03-04T02:55:03.679Z] > git fetch [11939ms]
[2022-03-04T02:55:03.700Z] > git symbolic-ref --short HEAD [0ms]
[2022-03-04T02:55:03.705Z] > git for-each-ref --format=%(refname)%00%(upstream:short)%00%(objectname)%00%(upstream:track) refs/heads/bug-odometer refs/remotes/bug-odometer [1ms]
[2022-03-04T02:55:03.713Z] > git for-each-ref --sort -committerdate --format %(refname) %(objectname) %(*objectname) [4ms]
[2022-03-04T02:55:03.715Z] > git remote --verbose [2ms]
[2022-03-04T02:55:03.722Z] > git config --get commit.template [0ms]
