[Info  - 01:39:24.896] Reading sessions from keychain...
[Info  - 01:39:24.951] Getting sessions for all scopes...
[Trace  - 01:39:24.951] Token acquired from secret storage.
[Info  - 01:39:24.951] Got stored sessions!
[Trace  - 01:39:24.951] Read the following session from the keychain with the following scopes: user:email
[Trace  - 01:39:24.951] Read the following session from the keychain with the following scopes: repo
[Info  - 01:39:24.951] Got 2 verified sessions.
[Info  - 01:39:24.951] Got 2 sessions for ...
[Info  - 01:39:24.991] Getting sessions for read:user,repo,user:email...
[Info  - 01:39:24.991] Getting sessions for user:email...
[Info  - 01:39:24.994] Got 0 sessions for read:user,repo,user:email...
[Info  - 01:39:24.994] Got 1 sessions for user:email...
[Info  - 01:39:25.916] Getting sessions for all scopes...
[Info  - 01:39:25.918] Got 2 sessions for ...
[Info  - 01:39:26.90] Getting sessions for read:user,repo,user:email...
[Info  - 01:39:26.90] Got 0 sessions for read:user,repo,user:email...
[Info  - 01:39:26.167] Getting sessions for all scopes...
[Info  - 01:39:26.167] Got 2 sessions for ...
[Info  - 02:46:41.178] Getting sessions for all scopes...
[Info  - 02:46:41.180] Got 2 sessions for ...
[Info  - 02:50:02.846] Getting sessions for all scopes...
[Info  - 02:50:02.847] Got 2 sessions for ...
[Info  - 02:55:08.496] Getting sessions for all scopes...
[Info  - 02:55:08.496] Got 2 sessions for ...
[Info  - 02:56:44.543] Getting sessions for all scopes...
[Info  - 02:56:44.543] Got 2 sessions for ...
