[Info] Registering git provider
[Info] Looking for git repository
[Info] Found 1 repositories during activation
[Info] Git repository found, initializing review manager and pr tree view.
[Info] Review> Validate state in progress
[Info] Review> Validating state...
[Info] No remotes found. The following remotes are missing: origin, upstream
[Info] Review> Queuing additional validate state
[Info] No GitHub remotes found
[Info] Review> no matching pull request metadata found for current branch bug-odometer
[Info] Review> no matching pull request metadata found on GitHub for current branch bug-odometer
[Info] Review> Validating state...
[Info] Found GitHub remote
[Info] Review> no matching pull request metadata found for current branch bug-odometer
[Info] Review> no matching pull request metadata found on GitHub for current branch bug-odometer
[Info] Review> Queuing additional validate state
[Info] Review> Validating state...
[Info] Found GitHub remote
[Info] Review> no matching pull request metadata found for current branch bug-odometer
[Info] Review> no matching pull request metadata found on GitHub for current branch bug-odometer
[Info] Review> Queuing additional validate state
[Info] Review> Validating state...
[Info] Found GitHub remote
[Info] Review> no matching pull request metadata found for current branch bug-odometer
[Info] Review> no matching pull request metadata found on GitHub for current branch bug-odometer
[Info] Review> Queuing additional validate state
[Info] Review> Validating state...
[Info] Found GitHub remote
[Info] Review> no matching pull request metadata found for current branch bug-odometer
[Info] Review> no matching pull request metadata found on GitHub for current branch bug-odometer
[Info] Review> Queuing additional validate state
[Info] Review> Validating state...
[Info] Found GitHub remote
[Info] Review> no matching pull request metadata found for current branch bug-odometer
[Info] Review> no matching pull request metadata found on GitHub for current branch bug-odometer
[Info] Review> Queuing additional validate state
[Info] Review> Validating state...
[Info] Found GitHub remote
[Info] Review> no matching pull request metadata found for current branch bug-odometer
[Info] Review> no matching pull request metadata found on GitHub for current branch bug-odometer
[Info] Review> Queuing additional validate state
[Info] Review> Validating state...
[Info] Found GitHub remote
[Info] Review> no matching pull request metadata found for current branch bug-odometer
[Info] Review> no matching pull request metadata found on GitHub for current branch bug-odometer
[Info] Review> Queuing additional validate state
[Info] Review> Validating state...
[Info] Found GitHub remote
[Info] Review> no matching pull request metadata found for current branch bug-odometer
[Info] Review> no matching pull request metadata found on GitHub for current branch bug-odometer
[Info] Review> Queuing additional validate state
[Info] Review> Validating state...
[Info] Found GitHub remote
[Info] Review> no matching pull request metadata found for current branch bug-odometer
[Info] Review> no matching pull request metadata found on GitHub for current branch bug-odometer
[Info] Review> Queuing additional validate state
[Info] Review> Validating state...
[Info] Found GitHub remote
[Info] Review> no matching pull request metadata found for current branch bug-odometer
[Info] Review> no matching pull request metadata found on GitHub for current branch bug-odometer
[Info] Review> Queuing additional validate state
[Info] Review> Validating state...
[Info] Found GitHub remote
[Info] Review> no matching pull request metadata found for current branch bug-odometer
[Info] Review> no matching pull request metadata found on GitHub for current branch bug-odometer
[Info] Review> Queuing additional validate state
[Info] Review> Validating state...
[Info] Found GitHub remote
[Info] Review> no matching pull request metadata found for current branch bug-odometer
[Info] Review> no matching pull request metadata found on GitHub for current branch bug-odometer
[Info] Review> Queuing additional validate state
[Info] Review> Validating state...
[Info] Found GitHub remote
[Info] Review> no matching pull request metadata found for current branch bug-odometer
[Info] Review> no matching pull request metadata found on GitHub for current branch bug-odometer
