[2022-03-04T01:59:24.095Z] Validating found git in: git
[2022-03-04T01:59:24.115Z] Using git  from git
[2022-03-04T01:59:24.190Z] > git rev-parse --git-dir [27ms]
[2022-03-04T01:59:24.193Z] Open repository: /home/eddy/projects/driveulu/ulu-rails
[2022-03-04T01:59:24.260Z] > git symbolic-ref --short HEAD [17ms]
[2022-03-04T01:59:24.282Z] > git for-each-ref --format=%(refname)%00%(upstream:short)%00%(objectname)%00%(upstream:track) refs/heads/master refs/remotes/master [17ms]
[2022-03-04T01:59:24.301Z] > git remote --verbose [9ms]
[2022-03-04T01:59:24.301Z] > git for-each-ref --sort -committerdate --format %(refname) %(objectname) %(*objectname) [13ms]
[2022-03-04T01:59:24.332Z] > git config --local branch.master.github-pr-owner-number [11ms]
[2022-03-04T01:59:24.333Z] > git config --get commit.template [23ms]
[2022-03-04T01:59:24.419Z] > git config --local branch.master.github-pr-owner-number [4ms]
[2022-03-04T01:59:30.847Z] > git fetch [6648ms]
[2022-03-04T01:59:30.873Z] > git symbolic-ref --short HEAD [1ms]
[2022-03-04T01:59:30.880Z] > git for-each-ref --format=%(refname)%00%(upstream:short)%00%(objectname)%00%(upstream:track) refs/heads/master refs/remotes/master [1ms]
[2022-03-04T01:59:30.892Z] > git remote --verbose [1ms]
[2022-03-04T01:59:30.892Z] > git for-each-ref --sort -committerdate --format %(refname) %(objectname) %(*objectname) [7ms]
[2022-03-04T01:59:30.899Z] > git config --get commit.template [1ms]
[2022-03-04T02:00:03.715Z] > git ls-files --stage -- /home/eddy/projects/driveulu/ulu-rails/lib/support/vehicle_actions.rb [60ms]
[2022-03-04T02:00:03.726Z] > git cat-file -s f5d8988a651eb2515d784fd4f71f9e19a7d20bf5 [5ms]
[2022-03-04T02:00:51.803Z] > git ls-files --stage -- /home/eddy/projects/driveulu/ulu-rails/lib/support/vehicle_actions.rb [1ms]
[2022-03-04T02:00:51.810Z] > git cat-file -s f5d8988a651eb2515d784fd4f71f9e19a7d20bf5 [1ms]
[2022-03-04T02:02:22.627Z] > git ls-files --stage -- /home/eddy/projects/driveulu/ulu-rails/lib/support/vehicle_actions.rb [2ms]
[2022-03-04T02:02:22.635Z] > git cat-file -s f5d8988a651eb2515d784fd4f71f9e19a7d20bf5 [1ms]
[2022-03-04T02:02:39.819Z] > git fetch [8900ms]
[2022-03-04T02:02:39.881Z] > git symbolic-ref --short HEAD [1ms]
[2022-03-04T02:02:39.888Z] > git for-each-ref --format=%(refname)%00%(upstream:short)%00%(objectname)%00%(upstream:track) refs/heads/master refs/remotes/master [1ms]
[2022-03-04T02:02:39.899Z] > git for-each-ref --sort -committerdate --format %(refname) %(objectname) %(*objectname) [5ms]
[2022-03-04T02:02:39.902Z] > git remote --verbose [4ms]
[2022-03-04T02:02:39.912Z] > git config --get commit.template [1ms]
[2022-03-04T02:06:35.254Z] > git log --format=%H%n%aN%n%aE%n%at%n%ct%n%P%n%B -z -n21 -- /home/eddy/projects/driveulu/ulu-rails/lib/support/vehicle_actions.rb [93ms]
[2022-03-04T02:06:41.152Z] > git fetch [7839ms]
[2022-03-04T02:06:41.226Z] > git symbolic-ref --short HEAD [1ms]
[2022-03-04T02:06:41.235Z] > git for-each-ref --format=%(refname)%00%(upstream:short)%00%(objectname)%00%(upstream:track) refs/heads/master refs/remotes/master [1ms]
[2022-03-04T02:06:41.248Z] > git for-each-ref --sort -committerdate --format %(refname) %(objectname) %(*objectname) [7ms]
[2022-03-04T02:06:41.248Z] > git remote --verbose [1ms]
[2022-03-04T02:06:41.256Z] > git config --get commit.template [1ms]
[2022-03-04T02:10:11.807Z] > git fetch [8882ms]
[2022-03-04T02:10:11.870Z] > git symbolic-ref --short HEAD [1ms]
[2022-03-04T02:10:11.878Z] > git for-each-ref --format=%(refname)%00%(upstream:short)%00%(objectname)%00%(upstream:track) refs/heads/master refs/remotes/master [1ms]
[2022-03-04T02:10:11.890Z] > git for-each-ref --sort -committerdate --format %(refname) %(objectname) %(*objectname) [6ms]
[2022-03-04T02:10:11.891Z] > git remote --verbose [1ms]
[2022-03-04T02:10:11.900Z] > git config --get commit.template [1ms]
[2022-03-04T02:27:24.817Z] > git fetch [8920ms]
[2022-03-04T02:27:24.860Z] > git symbolic-ref --short HEAD [2ms]
[2022-03-04T02:27:24.869Z] > git for-each-ref --format=%(refname)%00%(upstream:short)%00%(objectname)%00%(upstream:track) refs/heads/master refs/remotes/master [2ms]
[2022-03-04T02:27:24.885Z] > git for-each-ref --sort -committerdate --format %(refname) %(objectname) %(*objectname) [9ms]
[2022-03-04T02:27:24.886Z] > git remote --verbose [2ms]
[2022-03-04T02:27:24.899Z] > git config --get commit.template [1ms]
[2022-03-04T03:22:45.953Z] > git fetch [8565ms]
[2022-03-04T03:22:46.012Z] > git symbolic-ref --short HEAD [1ms]
[2022-03-04T03:22:46.020Z] > git for-each-ref --format=%(refname)%00%(upstream:short)%00%(objectname)%00%(upstream:track) refs/heads/master refs/remotes/master [1ms]
[2022-03-04T03:22:46.033Z] > git for-each-ref --sort -committerdate --format %(refname) %(objectname) %(*objectname) [7ms]
[2022-03-04T03:22:46.034Z] > git remote --verbose [2ms]
[2022-03-04T03:22:46.042Z] > git config --get commit.template [1ms]
[2022-03-04T03:58:23.688Z] > git fetch [8731ms]
[2022-03-04T03:58:23.718Z] > git symbolic-ref --short HEAD [1ms]
[2022-03-04T03:58:23.726Z] > git for-each-ref --format=%(refname)%00%(upstream:short)%00%(objectname)%00%(upstream:track) refs/heads/master refs/remotes/master [1ms]
[2022-03-04T03:58:23.737Z] > git for-each-ref --sort -committerdate --format %(refname) %(objectname) %(*objectname) [5ms]
[2022-03-04T03:58:23.738Z] > git remote --verbose [1ms]
[2022-03-04T03:58:23.747Z] > git config --get commit.template [1ms]
[2022-03-04T05:06:03.248Z] > git fetch [7511ms]
[2022-03-04T05:06:03.272Z] > git symbolic-ref --short HEAD [1ms]
[2022-03-04T05:06:03.277Z] > git for-each-ref --format=%(refname)%00%(upstream:short)%00%(objectname)%00%(upstream:track) refs/heads/master refs/remotes/master [1ms]
[2022-03-04T05:06:03.285Z] > git for-each-ref --sort -committerdate --format %(refname) %(objectname) %(*objectname) [4ms]
[2022-03-04T05:06:03.286Z] > git remote --verbose [1ms]
[2022-03-04T05:06:03.292Z] > git config --get commit.template [1ms]
[2022-03-04T05:09:35.580Z] > git fetch [9607ms]
[2022-03-04T05:09:35.654Z] > git symbolic-ref --short HEAD [1ms]
[2022-03-04T05:09:35.661Z] > git for-each-ref --format=%(refname)%00%(upstream:short)%00%(objectname)%00%(upstream:track) refs/heads/master refs/remotes/master [1ms]
[2022-03-04T05:09:35.674Z] > git for-each-ref --sort -committerdate --format %(refname) %(objectname) %(*objectname) [7ms]
[2022-03-04T05:09:35.675Z] > git remote --verbose [1ms]
[2022-03-04T05:09:35.683Z] > git config --get commit.template [1ms]
[2022-03-04T05:23:23.664Z] > git fetch [7217ms]
[2022-03-04T05:23:23.693Z] > git symbolic-ref --short HEAD [1ms]
[2022-03-04T05:23:23.701Z] > git for-each-ref --format=%(refname)%00%(upstream:short)%00%(objectname)%00%(upstream:track) refs/heads/master refs/remotes/master [1ms]
[2022-03-04T05:23:23.714Z] > git for-each-ref --sort -committerdate --format %(refname) %(objectname) %(*objectname) [7ms]
[2022-03-04T05:23:23.716Z] > git remote --verbose [2ms]
[2022-03-04T05:23:23.724Z] > git config --get commit.template [1ms]
[2022-03-04T05:44:43.931Z] > git fetch [7587ms]
[2022-03-04T05:44:44.003Z] > git symbolic-ref --short HEAD [1ms]
[2022-03-04T05:44:44.009Z] > git for-each-ref --format=%(refname)%00%(upstream:short)%00%(objectname)%00%(upstream:track) refs/heads/master refs/remotes/master [1ms]
[2022-03-04T05:44:44.018Z] > git for-each-ref --sort -committerdate --format %(refname) %(objectname) %(*objectname) [4ms]
[2022-03-04T05:44:44.019Z] > git remote --verbose [1ms]
[2022-03-04T05:44:44.026Z] > git config --get commit.template [1ms]
[2022-03-04T05:51:21.347Z] > git fetch [9038ms]
[2022-03-04T05:51:21.379Z] > git symbolic-ref --short HEAD [0ms]
[2022-03-04T05:51:21.386Z] > git for-each-ref --format=%(refname)%00%(upstream:short)%00%(objectname)%00%(upstream:track) refs/heads/master refs/remotes/master [1ms]
[2022-03-04T05:51:21.398Z] > git for-each-ref --sort -committerdate --format %(refname) %(objectname) %(*objectname) [6ms]
[2022-03-04T05:51:21.399Z] > git remote --verbose [2ms]
[2022-03-04T05:51:21.407Z] > git config --get commit.template [1ms]
[2022-03-04T06:14:53.686Z] > git fetch [9064ms]
[2022-03-04T06:14:53.755Z] > git symbolic-ref --short HEAD [1ms]
[2022-03-04T06:14:53.761Z] > git for-each-ref --format=%(refname)%00%(upstream:short)%00%(objectname)%00%(upstream:track) refs/heads/master refs/remotes/master [1ms]
[2022-03-04T06:14:53.770Z] > git for-each-ref --sort -committerdate --format %(refname) %(objectname) %(*objectname) [4ms]
[2022-03-04T06:14:53.771Z] > git remote --verbose [2ms]
[2022-03-04T06:14:53.777Z] > git config --get commit.template [1ms]
[2022-03-04T06:20:45.635Z] > git fetch [9022ms]
[2022-03-04T06:20:45.669Z] > git symbolic-ref --short HEAD [1ms]
[2022-03-04T06:20:45.674Z] > git for-each-ref --format=%(refname)%00%(upstream:short)%00%(objectname)%00%(upstream:track) refs/heads/master refs/remotes/master [1ms]
[2022-03-04T06:20:45.682Z] > git for-each-ref --sort -committerdate --format %(refname) %(objectname) %(*objectname) [4ms]
[2022-03-04T06:20:45.683Z] > git remote --verbose [1ms]
[2022-03-04T06:20:45.688Z] > git config --get commit.template [0ms]
[2022-03-04T06:25:19.207Z] > git fetch [9494ms]
[2022-03-04T06:25:19.272Z] > git symbolic-ref --short HEAD [1ms]
[2022-03-04T06:25:19.279Z] > git for-each-ref --format=%(refname)%00%(upstream:short)%00%(objectname)%00%(upstream:track) refs/heads/master refs/remotes/master [1ms]
[2022-03-04T06:25:19.288Z] > git for-each-ref --sort -committerdate --format %(refname) %(objectname) %(*objectname) [4ms]
[2022-03-04T06:25:19.289Z] > git remote --verbose [1ms]
[2022-03-04T06:25:19.295Z] > git config --get commit.template [1ms]
[2022-03-04T06:31:05.918Z] > git fetch [8043ms]
[2022-03-04T06:31:05.947Z] > git symbolic-ref --short HEAD [0ms]
[2022-03-04T06:31:05.952Z] > git for-each-ref --format=%(refname)%00%(upstream:short)%00%(objectname)%00%(upstream:track) refs/heads/master refs/remotes/master [1ms]
[2022-03-04T06:31:05.960Z] > git for-each-ref --sort -committerdate --format %(refname) %(objectname) %(*objectname) [5ms]
[2022-03-04T06:31:05.960Z] > git remote --verbose [1ms]
[2022-03-04T06:31:05.966Z] > git config --get commit.template [1ms]
[2022-03-04T06:48:11.300Z] > git fetch [9027ms]
[2022-03-04T06:48:11.325Z] > git symbolic-ref --short HEAD [1ms]
[2022-03-04T06:48:11.331Z] > git for-each-ref --format=%(refname)%00%(upstream:short)%00%(objectname)%00%(upstream:track) refs/heads/master refs/remotes/master [1ms]
[2022-03-04T06:48:11.339Z] > git for-each-ref --sort -committerdate --format %(refname) %(objectname) %(*objectname) [4ms]
[2022-03-04T06:48:11.339Z] > git remote --verbose [1ms]
[2022-03-04T06:48:11.345Z] > git config --get commit.template [1ms]
[2022-03-04T06:57:57.855Z] > git fetch [8056ms]
[2022-03-04T06:57:57.882Z] > git symbolic-ref --short HEAD [1ms]
[2022-03-04T06:57:57.886Z] > git for-each-ref --format=%(refname)%00%(upstream:short)%00%(objectname)%00%(upstream:track) refs/heads/master refs/remotes/master [1ms]
[2022-03-04T06:57:57.894Z] > git for-each-ref --sort -committerdate --format %(refname) %(objectname) %(*objectname) [4ms]
[2022-03-04T06:57:57.895Z] > git remote --verbose [1ms]
[2022-03-04T06:57:57.901Z] > git config --get commit.template [1ms]
[2022-03-04T07:36:44.144Z] > git fetch [6636ms]
[2022-03-04T07:36:44.172Z] > git symbolic-ref --short HEAD [1ms]
[2022-03-04T07:36:44.178Z] > git for-each-ref --format=%(refname)%00%(upstream:short)%00%(objectname)%00%(upstream:track) refs/heads/master refs/remotes/master [1ms]
[2022-03-04T07:36:44.188Z] > git for-each-ref --sort -committerdate --format %(refname) %(objectname) %(*objectname) [5ms]
[2022-03-04T07:36:44.188Z] > git remote --verbose [1ms]
[2022-03-04T07:36:44.195Z] > git config --get commit.template [1ms]
[2022-03-04T07:40:04.770Z] > git fetch [7196ms]
[2022-03-04T07:40:04.817Z] > git symbolic-ref --short HEAD [1ms]
[2022-03-04T07:40:04.823Z] > git for-each-ref --format=%(refname)%00%(upstream:short)%00%(objectname)%00%(upstream:track) refs/heads/master refs/remotes/master [1ms]
[2022-03-04T07:40:04.835Z] > git remote --verbose [1ms]
[2022-03-04T07:40:04.835Z] > git for-each-ref --sort -committerdate --format %(refname) %(objectname) %(*objectname) [6ms]
[2022-03-04T07:40:04.844Z] > git config --get commit.template [0ms]
[2022-03-07T07:26:04.966Z] > git fetch [8518ms]
[2022-03-07T07:26:04.966Z] From github.com:driveulu/ulu-rails
   cda9fa064..7f29c3f1f  master         -> origin/master
   da01bdb11..e98b54b81  feature/justlease_integration -> origin/feature/justlease_integration
 * [new branch]          justlease      -> origin/justlease
   72a94b7d6..b7523cd21  master_backend -> origin/master_backend
[2022-03-07T07:26:04.993Z] > git symbolic-ref --short HEAD [0ms]
[2022-03-07T07:26:05.000Z] > git for-each-ref --format=%(refname)%00%(upstream:short)%00%(objectname)%00%(upstream:track) refs/heads/master refs/remotes/master [1ms]
[2022-03-07T07:26:05.012Z] > git for-each-ref --sort -committerdate --format %(refname) %(objectname) %(*objectname) [6ms]
[2022-03-07T07:26:05.012Z] > git remote --verbose [1ms]
[2022-03-07T07:26:05.029Z] > git config --get commit.template [9ms]
[2022-03-07T07:26:05.030Z] > git config --local branch.master.github-pr-owner-number [1ms]
[2022-03-07T07:30:40.758Z] > git fetch [7416ms]
[2022-03-07T07:30:40.820Z] > git symbolic-ref --short HEAD [1ms]
[2022-03-07T07:30:40.828Z] > git for-each-ref --format=%(refname)%00%(upstream:short)%00%(objectname)%00%(upstream:track) refs/heads/master refs/remotes/master [2ms]
[2022-03-07T07:30:40.838Z] > git for-each-ref --sort -committerdate --format %(refname) %(objectname) %(*objectname) [5ms]
[2022-03-07T07:30:40.839Z] > git remote --verbose [1ms]
[2022-03-07T07:30:40.846Z] > git config --get commit.template [1ms]
[2022-03-07T08:02:40.531Z] > git fetch [2782ms]
[2022-03-07T08:02:40.605Z] > git symbolic-ref --short HEAD [1ms]
[2022-03-07T08:02:40.613Z] > git for-each-ref --format=%(refname)%00%(upstream:short)%00%(objectname)%00%(upstream:track) refs/heads/master refs/remotes/master [2ms]
[2022-03-07T08:02:40.623Z] > git for-each-ref --sort -committerdate --format %(refname) %(objectname) %(*objectname) [5ms]
[2022-03-07T08:02:40.624Z] > git remote --verbose [1ms]
[2022-03-07T08:02:40.632Z] > git config --get commit.template [1ms]
[2022-03-07T08:08:25.050Z] > git fetch [2812ms]
[2022-03-07T08:08:25.113Z] > git symbolic-ref --short HEAD [1ms]
[2022-03-07T08:08:25.118Z] > git for-each-ref --format=%(refname)%00%(upstream:short)%00%(objectname)%00%(upstream:track) refs/heads/master refs/remotes/master [1ms]
[2022-03-07T08:08:25.127Z] > git for-each-ref --sort -committerdate --format %(refname) %(objectname) %(*objectname) [4ms]
[2022-03-07T08:08:25.128Z] > git remote --verbose [1ms]
[2022-03-07T08:08:25.134Z] > git config --get commit.template [1ms]
[2022-03-07T08:11:27.934Z] > git fetch [2782ms]
[2022-03-07T08:11:27.960Z] > git symbolic-ref --short HEAD [0ms]
[2022-03-07T08:11:27.966Z] > git for-each-ref --format=%(refname)%00%(upstream:short)%00%(objectname)%00%(upstream:track) refs/heads/master refs/remotes/master [1ms]
[2022-03-07T08:11:27.975Z] > git for-each-ref --sort -committerdate --format %(refname) %(objectname) %(*objectname) [5ms]
[2022-03-07T08:11:27.975Z] > git remote --verbose [1ms]
[2022-03-07T08:11:27.982Z] > git config --get commit.template [0ms]
[2022-03-07T08:51:14.201Z] > git fetch [3236ms]
[2022-03-07T08:51:14.263Z] > git symbolic-ref --short HEAD [1ms]
[2022-03-07T08:51:14.271Z] > git for-each-ref --format=%(refname)%00%(upstream:short)%00%(objectname)%00%(upstream:track) refs/heads/master refs/remotes/master [1ms]
[2022-03-07T08:51:14.282Z] > git for-each-ref --sort -committerdate --format %(refname) %(objectname) %(*objectname) [5ms]
[2022-03-07T08:51:14.283Z] > git remote --verbose [1ms]
[2022-03-07T08:51:14.291Z] > git config --get commit.template [1ms]
[2022-03-07T08:54:16.943Z] > git fetch [2645ms]
[2022-03-07T08:54:16.972Z] > git symbolic-ref --short HEAD [0ms]
[2022-03-07T08:54:16.978Z] > git for-each-ref --format=%(refname)%00%(upstream:short)%00%(objectname)%00%(upstream:track) refs/heads/master refs/remotes/master [1ms]
[2022-03-07T08:54:16.988Z] > git for-each-ref --sort -committerdate --format %(refname) %(objectname) %(*objectname) [5ms]
[2022-03-07T08:54:16.988Z] > git remote --verbose [1ms]
[2022-03-07T08:54:16.995Z] > git config --get commit.template [1ms]
[2022-03-07T09:08:34.711Z] > git fetch [2731ms]
[2022-03-07T09:08:34.764Z] > git symbolic-ref --short HEAD [1ms]
[2022-03-07T09:08:34.773Z] > git for-each-ref --format=%(refname)%00%(upstream:short)%00%(objectname)%00%(upstream:track) refs/heads/master refs/remotes/master [1ms]
[2022-03-07T09:08:34.787Z] > git for-each-ref --sort -committerdate --format %(refname) %(objectname) %(*objectname) [8ms]
[2022-03-07T09:08:34.787Z] > git remote --verbose [1ms]
[2022-03-07T09:08:34.794Z] > git config --get commit.template [0ms]
[2022-03-07T09:16:36.288Z] > git fetch [2741ms]
[2022-03-07T09:16:36.354Z] > git symbolic-ref --short HEAD [1ms]
[2022-03-07T09:16:36.361Z] > git for-each-ref --format=%(refname)%00%(upstream:short)%00%(objectname)%00%(upstream:track) refs/heads/master refs/remotes/master [1ms]
[2022-03-07T09:16:36.371Z] > git for-each-ref --sort -committerdate --format %(refname) %(objectname) %(*objectname) [5ms]
[2022-03-07T09:16:36.373Z] > git remote --verbose [2ms]
[2022-03-07T09:16:36.379Z] > git config --get commit.template [0ms]
[2022-03-07T09:35:13.700Z] > git fetch [2712ms]
[2022-03-07T09:35:13.750Z] > git symbolic-ref --short HEAD [1ms]
[2022-03-07T09:35:13.759Z] > git for-each-ref --format=%(refname)%00%(upstream:short)%00%(objectname)%00%(upstream:track) refs/heads/master refs/remotes/master [2ms]
[2022-03-07T09:35:13.771Z] > git for-each-ref --sort -committerdate --format %(refname) %(objectname) %(*objectname) [6ms]
[2022-03-07T09:35:13.771Z] > git remote --verbose [1ms]
[2022-03-07T09:35:13.779Z] > git config --get commit.template [0ms]
[2022-03-07T09:57:23.041Z] > git fetch [2701ms]
[2022-03-07T09:57:23.075Z] > git symbolic-ref --short HEAD [1ms]
[2022-03-07T09:57:23.083Z] > git for-each-ref --format=%(refname)%00%(upstream:short)%00%(objectname)%00%(upstream:track) refs/heads/master refs/remotes/master [1ms]
[2022-03-07T09:57:23.094Z] > git for-each-ref --sort -committerdate --format %(refname) %(objectname) %(*objectname) [5ms]
[2022-03-07T09:57:23.094Z] > git remote --verbose [1ms]
[2022-03-07T09:57:23.103Z] > git config --get commit.template [0ms]
[2022-03-07T10:01:17.261Z] > git fetch [2602ms]
[2022-03-07T10:01:17.290Z] > git symbolic-ref --short HEAD [1ms]
[2022-03-07T10:01:17.299Z] > git for-each-ref --format=%(refname)%00%(upstream:short)%00%(objectname)%00%(upstream:track) refs/heads/master refs/remotes/master [2ms]
[2022-03-07T10:01:17.313Z] > git for-each-ref --sort -committerdate --format %(refname) %(objectname) %(*objectname) [7ms]
[2022-03-07T10:01:17.313Z] > git remote --verbose [1ms]
[2022-03-07T10:01:17.322Z] > git config --get commit.template [1ms]
[2022-03-08T06:56:46.445Z] > git fetch [7233ms]
[2022-03-08T06:56:46.508Z] > git symbolic-ref --short HEAD [0ms]
[2022-03-08T06:56:46.516Z] > git for-each-ref --format=%(refname)%00%(upstream:short)%00%(objectname)%00%(upstream:track) refs/heads/master refs/remotes/master [2ms]
[2022-03-08T06:56:46.527Z] > git for-each-ref --sort -committerdate --format %(refname) %(objectname) %(*objectname) [5ms]
[2022-03-08T06:56:46.527Z] > git remote --verbose [1ms]
[2022-03-08T06:56:46.536Z] > git config --get commit.template [1ms]
[2022-03-08T07:13:53.482Z] > git fetch [5719ms]
[2022-03-08T07:13:53.547Z] > git symbolic-ref --short HEAD [1ms]
[2022-03-08T07:13:53.553Z] > git for-each-ref --format=%(refname)%00%(upstream:short)%00%(objectname)%00%(upstream:track) refs/heads/master refs/remotes/master [1ms]
[2022-03-08T07:13:53.564Z] > git for-each-ref --sort -committerdate --format %(refname) %(objectname) %(*objectname) [5ms]
[2022-03-08T07:13:53.564Z] > git remote --verbose [1ms]
[2022-03-08T07:13:53.571Z] > git config --get commit.template [1ms]
