[2022-03-09 16:35:53.860] [exthost] [info] Extension host with pid 4033801 started
[2022-03-09 16:35:53.860] [exthost] [info] Skipping acquiring lock for /home/eddy/.config/Code/User/workspaceStorage/405b93723a7b6495238cf53ad0eb15bf.
[2022-03-09 16:35:53.928] [exthost] [info] ExtensionService#_doActivateExtension GrapeCity.gc-excelviewer, startup: false, activationEvent: 'onLanguage:plaintext'
[2022-03-09 16:35:53.931] [exthost] [info] ExtensionService#_doActivateExtension iampeterbanjo.elixirlinter, startup: false, activationEvent: 'onLanguage:elixir'
[2022-03-09 16:35:53.933] [exthost] [info] ExtensionService#_doActivateExtension JakeBecker.elixir-ls, startup: false, activationEvent: 'onLanguage:elixir'
[2022-03-09 16:35:53.979] [exthost] [info] ExtensionService#_doActivateExtension vscode.microsoft-authentication, startup: false, activationEvent: 'onAuthenticationRequest:microsoft'
[2022-03-09 16:35:53.988] [exthost] [info] ExtensionService#_doActivateExtension vscode.debug-auto-launch, startup: true, activationEvent: '*'
[2022-03-09 16:35:53.989] [exthost] [info] ExtensionService#_doActivateExtension vscode.git-base, startup: true, activationEvent: '*', root cause: vscode.github
[2022-03-09 16:35:53.991] [exthost] [info] ExtensionService#_doActivateExtension vscode.ipynb, startup: true, activationEvent: '*'
[2022-03-09 16:35:53.995] [exthost] [info] ExtensionService#_doActivateExtension alefragnani.project-manager, startup: true, activationEvent: '*'
[2022-03-09 16:35:54.000] [exthost] [info] ExtensionService#_doActivateExtension christian-kohler.path-intellisense, startup: true, activationEvent: '*'
[2022-03-09 16:35:54.008] [exthost] [info] ExtensionService#_doActivateExtension doiken.quick-searcher, startup: true, activationEvent: '*'
[2022-03-09 16:35:54.009] [exthost] [info] ExtensionService#_doActivateExtension donjayamanne.githistory, startup: true, activationEvent: '*'
[2022-03-09 16:35:54.020] [exthost] [info] ExtensionService#_doActivateExtension GitHub.vscode-pull-request-github, startup: true, activationEvent: '*'
[2022-03-09 16:35:54.037] [exthost] [info] ExtensionService#_doActivateExtension ms-vscode.test-adapter-converter, startup: true, activationEvent: '*', root cause: hbenl.vscode-test-explorer
[2022-03-09 16:35:54.039] [exthost] [info] ExtensionService#_doActivateExtension KnisterPeter.vscode-github, startup: true, activationEvent: '*'
[2022-03-09 16:35:54.095] [exthost] [info] ExtensionService#_doActivateExtension mhutchie.git-graph, startup: true, activationEvent: '*'
[2022-03-09 16:35:54.104] [exthost] [info] ExtensionService#_doActivateExtension RobbOwen.synthwave-vscode, startup: true, activationEvent: '*'
[2022-03-09 16:35:54.107] [exthost] [info] ExtensionService#_doActivateExtension vortizhe.simple-ruby-erb, startup: true, activationEvent: '*'
[2022-03-09 16:35:54.107] [exthost] [info] ExtensionService#_doActivateExtension xyz.local-history, startup: true, activationEvent: '*'
[2022-03-09 16:35:54.118] [exthost] [info] ExtensionService#_doActivateExtension yzhang.markdown-all-in-one, startup: true, activationEvent: 'workspaceContains:README.md'
[2022-03-09 16:35:54.163] [exthost] [info] ExtensionService#_doActivateExtension vscode.markdown-math, startup: false, activationEvent: 'api', root cause: yzhang.markdown-all-in-one
[2022-03-09 16:35:54.432] [exthost] [info] ExtensionService#_doActivateExtension vscode.git, startup: false, activationEvent: 'api', root cause: donjayamanne.githistory
[2022-03-09 16:35:54.479] [exthost] [info] ExtensionService#_doActivateExtension redhat.fabric8-analytics, startup: true, activationEvent: 'workspaceContains:**/package.json,**/pom.xml,**/requirements.txt,**/go.mod'
[2022-03-09 16:35:54.519] [exthost] [info] ExtensionService#_doActivateExtension jebbs.plantuml, startup: false, activationEvent: 'api', root cause: yzhang.markdown-all-in-one
[2022-03-09 16:35:54.720] [exthost] [info] ExtensionService#_doActivateExtension vscode.github-authentication, startup: false, activationEvent: 'onAuthenticationRequest:github'
[2022-03-09 16:35:55.045] [exthost] [info] ExtensionService#_doActivateExtension vscode.github, startup: true, activationEvent: '*'
[2022-03-09 16:35:55.048] [exthost] [info] ExtensionService#_doActivateExtension hbenl.vscode-test-explorer, startup: true, activationEvent: '*'
[2022-03-09 16:35:55.073] [exthost] [info] Eager extensions activated
[2022-03-09 16:35:55.093] [exthost] [info] ExtensionService#_doActivateExtension vscode.emmet, startup: false, activationEvent: 'onStartupFinished'
[2022-03-09 16:35:55.098] [exthost] [info] ExtensionService#_doActivateExtension vscode.merge-conflict, startup: false, activationEvent: 'onStartupFinished'
[2022-03-09 16:35:55.100] [exthost] [info] ExtensionService#_doActivateExtension dbaeumer.vscode-eslint, startup: false, activationEvent: 'onStartupFinished'
[2022-03-09 16:35:55.107] [exthost] [info] ExtensionService#_doActivateExtension eamodio.gitlens, startup: false, activationEvent: 'onStartupFinished'
[2022-03-09 16:35:55.223] [exthost] [info] ExtensionService#_doActivateExtension ms-vscode-remote.remote-containers, startup: false, activationEvent: 'onStartupFinished'
[2022-03-09 16:35:55.247] [exthost] [info] ExtensionService#_doActivateExtension ms-vscode-remote.remote-wsl, startup: false, activationEvent: 'onStartupFinished'
[2022-03-09 16:35:55.250] [exthost] [info] ExtensionService#_doActivateExtension Trunk.io, startup: false, activationEvent: 'onStartupFinished'
[2022-03-09 16:36:27.432] [exthost] [warning] TextEditor is closed/disposed
[2022-03-09 16:36:27.548] [exthost] [info] ExtensionService#_doActivateExtension ms-azuretools.vscode-docker, startup: false, activationEvent: 'onLanguage:dockercompose'
[2022-03-09 16:36:27.643] [exthost] [info] ExtensionService#_doActivateExtension redhat.vscode-yaml, startup: false, activationEvent: 'onLanguage:dockercompose'
[2022-03-09 16:36:28.054] [exthost] [warning] [redhat.vscode-yaml] Accessing a resource scoped configuration without providing a resource is not expected. To get the effective value for '[yaml]', provide the URI of a resource or 'null' for any resource.
[2022-03-09 16:36:37.835] [exthost] [warning] TextEditor is closed/disposed
[2022-03-09 16:51:50.507] [exthost] [info] extension host terminating: renderer closed the socket
[2022-03-09 16:51:50.521] [exthost] [error] An error occurred when deactivating the subscriptions for extension 'iampeterbanjo.elixirlinter':
[2022-03-09 16:51:50.522] [exthost] [error] TypeError: Cannot read property 'dispose' of undefined
	at IdeExtensionProvider.dispose (/home/eddy/.vscode/extensions/iampeterbanjo.elixirlinter-0.4.1/out/src/ideExtensionProvider.js:8:26)
	at ElixirLintingProvider.dispose (/home/eddy/.vscode/extensions/iampeterbanjo.elixirlinter-0.4.1/out/src/credoProvider.js:51:24)
	at g (/usr/share/code/resources/app/out/vs/workbench/api/node/extensionHostProcess.js:8:12307)
	at d._deactivate (/usr/share/code/resources/app/out/vs/workbench/api/node/extensionHostProcess.js:90:11931)
	at /usr/share/code/resources/app/out/vs/workbench/api/node/extensionHostProcess.js:90:10226
	at Array.map (<anonymous>)
	at deactivateAll (/usr/share/code/resources/app/out/vs/workbench/api/node/extensionHostProcess.js:90:10214)
	at _.terminate (/usr/share/code/resources/app/out/vs/workbench/api/node/extensionHostProcess.js:94:880)
	at c (/usr/share/code/resources/app/out/vs/workbench/api/node/extensionHostProcess.js:104:36243)
	at Socket.<anonymous> (/usr/share/code/resources/app/out/vs/workbench/api/node/extensionHostProcess.js:104:33938)
	at Socket.emit (events.js:327:22)
	at Socket.EventEmitter.emit (domain.js:467:12)
	at Pipe.<anonymous> (net.js:673:12)
[2022-03-09 16:51:50.523] [exthost] [error] An error occurred when deactivating the subscriptions for extension 'jebbs.plantuml':
[2022-03-09 16:51:50.523] [exthost] [error] TypeError: Cannot read property 'dispose' of undefined
	at UI.dispose (/home/eddy/.vscode/extensions/jebbs.plantuml-2.17.2/out/src/ui/ui.js:23:21)
	at /home/eddy/.vscode/extensions/jebbs.plantuml-2.17.2/out/src/providers/previewer.js:37:87
	at Array.map (<anonymous>)
	at Previewer.dispose (/home/eddy/.vscode/extensions/jebbs.plantuml-2.17.2/out/src/providers/previewer.js:37:76)
	at g (/usr/share/code/resources/app/out/vs/workbench/api/node/extensionHostProcess.js:8:12307)
	at d._deactivate (/usr/share/code/resources/app/out/vs/workbench/api/node/extensionHostProcess.js:90:11931)
	at /usr/share/code/resources/app/out/vs/workbench/api/node/extensionHostProcess.js:90:10226
	at Array.map (<anonymous>)
	at deactivateAll (/usr/share/code/resources/app/out/vs/workbench/api/node/extensionHostProcess.js:90:10214)
	at _.terminate (/usr/share/code/resources/app/out/vs/workbench/api/node/extensionHostProcess.js:94:880)
	at c (/usr/share/code/resources/app/out/vs/workbench/api/node/extensionHostProcess.js:104:36243)
	at Socket.<anonymous> (/usr/share/code/resources/app/out/vs/workbench/api/node/extensionHostProcess.js:104:33938)
	at Socket.emit (events.js:327:22)
	at Socket.EventEmitter.emit (domain.js:467:12)
	at Pipe.<anonymous> (net.js:673:12)
[2022-03-09 16:51:50.532] [exthost] [warning] {"name":"Canceled"}
[2022-03-09 16:51:50.544] [exthost] [error] Canceled: Canceled
	at Object.F [as canceled] (/usr/share/code/resources/app/out/vs/workbench/api/node/extensionHostProcess.js:5:1172)
	at n._remoteCall (/usr/share/code/resources/app/out/vs/workbench/api/node/extensionHostProcess.js:89:13886)
	at Proxy.y.<computed>.$.charCodeAt.y.<computed> (/usr/share/code/resources/app/out/vs/workbench/api/node/extensionHostProcess.js:89:10294)
	at f._doExecuteCommand (/usr/share/code/resources/app/out/vs/workbench/api/node/extensionHostProcess.js:85:29651)
	at f.executeCommand (/usr/share/code/resources/app/out/vs/workbench/api/node/extensionHostProcess.js:85:29049)
	at Object.executeCommand (/usr/share/code/resources/app/out/vs/workbench/api/node/extensionHostProcess.js:99:31630)
	at clearContext (/home/eddy/.vscode/extensions/trunk.io-0.2.1/out/index.js:44:17976)
	at clearContexts (/home/eddy/.vscode/extensions/trunk.io-0.2.1/out/index.js:44:18141)
	at Object.deactivate (/home/eddy/.vscode/extensions/trunk.io-0.2.1/out/index.js:44:37531)
	at d._deactivate (/usr/share/code/resources/app/out/vs/workbench/api/node/extensionHostProcess.js:90:11702)
	at /usr/share/code/resources/app/out/vs/workbench/api/node/extensionHostProcess.js:90:10226
	at Array.map (<anonymous>)
	at deactivateAll (/usr/share/code/resources/app/out/vs/workbench/api/node/extensionHostProcess.js:90:10214)
	at _.terminate (/usr/share/code/resources/app/out/vs/workbench/api/node/extensionHostProcess.js:94:880)
	at c (/usr/share/code/resources/app/out/vs/workbench/api/node/extensionHostProcess.js:104:36243)
	at Socket.<anonymous> (/usr/share/code/resources/app/out/vs/workbench/api/node/extensionHostProcess.js:104:33938)
	at Socket.emit (events.js:327:22)
	at Socket.EventEmitter.emit (domain.js:467:12)
	at Pipe.<anonymous> (net.js:673:12)
[2022-03-09 16:51:50.573] [exthost] [info] Extension host with pid 4033801 exiting with code 0
[2022-03-09 16:51:52.121] [exthost] [info] Extension host with pid 4062353 started
[2022-03-09 16:51:52.121] [exthost] [info] Skipping acquiring lock for /home/eddy/.config/Code/User/workspaceStorage/1ff828ffba90e55f6231f68fb51e1a81.
[2022-03-09 16:51:52.212] [exthost] [info] ExtensionService#_doActivateExtension GrapeCity.gc-excelviewer, startup: false, activationEvent: 'onLanguage:plaintext'
[2022-03-09 16:51:52.214] [exthost] [info] ExtensionService#_doActivateExtension iampeterbanjo.elixirlinter, startup: false, activationEvent: 'onLanguage:elixir'
[2022-03-09 16:51:52.217] [exthost] [info] ExtensionService#_doActivateExtension JakeBecker.elixir-ls, startup: false, activationEvent: 'onLanguage:elixir'
[2022-03-09 16:51:52.255] [exthost] [info] ExtensionService#_doActivateExtension vscode.microsoft-authentication, startup: false, activationEvent: 'onAuthenticationRequest:microsoft'
[2022-03-09 16:51:52.264] [exthost] [info] ExtensionService#_doActivateExtension vscode.debug-auto-launch, startup: true, activationEvent: '*'
[2022-03-09 16:51:52.266] [exthost] [info] ExtensionService#_doActivateExtension vscode.git-base, startup: true, activationEvent: '*', root cause: vscode.github
[2022-03-09 16:51:52.268] [exthost] [info] ExtensionService#_doActivateExtension vscode.ipynb, startup: true, activationEvent: '*'
[2022-03-09 16:51:52.270] [exthost] [info] ExtensionService#_doActivateExtension alefragnani.project-manager, startup: true, activationEvent: '*'
[2022-03-09 16:51:52.280] [exthost] [info] ExtensionService#_doActivateExtension christian-kohler.path-intellisense, startup: true, activationEvent: '*'
[2022-03-09 16:51:52.290] [exthost] [info] ExtensionService#_doActivateExtension doiken.quick-searcher, startup: true, activationEvent: '*'
[2022-03-09 16:51:52.292] [exthost] [info] ExtensionService#_doActivateExtension donjayamanne.githistory, startup: true, activationEvent: '*'
[2022-03-09 16:51:52.307] [exthost] [info] ExtensionService#_doActivateExtension GitHub.vscode-pull-request-github, startup: true, activationEvent: '*'
[2022-03-09 16:51:52.328] [exthost] [info] ExtensionService#_doActivateExtension ms-vscode.test-adapter-converter, startup: true, activationEvent: '*', root cause: hbenl.vscode-test-explorer
[2022-03-09 16:51:52.330] [exthost] [info] ExtensionService#_doActivateExtension KnisterPeter.vscode-github, startup: true, activationEvent: '*'
[2022-03-09 16:51:52.397] [exthost] [info] ExtensionService#_doActivateExtension mhutchie.git-graph, startup: true, activationEvent: '*'
[2022-03-09 16:51:52.406] [exthost] [info] ExtensionService#_doActivateExtension RobbOwen.synthwave-vscode, startup: true, activationEvent: '*'
[2022-03-09 16:51:52.409] [exthost] [info] ExtensionService#_doActivateExtension vortizhe.simple-ruby-erb, startup: true, activationEvent: '*'
[2022-03-09 16:51:52.409] [exthost] [info] ExtensionService#_doActivateExtension xyz.local-history, startup: true, activationEvent: '*'
[2022-03-09 16:51:52.421] [exthost] [info] ExtensionService#_doActivateExtension yzhang.markdown-all-in-one, startup: true, activationEvent: 'workspaceContains:README.md'
[2022-03-09 16:51:52.465] [exthost] [info] ExtensionService#_doActivateExtension vscode.markdown-math, startup: false, activationEvent: 'api', root cause: yzhang.markdown-all-in-one
[2022-03-09 16:51:52.726] [exthost] [info] ExtensionService#_doActivateExtension vscode.git, startup: false, activationEvent: 'api', root cause: donjayamanne.githistory
[2022-03-09 16:51:52.790] [exthost] [info] ExtensionService#_doActivateExtension jebbs.plantuml, startup: false, activationEvent: 'api', root cause: yzhang.markdown-all-in-one
[2022-03-09 16:51:52.862] [exthost] [info] ExtensionService#_doActivateExtension vscode.github-authentication, startup: false, activationEvent: 'onAuthenticationRequest:github'
[2022-03-09 16:51:53.164] [exthost] [info] ExtensionService#_doActivateExtension vscode.github, startup: true, activationEvent: '*'
[2022-03-09 16:51:53.166] [exthost] [info] ExtensionService#_doActivateExtension hbenl.vscode-test-explorer, startup: true, activationEvent: '*'
[2022-03-09 16:51:53.192] [exthost] [info] Eager extensions activated
[2022-03-09 16:51:53.202] [exthost] [info] ExtensionService#_doActivateExtension vscode.emmet, startup: false, activationEvent: 'onStartupFinished'
[2022-03-09 16:51:53.206] [exthost] [info] ExtensionService#_doActivateExtension vscode.merge-conflict, startup: false, activationEvent: 'onStartupFinished'
[2022-03-09 16:51:53.207] [exthost] [info] ExtensionService#_doActivateExtension dbaeumer.vscode-eslint, startup: false, activationEvent: 'onStartupFinished'
[2022-03-09 16:51:53.213] [exthost] [info] ExtensionService#_doActivateExtension eamodio.gitlens, startup: false, activationEvent: 'onStartupFinished'
[2022-03-09 16:51:53.247] [exthost] [info] ExtensionService#_doActivateExtension ms-vscode-remote.remote-containers, startup: false, activationEvent: 'onStartupFinished'
[2022-03-09 16:51:53.269] [exthost] [info] ExtensionService#_doActivateExtension ms-vscode-remote.remote-wsl, startup: false, activationEvent: 'onStartupFinished'
[2022-03-09 16:51:53.272] [exthost] [info] ExtensionService#_doActivateExtension Trunk.io, startup: false, activationEvent: 'onStartupFinished'
[2022-03-09 16:51:59.710] [exthost] [warning] TextEditor is closed/disposed
[2022-03-09 16:51:59.797] [exthost] [info] ExtensionService#_doActivateExtension ms-azuretools.vscode-docker, startup: false, activationEvent: 'onLanguage:dockercompose'
[2022-03-09 16:51:59.891] [exthost] [info] ExtensionService#_doActivateExtension redhat.vscode-yaml, startup: false, activationEvent: 'onLanguage:dockercompose'
[2022-03-09 16:52:00.247] [exthost] [warning] [redhat.vscode-yaml] Accessing a resource scoped configuration without providing a resource is not expected. To get the effective value for '[yaml]', provide the URI of a resource or 'null' for any resource.
[2022-03-09 16:53:51.889] [exthost] [info] extension host terminating: renderer closed the socket
[2022-03-09 16:53:51.905] [exthost] [error] An error occurred when deactivating the subscriptions for extension 'iampeterbanjo.elixirlinter':
[2022-03-09 16:53:51.905] [exthost] [error] TypeError: Cannot read property 'dispose' of undefined
	at IdeExtensionProvider.dispose (/home/eddy/.vscode/extensions/iampeterbanjo.elixirlinter-0.4.1/out/src/ideExtensionProvider.js:8:26)
	at ElixirLintingProvider.dispose (/home/eddy/.vscode/extensions/iampeterbanjo.elixirlinter-0.4.1/out/src/credoProvider.js:51:24)
	at g (/usr/share/code/resources/app/out/vs/workbench/api/node/extensionHostProcess.js:8:12307)
	at d._deactivate (/usr/share/code/resources/app/out/vs/workbench/api/node/extensionHostProcess.js:90:11931)
	at /usr/share/code/resources/app/out/vs/workbench/api/node/extensionHostProcess.js:90:10226
	at Array.map (<anonymous>)
	at deactivateAll (/usr/share/code/resources/app/out/vs/workbench/api/node/extensionHostProcess.js:90:10214)
	at _.terminate (/usr/share/code/resources/app/out/vs/workbench/api/node/extensionHostProcess.js:94:880)
	at c (/usr/share/code/resources/app/out/vs/workbench/api/node/extensionHostProcess.js:104:36243)
	at Socket.<anonymous> (/usr/share/code/resources/app/out/vs/workbench/api/node/extensionHostProcess.js:104:33938)
	at Socket.emit (events.js:327:22)
	at Socket.EventEmitter.emit (domain.js:467:12)
	at Pipe.<anonymous> (net.js:673:12)
[2022-03-09 16:53:51.906] [exthost] [error] An error occurred when deactivating the subscriptions for extension 'jebbs.plantuml':
[2022-03-09 16:53:51.906] [exthost] [error] TypeError: Cannot read property 'dispose' of undefined
	at UI.dispose (/home/eddy/.vscode/extensions/jebbs.plantuml-2.17.2/out/src/ui/ui.js:23:21)
	at /home/eddy/.vscode/extensions/jebbs.plantuml-2.17.2/out/src/providers/previewer.js:37:87
	at Array.map (<anonymous>)
	at Previewer.dispose (/home/eddy/.vscode/extensions/jebbs.plantuml-2.17.2/out/src/providers/previewer.js:37:76)
	at g (/usr/share/code/resources/app/out/vs/workbench/api/node/extensionHostProcess.js:8:12307)
	at d._deactivate (/usr/share/code/resources/app/out/vs/workbench/api/node/extensionHostProcess.js:90:11931)
	at /usr/share/code/resources/app/out/vs/workbench/api/node/extensionHostProcess.js:90:10226
	at Array.map (<anonymous>)
	at deactivateAll (/usr/share/code/resources/app/out/vs/workbench/api/node/extensionHostProcess.js:90:10214)
	at _.terminate (/usr/share/code/resources/app/out/vs/workbench/api/node/extensionHostProcess.js:94:880)
	at c (/usr/share/code/resources/app/out/vs/workbench/api/node/extensionHostProcess.js:104:36243)
	at Socket.<anonymous> (/usr/share/code/resources/app/out/vs/workbench/api/node/extensionHostProcess.js:104:33938)
	at Socket.emit (events.js:327:22)
	at Socket.EventEmitter.emit (domain.js:467:12)
	at Pipe.<anonymous> (net.js:673:12)
[2022-03-09 16:53:51.914] [exthost] [warning] {"name":"Canceled"}
[2022-03-09 16:53:51.916] [exthost] [error] Canceled: Canceled
	at Object.F [as canceled] (/usr/share/code/resources/app/out/vs/workbench/api/node/extensionHostProcess.js:5:1172)
	at n._remoteCall (/usr/share/code/resources/app/out/vs/workbench/api/node/extensionHostProcess.js:89:13886)
	at Proxy.y.<computed>.$.charCodeAt.y.<computed> (/usr/share/code/resources/app/out/vs/workbench/api/node/extensionHostProcess.js:89:10294)
	at f._doExecuteCommand (/usr/share/code/resources/app/out/vs/workbench/api/node/extensionHostProcess.js:85:29651)
	at f.executeCommand (/usr/share/code/resources/app/out/vs/workbench/api/node/extensionHostProcess.js:85:29049)
	at Object.executeCommand (/usr/share/code/resources/app/out/vs/workbench/api/node/extensionHostProcess.js:99:31630)
	at clearContext (/home/eddy/.vscode/extensions/trunk.io-0.2.1/out/index.js:44:17976)
	at clearContexts (/home/eddy/.vscode/extensions/trunk.io-0.2.1/out/index.js:44:18141)
	at Object.deactivate (/home/eddy/.vscode/extensions/trunk.io-0.2.1/out/index.js:44:37531)
	at d._deactivate (/usr/share/code/resources/app/out/vs/workbench/api/node/extensionHostProcess.js:90:11702)
	at /usr/share/code/resources/app/out/vs/workbench/api/node/extensionHostProcess.js:90:10226
	at Array.map (<anonymous>)
	at deactivateAll (/usr/share/code/resources/app/out/vs/workbench/api/node/extensionHostProcess.js:90:10214)
	at _.terminate (/usr/share/code/resources/app/out/vs/workbench/api/node/extensionHostProcess.js:94:880)
	at c (/usr/share/code/resources/app/out/vs/workbench/api/node/extensionHostProcess.js:104:36243)
	at Socket.<anonymous> (/usr/share/code/resources/app/out/vs/workbench/api/node/extensionHostProcess.js:104:33938)
	at Socket.emit (events.js:327:22)
	at Socket.EventEmitter.emit (domain.js:467:12)
	at Pipe.<anonymous> (net.js:673:12)
[2022-03-09 16:53:51.923] [exthost] [info] Extension host with pid 4062353 exiting with code 0
