internal/modules/cjs/loader.js:937
  throw err;
  ^

Error: Cannot find module 'side-channel'
Require stack:
- /home/eddy/.vscode/extensions/mads-hartmann.bash-ide-vscode-1.12.0/node_modules/qs/lib/stringify.js
- /home/eddy/.vscode/extensions/mads-hartmann.bash-ide-vscode-1.12.0/node_modules/qs/lib/index.js
- /home/eddy/.vscode/extensions/mads-hartmann.bash-ide-vscode-1.12.0/node_modules/request/lib/querystring.js
- /home/eddy/.vscode/extensions/mads-hartmann.bash-ide-vscode-1.12.0/node_modules/request/request.js
- /home/eddy/.vscode/extensions/mads-hartmann.bash-ide-vscode-1.12.0/node_modules/request/index.js
- /home/eddy/.vscode/extensions/mads-hartmann.bash-ide-vscode-1.12.0/node_modules/request-promise-native/lib/rp.js
- /home/eddy/.vscode/extensions/mads-hartmann.bash-ide-vscode-1.12.0/node_modules/jsdom/lib/api.js
- /home/eddy/.vscode/extensions/mads-hartmann.bash-ide-vscode-1.12.0/node_modules/turndown/lib/turndown.cjs.js
- /home/eddy/.vscode/extensions/mads-hartmann.bash-ide-vscode-1.12.0/node_modules/bash-language-server/out/server.js
- /home/eddy/.vscode/extensions/mads-hartmann.bash-ide-vscode-1.12.0/out/server.js
    at Function.Module._resolveFilename (internal/modules/cjs/loader.js:934:15)
    at Module._load (internal/modules/cjs/loader.js:779:27)
    at Function.f._load (electron/js2c/asar_bundle.js:5:12913)
    at Module.require (internal/modules/cjs/loader.js:1006:19)
    at require (internal/modules/cjs/helpers.js:88:18)
    at Object.<anonymous> (/home/eddy/.vscode/extensions/mads-hartmann.bash-ide-vscode-1.12.0/node_modules/qs/lib/stringify.js:3:22)
    at Module._compile (internal/modules/cjs/loader.js:1125:30)
    at Object.Module._extensions..js (internal/modules/cjs/loader.js:1155:10)
    at Module.load (internal/modules/cjs/loader.js:982:32)
    at Module._load (internal/modules/cjs/loader.js:823:14) {
  code: 'MODULE_NOT_FOUND',
  requireStack: [
    '/home/eddy/.vscode/extensions/mads-hartmann.bash-ide-vscode-1.12.0/node_modules/qs/lib/stringify.js',
    '/home/eddy/.vscode/extensions/mads-hartmann.bash-ide-vscode-1.12.0/node_modules/qs/lib/index.js',
    '/home/eddy/.vscode/extensions/mads-hartmann.bash-ide-vscode-1.12.0/node_modules/request/lib/querystring.js',
    '/home/eddy/.vscode/extensions/mads-hartmann.bash-ide-vscode-1.12.0/node_modules/request/request.js',
    '/home/eddy/.vscode/extensions/mads-hartmann.bash-ide-vscode-1.12.0/node_modules/request/index.js',
    '/home/eddy/.vscode/extensions/mads-hartmann.bash-ide-vscode-1.12.0/node_modules/request-promise-native/lib/rp.js',
    '/home/eddy/.vscode/extensions/mads-hartmann.bash-ide-vscode-1.12.0/node_modules/jsdom/lib/api.js',
    '/home/eddy/.vscode/extensions/mads-hartmann.bash-ide-vscode-1.12.0/node_modules/turndown/lib/turndown.cjs.js',
    '/home/eddy/.vscode/extensions/mads-hartmann.bash-ide-vscode-1.12.0/node_modules/bash-language-server/out/server.js',
    '/home/eddy/.vscode/extensions/mads-hartmann.bash-ide-vscode-1.12.0/out/server.js'
  ]
}
[Info  - 11:34:25 AM] Connection to server got closed. Server will restart.
internal/modules/cjs/loader.js:937
  throw err;
  ^

Error: Cannot find module 'side-channel'
Require stack:
- /home/eddy/.vscode/extensions/mads-hartmann.bash-ide-vscode-1.12.0/node_modules/qs/lib/stringify.js
- /home/eddy/.vscode/extensions/mads-hartmann.bash-ide-vscode-1.12.0/node_modules/qs/lib/index.js
- /home/eddy/.vscode/extensions/mads-hartmann.bash-ide-vscode-1.12.0/node_modules/request/lib/querystring.js
- /home/eddy/.vscode/extensions/mads-hartmann.bash-ide-vscode-1.12.0/node_modules/request/request.js
- /home/eddy/.vscode/extensions/mads-hartmann.bash-ide-vscode-1.12.0/node_modules/request/index.js
- /home/eddy/.vscode/extensions/mads-hartmann.bash-ide-vscode-1.12.0/node_modules/request-promise-native/lib/rp.js
- /home/eddy/.vscode/extensions/mads-hartmann.bash-ide-vscode-1.12.0/node_modules/jsdom/lib/api.js
- /home/eddy/.vscode/extensions/mads-hartmann.bash-ide-vscode-1.12.0/node_modules/turndown/lib/turndown.cjs.js
- /home/eddy/.vscode/extensions/mads-hartmann.bash-ide-vscode-1.12.0/node_modules/bash-language-server/out/server.js
- /home/eddy/.vscode/extensions/mads-hartmann.bash-ide-vscode-1.12.0/out/server.js
    at Function.Module._resolveFilename (internal/modules/cjs/loader.js:934:15)
    at Module._load (internal/modules/cjs/loader.js:779:27)
    at Function.f._load (electron/js2c/asar_bundle.js:5:12913)
    at Module.require (internal/modules/cjs/loader.js:1006:19)
    at require (internal/modules/cjs/helpers.js:88:18)
    at Object.<anonymous> (/home/eddy/.vscode/extensions/mads-hartmann.bash-ide-vscode-1.12.0/node_modules/qs/lib/stringify.js:3:22)
    at Module._compile (internal/modules/cjs/loader.js:1125:30)
    at Object.Module._extensions..js (internal/modules/cjs/loader.js:1155:10)
    at Module.load (internal/modules/cjs/loader.js:982:32)
    at Module._load (internal/modules/cjs/loader.js:823:14) {
  code: 'MODULE_NOT_FOUND',
  requireStack: [
    '/home/eddy/.vscode/extensions/mads-hartmann.bash-ide-vscode-1.12.0/node_modules/qs/lib/stringify.js',
    '/home/eddy/.vscode/extensions/mads-hartmann.bash-ide-vscode-1.12.0/node_modules/qs/lib/index.js',
    '/home/eddy/.vscode/extensions/mads-hartmann.bash-ide-vscode-1.12.0/node_modules/request/lib/querystring.js',
    '/home/eddy/.vscode/extensions/mads-hartmann.bash-ide-vscode-1.12.0/node_modules/request/request.js',
    '/home/eddy/.vscode/extensions/mads-hartmann.bash-ide-vscode-1.12.0/node_modules/request/index.js',
    '/home/eddy/.vscode/extensions/mads-hartmann.bash-ide-vscode-1.12.0/node_modules/request-promise-native/lib/rp.js',
    '/home/eddy/.vscode/extensions/mads-hartmann.bash-ide-vscode-1.12.0/node_modules/jsdom/lib/api.js',
    '/home/eddy/.vscode/extensions/mads-hartmann.bash-ide-vscode-1.12.0/node_modules/turndown/lib/turndown.cjs.js',
    '/home/eddy/.vscode/extensions/mads-hartmann.bash-ide-vscode-1.12.0/node_modules/bash-language-server/out/server.js',
    '/home/eddy/.vscode/extensions/mads-hartmann.bash-ide-vscode-1.12.0/out/server.js'
  ]
}
[Info  - 11:34:25 AM] Connection to server got closed. Server will restart.
internal/modules/cjs/loader.js:937
  throw err;
  ^

Error: Cannot find module 'side-channel'
Require stack:
- /home/eddy/.vscode/extensions/mads-hartmann.bash-ide-vscode-1.12.0/node_modules/qs/lib/stringify.js
- /home/eddy/.vscode/extensions/mads-hartmann.bash-ide-vscode-1.12.0/node_modules/qs/lib/index.js
- /home/eddy/.vscode/extensions/mads-hartmann.bash-ide-vscode-1.12.0/node_modules/request/lib/querystring.js
- /home/eddy/.vscode/extensions/mads-hartmann.bash-ide-vscode-1.12.0/node_modules/request/request.js
- /home/eddy/.vscode/extensions/mads-hartmann.bash-ide-vscode-1.12.0/node_modules/request/index.js
- /home/eddy/.vscode/extensions/mads-hartmann.bash-ide-vscode-1.12.0/node_modules/request-promise-native/lib/rp.js
- /home/eddy/.vscode/extensions/mads-hartmann.bash-ide-vscode-1.12.0/node_modules/jsdom/lib/api.js
- /home/eddy/.vscode/extensions/mads-hartmann.bash-ide-vscode-1.12.0/node_modules/turndown/lib/turndown.cjs.js
- /home/eddy/.vscode/extensions/mads-hartmann.bash-ide-vscode-1.12.0/node_modules/bash-language-server/out/server.js
- /home/eddy/.vscode/extensions/mads-hartmann.bash-ide-vscode-1.12.0/out/server.js
    at Function.Module._resolveFilename (internal/modules/cjs/loader.js:934:15)
    at Module._load (internal/modules/cjs/loader.js:779:27)
    at Function.f._load (electron/js2c/asar_bundle.js:5:12913)
    at Module.require (internal/modules/cjs/loader.js:1006:19)
    at require (internal/modules/cjs/helpers.js:88:18)
    at Object.<anonymous> (/home/eddy/.vscode/extensions/mads-hartmann.bash-ide-vscode-1.12.0/node_modules/qs/lib/stringify.js:3:22)
    at Module._compile (internal/modules/cjs/loader.js:1125:30)
    at Object.Module._extensions..js (internal/modules/cjs/loader.js:1155:10)
    at Module.load (internal/modules/cjs/loader.js:982:32)
    at Module._load (internal/modules/cjs/loader.js:823:14) {
  code: 'MODULE_NOT_FOUND',
  requireStack: [
    '/home/eddy/.vscode/extensions/mads-hartmann.bash-ide-vscode-1.12.0/node_modules/qs/lib/stringify.js',
    '/home/eddy/.vscode/extensions/mads-hartmann.bash-ide-vscode-1.12.0/node_modules/qs/lib/index.js',
    '/home/eddy/.vscode/extensions/mads-hartmann.bash-ide-vscode-1.12.0/node_modules/request/lib/querystring.js',
    '/home/eddy/.vscode/extensions/mads-hartmann.bash-ide-vscode-1.12.0/node_modules/request/request.js',
    '/home/eddy/.vscode/extensions/mads-hartmann.bash-ide-vscode-1.12.0/node_modules/request/index.js',
    '/home/eddy/.vscode/extensions/mads-hartmann.bash-ide-vscode-1.12.0/node_modules/request-promise-native/lib/rp.js',
    '/home/eddy/.vscode/extensions/mads-hartmann.bash-ide-vscode-1.12.0/node_modules/jsdom/lib/api.js',
    '/home/eddy/.vscode/extensions/mads-hartmann.bash-ide-vscode-1.12.0/node_modules/turndown/lib/turndown.cjs.js',
    '/home/eddy/.vscode/extensions/mads-hartmann.bash-ide-vscode-1.12.0/node_modules/bash-language-server/out/server.js',
    '/home/eddy/.vscode/extensions/mads-hartmann.bash-ide-vscode-1.12.0/out/server.js'
  ]
}
[Info  - 11:34:26 AM] Connection to server got closed. Server will restart.
internal/modules/cjs/loader.js:937
  throw err;
  ^

Error: Cannot find module 'side-channel'
Require stack:
- /home/eddy/.vscode/extensions/mads-hartmann.bash-ide-vscode-1.12.0/node_modules/qs/lib/stringify.js
- /home/eddy/.vscode/extensions/mads-hartmann.bash-ide-vscode-1.12.0/node_modules/qs/lib/index.js
- /home/eddy/.vscode/extensions/mads-hartmann.bash-ide-vscode-1.12.0/node_modules/request/lib/querystring.js
- /home/eddy/.vscode/extensions/mads-hartmann.bash-ide-vscode-1.12.0/node_modules/request/request.js
- /home/eddy/.vscode/extensions/mads-hartmann.bash-ide-vscode-1.12.0/node_modules/request/index.js
- /home/eddy/.vscode/extensions/mads-hartmann.bash-ide-vscode-1.12.0/node_modules/request-promise-native/lib/rp.js
- /home/eddy/.vscode/extensions/mads-hartmann.bash-ide-vscode-1.12.0/node_modules/jsdom/lib/api.js
- /home/eddy/.vscode/extensions/mads-hartmann.bash-ide-vscode-1.12.0/node_modules/turndown/lib/turndown.cjs.js
- /home/eddy/.vscode/extensions/mads-hartmann.bash-ide-vscode-1.12.0/node_modules/bash-language-server/out/server.js
- /home/eddy/.vscode/extensions/mads-hartmann.bash-ide-vscode-1.12.0/out/server.js
    at Function.Module._resolveFilename (internal/modules/cjs/loader.js:934:15)
    at Module._load (internal/modules/cjs/loader.js:779:27)
    at Function.f._load (electron/js2c/asar_bundle.js:5:12913)
    at Module.require (internal/modules/cjs/loader.js:1006:19)
    at require (internal/modules/cjs/helpers.js:88:18)
    at Object.<anonymous> (/home/eddy/.vscode/extensions/mads-hartmann.bash-ide-vscode-1.12.0/node_modules/qs/lib/stringify.js:3:22)
    at Module._compile (internal/modules/cjs/loader.js:1125:30)
    at Object.Module._extensions..js (internal/modules/cjs/loader.js:1155:10)
    at Module.load (internal/modules/cjs/loader.js:982:32)
    at Module._load (internal/modules/cjs/loader.js:823:14) {
  code: 'MODULE_NOT_FOUND',
  requireStack: [
    '/home/eddy/.vscode/extensions/mads-hartmann.bash-ide-vscode-1.12.0/node_modules/qs/lib/stringify.js',
    '/home/eddy/.vscode/extensions/mads-hartmann.bash-ide-vscode-1.12.0/node_modules/qs/lib/index.js',
    '/home/eddy/.vscode/extensions/mads-hartmann.bash-ide-vscode-1.12.0/node_modules/request/lib/querystring.js',
    '/home/eddy/.vscode/extensions/mads-hartmann.bash-ide-vscode-1.12.0/node_modules/request/request.js',
    '/home/eddy/.vscode/extensions/mads-hartmann.bash-ide-vscode-1.12.0/node_modules/request/index.js',
    '/home/eddy/.vscode/extensions/mads-hartmann.bash-ide-vscode-1.12.0/node_modules/request-promise-native/lib/rp.js',
    '/home/eddy/.vscode/extensions/mads-hartmann.bash-ide-vscode-1.12.0/node_modules/jsdom/lib/api.js',
    '/home/eddy/.vscode/extensions/mads-hartmann.bash-ide-vscode-1.12.0/node_modules/turndown/lib/turndown.cjs.js',
    '/home/eddy/.vscode/extensions/mads-hartmann.bash-ide-vscode-1.12.0/node_modules/bash-language-server/out/server.js',
    '/home/eddy/.vscode/extensions/mads-hartmann.bash-ide-vscode-1.12.0/out/server.js'
  ]
}
[Info  - 11:34:26 AM] Connection to server got closed. Server will restart.
internal/modules/cjs/loader.js:937
  throw err;
  ^

Error: Cannot find module 'side-channel'
Require stack:
- /home/eddy/.vscode/extensions/mads-hartmann.bash-ide-vscode-1.12.0/node_modules/qs/lib/stringify.js
- /home/eddy/.vscode/extensions/mads-hartmann.bash-ide-vscode-1.12.0/node_modules/qs/lib/index.js
- /home/eddy/.vscode/extensions/mads-hartmann.bash-ide-vscode-1.12.0/node_modules/request/lib/querystring.js
- /home/eddy/.vscode/extensions/mads-hartmann.bash-ide-vscode-1.12.0/node_modules/request/request.js
- /home/eddy/.vscode/extensions/mads-hartmann.bash-ide-vscode-1.12.0/node_modules/request/index.js
- /home/eddy/.vscode/extensions/mads-hartmann.bash-ide-vscode-1.12.0/node_modules/request-promise-native/lib/rp.js
- /home/eddy/.vscode/extensions/mads-hartmann.bash-ide-vscode-1.12.0/node_modules/jsdom/lib/api.js
- /home/eddy/.vscode/extensions/mads-hartmann.bash-ide-vscode-1.12.0/node_modules/turndown/lib/turndown.cjs.js
- /home/eddy/.vscode/extensions/mads-hartmann.bash-ide-vscode-1.12.0/node_modules/bash-language-server/out/server.js
- /home/eddy/.vscode/extensions/mads-hartmann.bash-ide-vscode-1.12.0/out/server.js
    at Function.Module._resolveFilename (internal/modules/cjs/loader.js:934:15)
    at Module._load (internal/modules/cjs/loader.js:779:27)
    at Function.f._load (electron/js2c/asar_bundle.js:5:12913)
    at Module.require (internal/modules/cjs/loader.js:1006:19)
    at require (internal/modules/cjs/helpers.js:88:18)
    at Object.<anonymous> (/home/eddy/.vscode/extensions/mads-hartmann.bash-ide-vscode-1.12.0/node_modules/qs/lib/stringify.js:3:22)
    at Module._compile (internal/modules/cjs/loader.js:1125:30)
    at Object.Module._extensions..js (internal/modules/cjs/loader.js:1155:10)
    at Module.load (internal/modules/cjs/loader.js:982:32)
    at Module._load (internal/modules/cjs/loader.js:823:14) {
  code: 'MODULE_NOT_FOUND',
  requireStack: [
    '/home/eddy/.vscode/extensions/mads-hartmann.bash-ide-vscode-1.12.0/node_modules/qs/lib/stringify.js',
    '/home/eddy/.vscode/extensions/mads-hartmann.bash-ide-vscode-1.12.0/node_modules/qs/lib/index.js',
    '/home/eddy/.vscode/extensions/mads-hartmann.bash-ide-vscode-1.12.0/node_modules/request/lib/querystring.js',
    '/home/eddy/.vscode/extensions/mads-hartmann.bash-ide-vscode-1.12.0/node_modules/request/request.js',
    '/home/eddy/.vscode/extensions/mads-hartmann.bash-ide-vscode-1.12.0/node_modules/request/index.js',
    '/home/eddy/.vscode/extensions/mads-hartmann.bash-ide-vscode-1.12.0/node_modules/request-promise-native/lib/rp.js',
    '/home/eddy/.vscode/extensions/mads-hartmann.bash-ide-vscode-1.12.0/node_modules/jsdom/lib/api.js',
    '/home/eddy/.vscode/extensions/mads-hartmann.bash-ide-vscode-1.12.0/node_modules/turndown/lib/turndown.cjs.js',
    '/home/eddy/.vscode/extensions/mads-hartmann.bash-ide-vscode-1.12.0/node_modules/bash-language-server/out/server.js',
    '/home/eddy/.vscode/extensions/mads-hartmann.bash-ide-vscode-1.12.0/out/server.js'
  ]
}
[Error - 11:34:26 AM] Connection to server got closed. Server will not be restarted.
