[2022-03-04 09:39:23.628] [exthost] [info] Extension host with pid 3613017 started
[2022-03-04 09:39:23.628] [exthost] [info] Skipping acquiring lock for /home/eddy/.config/Code/User/workspaceStorage/405b93723a7b6495238cf53ad0eb15bf.
[2022-03-04 09:39:23.705] [exthost] [info] ExtensionService#_doActivateExtension GrapeCity.gc-excelviewer, startup: false, activationEvent: 'onLanguage:plaintext'
[2022-03-04 09:39:23.710] [exthost] [info] ExtensionService#_doActivateExtension iampeterbanjo.elixirlinter, startup: false, activationEvent: 'onLanguage:elixir'
[2022-03-04 09:39:23.712] [exthost] [info] ExtensionService#_doActivateExtension JakeBecker.elixir-ls, startup: false, activationEvent: 'onLanguage:elixir'
[2022-03-04 09:39:23.769] [exthost] [info] ExtensionService#_doActivateExtension vscode.microsoft-authentication, startup: false, activationEvent: 'onAuthenticationRequest:microsoft'
[2022-03-04 09:39:23.803] [exthost] [info] ExtensionService#_doActivateExtension vscode.debug-auto-launch, startup: true, activationEvent: '*'
[2022-03-04 09:39:23.805] [exthost] [info] ExtensionService#_doActivateExtension vscode.git-base, startup: true, activationEvent: '*', root cause: vscode.github
[2022-03-04 09:39:23.808] [exthost] [info] ExtensionService#_doActivateExtension vscode.ipynb, startup: true, activationEvent: '*'
[2022-03-04 09:39:23.818] [exthost] [info] ExtensionService#_doActivateExtension alefragnani.project-manager, startup: true, activationEvent: '*'
[2022-03-04 09:39:23.831] [exthost] [info] ExtensionService#_doActivateExtension christian-kohler.path-intellisense, startup: true, activationEvent: '*'
[2022-03-04 09:39:23.840] [exthost] [info] ExtensionService#_doActivateExtension doiken.quick-searcher, startup: true, activationEvent: '*'
[2022-03-04 09:39:23.841] [exthost] [info] ExtensionService#_doActivateExtension donjayamanne.githistory, startup: true, activationEvent: '*'
[2022-03-04 09:39:23.871] [exthost] [info] ExtensionService#_doActivateExtension GitHub.vscode-pull-request-github, startup: true, activationEvent: '*'
[2022-03-04 09:39:23.923] [exthost] [info] ExtensionService#_doActivateExtension ms-vscode.test-adapter-converter, startup: true, activationEvent: '*', root cause: hbenl.vscode-test-explorer
[2022-03-04 09:39:23.924] [exthost] [info] ExtensionService#_doActivateExtension KnisterPeter.vscode-github, startup: true, activationEvent: '*'
[2022-03-04 09:39:24.004] [exthost] [info] ExtensionService#_doActivateExtension mhutchie.git-graph, startup: true, activationEvent: '*'
[2022-03-04 09:39:24.017] [exthost] [info] ExtensionService#_doActivateExtension RobbOwen.synthwave-vscode, startup: true, activationEvent: '*'
[2022-03-04 09:39:24.021] [exthost] [info] ExtensionService#_doActivateExtension vortizhe.simple-ruby-erb, startup: true, activationEvent: '*'
[2022-03-04 09:39:24.022] [exthost] [info] ExtensionService#_doActivateExtension xyz.local-history, startup: true, activationEvent: '*'
[2022-03-04 09:39:24.036] [exthost] [info] ExtensionService#_doActivateExtension yzhang.markdown-all-in-one, startup: true, activationEvent: 'workspaceContains:README.md'
[2022-03-04 09:39:24.103] [exthost] [info] ExtensionService#_doActivateExtension vscode.markdown-math, startup: false, activationEvent: 'api', root cause: yzhang.markdown-all-in-one
[2022-03-04 09:39:24.520] [exthost] [info] ExtensionService#_doActivateExtension vscode.git, startup: false, activationEvent: 'api', root cause: donjayamanne.githistory
[2022-03-04 09:39:24.618] [exthost] [info] ExtensionService#_doActivateExtension redhat.fabric8-analytics, startup: true, activationEvent: 'workspaceContains:**/package.json,**/pom.xml,**/requirements.txt,**/go.mod'
[2022-03-04 09:39:24.680] [exthost] [info] ExtensionService#_doActivateExtension jebbs.plantuml, startup: false, activationEvent: 'api', root cause: yzhang.markdown-all-in-one
[2022-03-04 09:39:24.790] [exthost] [info] ExtensionService#_doActivateExtension vscode.github-authentication, startup: false, activationEvent: 'onAuthenticationRequest:github'
[2022-03-04 09:39:25.244] [exthost] [info] ExtensionService#_doActivateExtension vscode.github, startup: true, activationEvent: '*'
[2022-03-04 09:39:25.252] [exthost] [info] ExtensionService#_doActivateExtension hbenl.vscode-test-explorer, startup: true, activationEvent: '*'
[2022-03-04 09:39:25.283] [exthost] [info] Eager extensions activated
[2022-03-04 09:39:25.323] [exthost] [info] ExtensionService#_doActivateExtension vscode.emmet, startup: false, activationEvent: 'onStartupFinished'
[2022-03-04 09:39:25.337] [exthost] [info] ExtensionService#_doActivateExtension vscode.merge-conflict, startup: false, activationEvent: 'onStartupFinished'
[2022-03-04 09:39:25.340] [exthost] [info] ExtensionService#_doActivateExtension dbaeumer.vscode-eslint, startup: false, activationEvent: 'onStartupFinished'
[2022-03-04 09:39:25.367] [exthost] [info] ExtensionService#_doActivateExtension eamodio.gitlens, startup: false, activationEvent: 'onStartupFinished'
[2022-03-04 09:39:25.489] [exthost] [info] ExtensionService#_doActivateExtension ms-vscode-remote.remote-containers, startup: false, activationEvent: 'onStartupFinished'
[2022-03-04 09:39:25.577] [exthost] [info] ExtensionService#_doActivateExtension ms-vscode-remote.remote-wsl, startup: false, activationEvent: 'onStartupFinished'
[2022-03-04 09:39:25.610] [exthost] [info] ExtensionService#_doActivateExtension Trunk.io, startup: false, activationEvent: 'onStartupFinished'
[2022-03-04 09:39:25.951] [exthost] [info] ExtensionService#_doActivateExtension vscode.configuration-editing, startup: false, activationEvent: 'onLanguage:jsonc'
[2022-03-04 09:39:25.956] [exthost] [info] ExtensionService#_doActivateExtension vscode.json-language-features, startup: false, activationEvent: 'onLanguage:jsonc'
[2022-03-04 09:39:26.018] [exthost] [info] ExtensionService#_doActivateExtension vscode.typescript-language-features, startup: false, activationEvent: 'onLanguage:jsonc'
[2022-03-04 09:39:26.131] [exthost] [info] ExtensionService#_doActivateExtension gitkraken.gitkraken-authentication, startup: false, activationEvent: 'onAuthenticationRequest:gitkraken'
[2022-03-04 10:10:24.271] [exthost] [warning] TextEditor is closed/disposed
[2022-03-04 10:11:07.442] [exthost] [warning] TextEditor is closed/disposed
[2022-03-04 10:11:44.418] [exthost] [warning] TextEditor is closed/disposed
[2022-03-04 10:12:05.704] [exthost] [warning] TextEditor is closed/disposed
[2022-03-04 10:13:04.642] [exthost] [warning] TextEditor is closed/disposed
[2022-03-04 10:14:49.930] [exthost] [warning] TextEditor is closed/disposed
[2022-03-04 10:55:56.884] [exthost] [info] ExtensionService#_doActivateExtension jeppeandersen.vscode-kafka, startup: false, activationEvent: 'onDebug'
[2022-03-04 10:55:57.114] [exthost] [info] ExtensionService#_doActivateExtension vscode.debug-server-ready, startup: false, activationEvent: 'onDebugResolve'
[2022-03-04 11:03:25.538] [exthost] [info] extension host terminating: renderer closed the socket
[2022-03-04 11:03:25.557] [exthost] [error] An error occurred when deactivating the subscriptions for extension 'iampeterbanjo.elixirlinter':
[2022-03-04 11:03:25.560] [exthost] [error] TypeError: Cannot read property 'dispose' of undefined
	at IdeExtensionProvider.dispose (/home/eddy/.vscode/extensions/iampeterbanjo.elixirlinter-0.4.1/out/src/ideExtensionProvider.js:8:26)
	at ElixirLintingProvider.dispose (/home/eddy/.vscode/extensions/iampeterbanjo.elixirlinter-0.4.1/out/src/credoProvider.js:51:24)
	at g (/usr/share/code/resources/app/out/vs/workbench/api/node/extensionHostProcess.js:8:12307)
	at d._deactivate (/usr/share/code/resources/app/out/vs/workbench/api/node/extensionHostProcess.js:90:11931)
	at /usr/share/code/resources/app/out/vs/workbench/api/node/extensionHostProcess.js:90:10226
	at Array.map (<anonymous>)
	at deactivateAll (/usr/share/code/resources/app/out/vs/workbench/api/node/extensionHostProcess.js:90:10214)
	at _.terminate (/usr/share/code/resources/app/out/vs/workbench/api/node/extensionHostProcess.js:94:880)
	at c (/usr/share/code/resources/app/out/vs/workbench/api/node/extensionHostProcess.js:104:36243)
	at Socket.<anonymous> (/usr/share/code/resources/app/out/vs/workbench/api/node/extensionHostProcess.js:104:33938)
	at Socket.emit (events.js:327:22)
	at Socket.EventEmitter.emit (domain.js:467:12)
	at Pipe.<anonymous> (net.js:673:12)
[2022-03-04 11:03:25.564] [exthost] [error] An error occurred when deactivating the subscriptions for extension 'jebbs.plantuml':
[2022-03-04 11:03:25.564] [exthost] [error] TypeError: Cannot read property 'dispose' of undefined
	at UI.dispose (/home/eddy/.vscode/extensions/jebbs.plantuml-2.17.2/out/src/ui/ui.js:23:21)
	at /home/eddy/.vscode/extensions/jebbs.plantuml-2.17.2/out/src/providers/previewer.js:37:87
	at Array.map (<anonymous>)
	at Previewer.dispose (/home/eddy/.vscode/extensions/jebbs.plantuml-2.17.2/out/src/providers/previewer.js:37:76)
	at g (/usr/share/code/resources/app/out/vs/workbench/api/node/extensionHostProcess.js:8:12307)
	at d._deactivate (/usr/share/code/resources/app/out/vs/workbench/api/node/extensionHostProcess.js:90:11931)
	at /usr/share/code/resources/app/out/vs/workbench/api/node/extensionHostProcess.js:90:10226
	at Array.map (<anonymous>)
	at deactivateAll (/usr/share/code/resources/app/out/vs/workbench/api/node/extensionHostProcess.js:90:10214)
	at _.terminate (/usr/share/code/resources/app/out/vs/workbench/api/node/extensionHostProcess.js:94:880)
	at c (/usr/share/code/resources/app/out/vs/workbench/api/node/extensionHostProcess.js:104:36243)
	at Socket.<anonymous> (/usr/share/code/resources/app/out/vs/workbench/api/node/extensionHostProcess.js:104:33938)
	at Socket.emit (events.js:327:22)
	at Socket.EventEmitter.emit (domain.js:467:12)
	at Pipe.<anonymous> (net.js:673:12)
[2022-03-04 11:03:25.586] [exthost] [error] Canceled: Canceled
	at Object.F [as canceled] (/usr/share/code/resources/app/out/vs/workbench/api/node/extensionHostProcess.js:5:1172)
	at n._remoteCall (/usr/share/code/resources/app/out/vs/workbench/api/node/extensionHostProcess.js:89:13886)
	at Proxy.y.<computed>.$.charCodeAt.y.<computed> (/usr/share/code/resources/app/out/vs/workbench/api/node/extensionHostProcess.js:89:10294)
	at f._doExecuteCommand (/usr/share/code/resources/app/out/vs/workbench/api/node/extensionHostProcess.js:85:29651)
	at f.executeCommand (/usr/share/code/resources/app/out/vs/workbench/api/node/extensionHostProcess.js:85:29049)
	at Object.executeCommand (/usr/share/code/resources/app/out/vs/workbench/api/node/extensionHostProcess.js:99:31630)
	at clearContext (/home/eddy/.vscode/extensions/trunk.io-0.2.1/out/index.js:44:17976)
	at clearContexts (/home/eddy/.vscode/extensions/trunk.io-0.2.1/out/index.js:44:18141)
	at Object.deactivate (/home/eddy/.vscode/extensions/trunk.io-0.2.1/out/index.js:44:37531)
	at d._deactivate (/usr/share/code/resources/app/out/vs/workbench/api/node/extensionHostProcess.js:90:11702)
	at /usr/share/code/resources/app/out/vs/workbench/api/node/extensionHostProcess.js:90:10226
	at Array.map (<anonymous>)
	at deactivateAll (/usr/share/code/resources/app/out/vs/workbench/api/node/extensionHostProcess.js:90:10214)
	at _.terminate (/usr/share/code/resources/app/out/vs/workbench/api/node/extensionHostProcess.js:94:880)
	at c (/usr/share/code/resources/app/out/vs/workbench/api/node/extensionHostProcess.js:104:36243)
	at Socket.<anonymous> (/usr/share/code/resources/app/out/vs/workbench/api/node/extensionHostProcess.js:104:33938)
	at Socket.emit (events.js:327:22)
	at Socket.EventEmitter.emit (domain.js:467:12)
	at Pipe.<anonymous> (net.js:673:12)
[2022-03-04 11:03:25.617] [exthost] [info] Extension host with pid 3613017 exiting with code 0
