[2022-03-09T08:35:54.590Z] Validating found git in: git
[2022-03-09T08:35:54.628Z] Using git 2.25.1 from git
[2022-03-09T08:35:54.683Z] > git rev-parse --git-dir [15ms]
[2022-03-09T08:35:54.686Z] Open repository: /home/eddy/projects/driveulu/dga
[2022-03-09T08:35:54.795Z] > git symbolic-ref --short HEAD [35ms]
[2022-03-09T08:35:54.832Z] > git for-each-ref --format=%(refname)%00%(upstream:short)%00%(objectname)%00%(upstream:track) refs/heads/bug-odometer refs/remotes/bug-odometer [26ms]
[2022-03-09T08:35:54.882Z] > git remote --verbose [35ms]
[2022-03-09T08:35:54.882Z] > git for-each-ref --sort -committerdate --format %(refname) %(objectname) %(*objectname) [43ms]
[2022-03-09T08:35:54.918Z] > git config --get commit.template [20ms]
[2022-03-09T08:35:55.018Z] > git config --local branch.bug-odometer.github-pr-owner-number [1ms]
[2022-03-09T08:35:55.469Z] > git ls-files --stage -- /home/eddy/projects/driveulu/dga/apps/processing/lib/processing/helpers/trip_correct_odometers.ex [23ms]
[2022-03-09T08:35:55.486Z] > git cat-file -s 3da7fb8ee3833d6040c1f98ab19d2d84dcfc3a0b [7ms]
[2022-03-09T08:35:57.447Z] > git fetch [2751ms]
[2022-03-09T08:35:57.466Z] > git symbolic-ref --short HEAD [1ms]
[2022-03-09T08:35:57.475Z] > git for-each-ref --format=%(refname)%00%(upstream:short)%00%(objectname)%00%(upstream:track) refs/heads/bug-odometer refs/remotes/bug-odometer [2ms]
[2022-03-09T08:35:57.492Z] > git for-each-ref --sort -committerdate --format %(refname) %(objectname) %(*objectname) [9ms]
[2022-03-09T08:35:57.493Z] > git remote --verbose [2ms]
[2022-03-09T08:35:57.501Z] > git config --get commit.template [0ms]
[2022-03-09T08:35:59.057Z] > git symbolic-ref --short HEAD [1ms]
[2022-03-09T08:35:59.067Z] > git for-each-ref --format=%(refname)%00%(upstream:short)%00%(objectname)%00%(upstream:track) refs/heads/bug-odometer refs/remotes/bug-odometer [2ms]
[2022-03-09T08:35:59.085Z] > git for-each-ref --sort -committerdate --format %(refname) %(objectname) %(*objectname) [9ms]
[2022-03-09T08:35:59.086Z] > git remote --verbose [2ms]
[2022-03-09T08:35:59.096Z] > git config --get commit.template [1ms]
[2022-03-09T08:36:04.155Z] > git symbolic-ref --short HEAD [3ms]
[2022-03-09T08:36:04.182Z] > git for-each-ref --format=%(refname)%00%(upstream:short)%00%(objectname)%00%(upstream:track) refs/heads/bug-odometer refs/remotes/bug-odometer [5ms]
[2022-03-09T08:36:04.215Z] > git for-each-ref --sort -committerdate --format %(refname) %(objectname) %(*objectname) [12ms]
[2022-03-09T08:36:04.217Z] > git remote --verbose [3ms]
[2022-03-09T08:36:04.229Z] > git config --get commit.template [2ms]
[2022-03-09T08:36:27.880Z] > git ls-files --stage -- /home/eddy/projects/driveulu/dga/docker/docker-compose.yml [12ms]
[2022-03-09T08:36:27.894Z] > git cat-file -s 43a259130f36c46495f57b22dc1cc5ea5ff6b27e [5ms]
[2022-03-09T08:36:32.638Z] > git ls-files --stage -- /home/eddy/projects/driveulu/dga/apps/ulu_cloud/lib/ulu_cloud/history.ex [1ms]
[2022-03-09T08:36:32.646Z] > git cat-file -s 8e226d6231c047d38cab719e5b23569cea207305 [1ms]
[2022-03-09T08:36:34.871Z] > git ls-files --stage -- /home/eddy/projects/driveulu/dga/apps/processing/test/integration/odometer_test.exs [1ms]
[2022-03-09T08:36:34.880Z] > git cat-file -s c103b3e1438aa57485997b074613f540ccf690e5 [1ms]
[2022-03-09T08:39:00.229Z] > git fetch [2718ms]
[2022-03-09T08:39:00.253Z] > git symbolic-ref --short HEAD [1ms]
[2022-03-09T08:39:00.259Z] > git for-each-ref --format=%(refname)%00%(upstream:short)%00%(objectname)%00%(upstream:track) refs/heads/bug-odometer refs/remotes/bug-odometer [1ms]
[2022-03-09T08:39:00.269Z] > git for-each-ref --sort -committerdate --format %(refname) %(objectname) %(*objectname) [5ms]
[2022-03-09T08:39:00.276Z] > git remote --verbose [8ms]
[2022-03-09T08:39:00.291Z] > git config --get commit.template [0ms]
[2022-03-09T08:42:03.114Z] > git fetch [2813ms]
[2022-03-09T08:42:03.136Z] > git symbolic-ref --short HEAD [0ms]
[2022-03-09T08:42:03.142Z] > git for-each-ref --format=%(refname)%00%(upstream:short)%00%(objectname)%00%(upstream:track) refs/heads/bug-odometer refs/remotes/bug-odometer [1ms]
[2022-03-09T08:42:03.150Z] > git for-each-ref --sort -committerdate --format %(refname) %(objectname) %(*objectname) [4ms]
[2022-03-09T08:42:03.151Z] > git remote --verbose [1ms]
[2022-03-09T08:42:03.158Z] > git config --get commit.template [0ms]
[2022-03-09T08:51:40.485Z] > git fetch [2992ms]
[2022-03-09T08:51:40.547Z] > git symbolic-ref --short HEAD [1ms]
[2022-03-09T08:51:40.561Z] > git for-each-ref --format=%(refname)%00%(upstream:short)%00%(objectname)%00%(upstream:track) refs/heads/bug-odometer refs/remotes/bug-odometer [1ms]
[2022-03-09T08:51:40.580Z] > git for-each-ref --sort -committerdate --format %(refname) %(objectname) %(*objectname) [10ms]
[2022-03-09T08:51:40.581Z] > git remote --verbose [2ms]
[2022-03-09T08:51:40.590Z] > git config --get commit.template [1ms]
