[2022-03-04 11:05:00.479] [exthost] [info] Extension host with pid 3761217 started
[2022-03-04 11:05:00.479] [exthost] [info] Skipping acquiring lock for /home/eddy/.config/Code/User/workspaceStorage/405b93723a7b6495238cf53ad0eb15bf.
[2022-03-04 11:05:00.583] [exthost] [info] ExtensionService#_doActivateExtension GrapeCity.gc-excelviewer, startup: false, activationEvent: 'onLanguage:plaintext'
[2022-03-04 11:05:00.584] [exthost] [info] ExtensionService#_doActivateExtension iampeterbanjo.elixirlinter, startup: false, activationEvent: 'onLanguage:elixir'
[2022-03-04 11:05:00.587] [exthost] [info] ExtensionService#_doActivateExtension JakeBecker.elixir-ls, startup: false, activationEvent: 'onLanguage:elixir'
[2022-03-04 11:05:00.624] [exthost] [info] ExtensionService#_doActivateExtension vscode.microsoft-authentication, startup: false, activationEvent: 'onAuthenticationRequest:microsoft'
[2022-03-04 11:05:00.633] [exthost] [info] ExtensionService#_doActivateExtension vscode.debug-auto-launch, startup: true, activationEvent: '*'
[2022-03-04 11:05:00.635] [exthost] [info] ExtensionService#_doActivateExtension vscode.git-base, startup: true, activationEvent: '*', root cause: vscode.github
[2022-03-04 11:05:00.636] [exthost] [info] ExtensionService#_doActivateExtension vscode.ipynb, startup: true, activationEvent: '*'
[2022-03-04 11:05:00.638] [exthost] [info] ExtensionService#_doActivateExtension alefragnani.project-manager, startup: true, activationEvent: '*'
[2022-03-04 11:05:00.645] [exthost] [info] ExtensionService#_doActivateExtension christian-kohler.path-intellisense, startup: true, activationEvent: '*'
[2022-03-04 11:05:00.651] [exthost] [info] ExtensionService#_doActivateExtension doiken.quick-searcher, startup: true, activationEvent: '*'
[2022-03-04 11:05:00.652] [exthost] [info] ExtensionService#_doActivateExtension donjayamanne.githistory, startup: true, activationEvent: '*'
[2022-03-04 11:05:00.663] [exthost] [info] ExtensionService#_doActivateExtension GitHub.vscode-pull-request-github, startup: true, activationEvent: '*'
[2022-03-04 11:05:00.676] [exthost] [info] ExtensionService#_doActivateExtension ms-vscode.test-adapter-converter, startup: true, activationEvent: '*', root cause: hbenl.vscode-test-explorer
[2022-03-04 11:05:00.678] [exthost] [info] ExtensionService#_doActivateExtension KnisterPeter.vscode-github, startup: true, activationEvent: '*'
[2022-03-04 11:05:00.735] [exthost] [info] ExtensionService#_doActivateExtension mhutchie.git-graph, startup: true, activationEvent: '*'
[2022-03-04 11:05:00.746] [exthost] [info] ExtensionService#_doActivateExtension RobbOwen.synthwave-vscode, startup: true, activationEvent: '*'
[2022-03-04 11:05:00.748] [exthost] [info] ExtensionService#_doActivateExtension vortizhe.simple-ruby-erb, startup: true, activationEvent: '*'
[2022-03-04 11:05:00.749] [exthost] [info] ExtensionService#_doActivateExtension xyz.local-history, startup: true, activationEvent: '*'
[2022-03-04 11:05:00.758] [exthost] [info] ExtensionService#_doActivateExtension yzhang.markdown-all-in-one, startup: true, activationEvent: 'workspaceContains:README.md'
[2022-03-04 11:05:00.805] [exthost] [info] ExtensionService#_doActivateExtension vscode.markdown-math, startup: false, activationEvent: 'api', root cause: yzhang.markdown-all-in-one
[2022-03-04 11:05:01.151] [exthost] [info] ExtensionService#_doActivateExtension vscode.git, startup: false, activationEvent: 'api', root cause: donjayamanne.githistory
[2022-03-04 11:05:01.188] [exthost] [info] ExtensionService#_doActivateExtension redhat.fabric8-analytics, startup: true, activationEvent: 'workspaceContains:**/package.json,**/pom.xml,**/requirements.txt,**/go.mod'
[2022-03-04 11:05:01.238] [exthost] [info] ExtensionService#_doActivateExtension jebbs.plantuml, startup: false, activationEvent: 'api', root cause: yzhang.markdown-all-in-one
[2022-03-04 11:05:01.330] [exthost] [info] ExtensionService#_doActivateExtension vscode.github-authentication, startup: false, activationEvent: 'onAuthenticationRequest:github'
[2022-03-04 11:05:01.725] [exthost] [info] ExtensionService#_doActivateExtension vscode.github, startup: true, activationEvent: '*'
[2022-03-04 11:05:01.728] [exthost] [info] ExtensionService#_doActivateExtension hbenl.vscode-test-explorer, startup: true, activationEvent: '*'
[2022-03-04 11:05:01.777] [exthost] [info] Eager extensions activated
[2022-03-04 11:05:01.791] [exthost] [info] ExtensionService#_doActivateExtension vscode.emmet, startup: false, activationEvent: 'onStartupFinished'
[2022-03-04 11:05:01.794] [exthost] [info] ExtensionService#_doActivateExtension vscode.merge-conflict, startup: false, activationEvent: 'onStartupFinished'
[2022-03-04 11:05:01.796] [exthost] [info] ExtensionService#_doActivateExtension dbaeumer.vscode-eslint, startup: false, activationEvent: 'onStartupFinished'
[2022-03-04 11:05:01.802] [exthost] [info] ExtensionService#_doActivateExtension eamodio.gitlens, startup: false, activationEvent: 'onStartupFinished'
[2022-03-04 11:05:01.827] [exthost] [info] ExtensionService#_doActivateExtension ms-vscode-remote.remote-containers, startup: false, activationEvent: 'onStartupFinished'
[2022-03-04 11:05:01.850] [exthost] [info] ExtensionService#_doActivateExtension ms-vscode-remote.remote-wsl, startup: false, activationEvent: 'onStartupFinished'
[2022-03-04 11:05:01.854] [exthost] [info] ExtensionService#_doActivateExtension Trunk.io, startup: false, activationEvent: 'onStartupFinished'
[2022-03-04 11:05:50.597] [exthost] [info] ExtensionService#_doActivateExtension vscode.configuration-editing, startup: false, activationEvent: 'onLanguage:jsonc'
[2022-03-04 11:05:50.600] [exthost] [info] ExtensionService#_doActivateExtension vscode.json-language-features, startup: false, activationEvent: 'onLanguage:jsonc'
[2022-03-04 11:05:50.613] [exthost] [info] ExtensionService#_doActivateExtension vscode.typescript-language-features, startup: false, activationEvent: 'onLanguage:jsonc'
[2022-03-04 11:05:56.822] [exthost] [warning] TextEditor is closed/disposed
[2022-03-04 11:10:03.821] [exthost] [warning] TextEditor is closed/disposed
[2022-03-04 11:13:28.906] [exthost] [warning] TextEditor is closed/disposed
[2022-03-04 11:15:32.832] [exthost] [warning] TextEditor is closed/disposed
[2022-03-04 11:16:23.620] [exthost] [warning] TextEditor is closed/disposed
[2022-03-04 11:16:40.046] [exthost] [info] ExtensionService#_doActivateExtension ms-vscode.references-view, startup: false, activationEvent: 'onCommand:references-view.findReferences'
[2022-03-04 11:16:42.240] [exthost] [warning] TextEditor is closed/disposed
[2022-03-04 11:19:14.740] [exthost] [warning] TextEditor is closed/disposed
[2022-03-04 11:34:21.350] [exthost] [warning] TextEditor is closed/disposed
[2022-03-04 11:37:50.710] [exthost] [warning] TextEditor is closed/disposed
[2022-03-04 11:52:10.076] [exthost] [warning] TextEditor is closed/disposed
[2022-03-04 11:52:12.173] [exthost] [warning] TextEditor is closed/disposed
[2022-03-04 11:52:17.987] [exthost] [warning] TextEditor is closed/disposed
[2022-03-04 11:52:18.939] [exthost] [warning] TextEditor is closed/disposed
[2022-03-04 13:08:10.178] [exthost] [warning] TextEditor is closed/disposed
[2022-03-04 13:08:23.601] [exthost] [warning] TextEditor is closed/disposed
[2022-03-04 13:20:22.325] [exthost] [warning] TextEditor is closed/disposed
[2022-03-04 13:20:28.576] [exthost] [warning] TextEditor is closed/disposed
[2022-03-04 13:22:05.280] [exthost] [warning] TextEditor is closed/disposed
[2022-03-04 13:23:38.121] [exthost] [warning] TextEditor is closed/disposed
[2022-03-04 13:44:27.605] [exthost] [warning] TextEditor is closed/disposed
[2022-03-04 13:44:41.851] [exthost] [warning] TextEditor is closed/disposed
[2022-03-04 13:45:41.987] [exthost] [warning] TextEditor is closed/disposed
[2022-03-04 13:46:14.569] [exthost] [warning] TextEditor is closed/disposed
[2022-03-04 13:46:15.727] [exthost] [warning] TextEditor is closed/disposed
[2022-03-04 13:46:17.083] [exthost] [warning] TextEditor is closed/disposed
[2022-03-04 13:46:22.165] [exthost] [warning] TextEditor is closed/disposed
[2022-03-04 13:46:24.509] [exthost] [warning] TextEditor is closed/disposed
[2022-03-04 13:46:25.820] [exthost] [warning] TextEditor is closed/disposed
[2022-03-04 13:47:56.373] [exthost] [warning] TextEditor is closed/disposed
[2022-03-04 13:48:28.888] [exthost] [warning] TextEditor is closed/disposed
[2022-03-04 14:48:52.799] [exthost] [warning] TextEditor is closed/disposed
[2022-03-04 14:49:18.676] [exthost] [warning] TextEditor is closed/disposed
[2022-03-04 14:49:35.581] [exthost] [warning] TextEditor is closed/disposed
[2022-03-04 14:49:39.721] [exthost] [warning] TextEditor is closed/disposed
[2022-03-04 14:50:14.063] [exthost] [warning] TextEditor is closed/disposed
[2022-03-04 14:50:38.040] [exthost] [warning] TextEditor is closed/disposed
[2022-03-04 14:55:27.712] [exthost] [warning] TextEditor is closed/disposed
[2022-03-04 14:56:06.916] [exthost] [warning] TextEditor is closed/disposed
[2022-03-04 15:02:46.908] [exthost] [warning] TextEditor is closed/disposed
[2022-03-04 15:03:24.744] [exthost] [warning] TextEditor is closed/disposed
[2022-03-04 15:11:00.735] [exthost] [warning] TextEditor is closed/disposed
[2022-03-04 15:16:20.128] [exthost] [warning] TextEditor is closed/disposed
[2022-03-04 15:16:28.571] [exthost] [warning] TextEditor is closed/disposed
[2022-03-04 15:19:07.629] [exthost] [warning] TextEditor is closed/disposed
[2022-03-04 15:21:35.548] [exthost] [warning] TextEditor is closed/disposed
[2022-03-04 15:21:37.104] [exthost] [warning] TextEditor is closed/disposed
[2022-03-04 15:21:57.374] [exthost] [warning] TextEditor is closed/disposed
[2022-03-04 15:25:34.067] [exthost] [warning] TextEditor is closed/disposed
[2022-03-04 15:28:13.028] [exthost] [warning] TextEditor is closed/disposed
[2022-03-04 15:28:27.173] [exthost] [warning] TextEditor is closed/disposed
[2022-03-04 15:28:49.668] [exthost] [warning] TextEditor is closed/disposed
[2022-03-04 15:34:34.851] [exthost] [warning] TextEditor is closed/disposed
[2022-03-04 15:37:04.816] [exthost] [warning] TextEditor is closed/disposed
[2022-03-04 15:37:07.150] [exthost] [warning] TextEditor is closed/disposed
[2022-03-04 15:37:09.927] [exthost] [warning] TextEditor is closed/disposed
[2022-03-04 15:37:25.874] [exthost] [warning] TextEditor is closed/disposed
[2022-03-04 15:37:53.944] [exthost] [warning] TextEditor is closed/disposed
[2022-03-04 15:45:38.357] [exthost] [warning] TextEditor is closed/disposed
[2022-03-04 15:46:53.590] [exthost] [warning] TextEditor is closed/disposed
[2022-03-04 15:47:05.964] [exthost] [warning] TextEditor is closed/disposed
[2022-03-04 15:48:10.430] [exthost] [warning] TextEditor is closed/disposed
[2022-03-04 15:48:26.017] [exthost] [warning] TextEditor is closed/disposed
[2022-03-04 15:48:35.317] [exthost] [warning] TextEditor is closed/disposed
[2022-03-04 15:48:49.033] [exthost] [warning] TextEditor is closed/disposed
[2022-03-04 15:49:19.969] [exthost] [warning] TextEditor is closed/disposed
[2022-03-04 15:49:59.675] [exthost] [warning] TextEditor is closed/disposed
[2022-03-04 15:50:01.354] [exthost] [warning] TextEditor is closed/disposed
[2022-03-04 15:53:51.478] [exthost] [warning] TextEditor is closed/disposed
[2022-03-04 16:14:20.343] [exthost] [warning] TextEditor is closed/disposed
[2022-03-04 16:14:22.089] [exthost] [warning] TextEditor is closed/disposed
[2022-03-04 16:23:23.746] [exthost] [warning] TextEditor is closed/disposed
[2022-03-04 16:25:02.257] [exthost] [warning] TextEditor is closed/disposed
[2022-03-04 16:25:17.298] [exthost] [warning] TextEditor is closed/disposed
[2022-03-04 16:29:04.143] [exthost] [warning] TextEditor is closed/disposed
[2022-03-04 16:30:09.631] [exthost] [warning] TextEditor is closed/disposed
[2022-03-04 16:30:15.402] [exthost] [warning] TextEditor is closed/disposed
[2022-03-04 16:30:16.399] [exthost] [warning] TextEditor is closed/disposed
[2022-03-04 16:30:17.518] [exthost] [warning] TextEditor is closed/disposed
[2022-03-04 16:30:29.331] [exthost] [warning] TextEditor is closed/disposed
[2022-03-04 16:30:32.910] [exthost] [warning] TextEditor is closed/disposed
[2022-03-04 16:42:37.390] [exthost] [warning] TextEditor is closed/disposed
[2022-03-04 16:42:42.723] [exthost] [warning] TextEditor is closed/disposed
[2022-03-04 16:42:53.668] [exthost] [warning] TextEditor is closed/disposed
[2022-03-04 16:42:57.599] [exthost] [warning] TextEditor is closed/disposed
[2022-03-04 16:43:01.948] [exthost] [warning] TextEditor is closed/disposed
[2022-03-04 17:04:32.766] [exthost] [warning] TextEditor is closed/disposed
[2022-03-04 17:04:39.479] [exthost] [warning] TextEditor is closed/disposed
[2022-03-04 17:16:17.882] [exthost] [warning] TextEditor is closed/disposed
[2022-03-04 17:16:49.622] [exthost] [warning] TextEditor is closed/disposed
[2022-03-04 17:17:31.461] [exthost] [warning] TextEditor is closed/disposed
[2022-03-04 17:17:52.161] [exthost] [warning] TextEditor is closed/disposed
[2022-03-04 17:33:15.428] [exthost] [warning] TextEditor is closed/disposed
[2022-03-04 17:33:30.431] [exthost] [warning] TextEditor is closed/disposed
[2022-03-04 17:33:43.221] [exthost] [warning] TextEditor is closed/disposed
[2022-03-04 17:45:06.764] [exthost] [warning] TextEditor is closed/disposed
[2022-03-04 17:45:18.687] [exthost] [warning] TextEditor is closed/disposed
[2022-03-04 17:47:01.544] [exthost] [warning] TextEditor is closed/disposed
[2022-03-04 17:47:59.003] [exthost] [warning] TextEditor is closed/disposed
[2022-03-04 17:53:31.200] [exthost] [warning] TextEditor is closed/disposed
[2022-03-04 17:53:32.066] [exthost] [warning] TextEditor is closed/disposed
[2022-03-04 17:54:23.832] [exthost] [warning] TextEditor is closed/disposed
[2022-03-04 17:54:40.251] [exthost] [warning] TextEditor is closed/disposed
[2022-03-04 17:54:45.976] [exthost] [warning] TextEditor is closed/disposed
[2022-03-04 18:01:28.198] [exthost] [warning] TextEditor is closed/disposed
[2022-03-04 18:01:41.239] [exthost] [warning] TextEditor is closed/disposed
[2022-03-04 18:06:17.049] [exthost] [warning] TextEditor is closed/disposed
[2022-03-04 18:06:51.561] [exthost] [warning] TextEditor is closed/disposed
[2022-03-04 18:07:14.812] [exthost] [warning] TextEditor is closed/disposed
[2022-03-04 18:07:18.801] [exthost] [warning] TextEditor is closed/disposed
[2022-03-04 18:09:05.180] [exthost] [warning] TextEditor is closed/disposed
[2022-03-04 18:09:54.643] [exthost] [warning] TextEditor is closed/disposed
[2022-03-04 18:10:43.672] [exthost] [warning] TextEditor is closed/disposed
[2022-03-04 18:10:54.365] [exthost] [warning] TextEditor is closed/disposed
[2022-03-04 18:11:01.572] [exthost] [warning] TextEditor is closed/disposed
[2022-03-04 18:12:34.490] [exthost] [warning] TextEditor is closed/disposed
[2022-03-04 18:12:37.932] [exthost] [warning] TextEditor is closed/disposed
[2022-03-04 18:15:03.784] [exthost] [warning] TextEditor is closed/disposed
[2022-03-04 18:15:28.315] [exthost] [warning] TextEditor is closed/disposed
[2022-03-04 18:15:54.669] [exthost] [warning] TextEditor is closed/disposed
[2022-03-04 18:19:44.534] [exthost] [warning] TextEditor is closed/disposed
[2022-03-04 18:20:21.963] [exthost] [warning] TextEditor is closed/disposed
[2022-03-04 18:23:44.086] [exthost] [warning] TextEditor is closed/disposed
[2022-03-04 18:24:13.938] [exthost] [warning] TextEditor is closed/disposed
[2022-03-04 18:24:27.443] [exthost] [warning] TextEditor is closed/disposed
[2022-03-04 18:25:49.373] [exthost] [warning] TextEditor is closed/disposed
[2022-03-04 18:26:34.226] [exthost] [warning] TextEditor is closed/disposed
[2022-03-04 22:45:03.593] [exthost] [warning] TextEditor is closed/disposed
[2022-03-04 22:47:43.372] [exthost] [warning] TextEditor is closed/disposed
[2022-03-04 22:49:02.857] [exthost] [warning] TextEditor is closed/disposed
[2022-03-05 18:12:10.278] [exthost] [warning] TextEditor is closed/disposed
[2022-03-05 18:12:45.972] [exthost] [warning] TextEditor is closed/disposed
[2022-03-05 18:12:58.458] [exthost] [warning] TextEditor is closed/disposed
[2022-03-05 18:13:56.220] [exthost] [warning] TextEditor is closed/disposed
[2022-03-05 18:15:41.472] [exthost] [warning] TextEditor is closed/disposed
[2022-03-05 18:15:48.850] [exthost] [warning] TextEditor is closed/disposed
[2022-03-05 18:15:52.393] [exthost] [warning] TextEditor is closed/disposed
[2022-03-05 18:18:37.748] [exthost] [warning] TextEditor is closed/disposed
[2022-03-05 18:18:41.685] [exthost] [warning] TextEditor is closed/disposed
[2022-03-05 18:19:39.667] [exthost] [warning] TextEditor is closed/disposed
[2022-03-05 18:20:03.737] [exthost] [warning] TextEditor is closed/disposed
[2022-03-05 18:20:04.547] [exthost] [warning] TextEditor is closed/disposed
[2022-03-05 18:20:06.792] [exthost] [warning] TextEditor is closed/disposed
[2022-03-05 18:20:10.308] [exthost] [warning] TextEditor is closed/disposed
[2022-03-05 18:20:11.556] [exthost] [warning] TextEditor is closed/disposed
[2022-03-05 18:20:13.594] [exthost] [warning] TextEditor is closed/disposed
[2022-03-05 18:20:21.299] [exthost] [warning] TextEditor is closed/disposed
[2022-03-05 18:20:29.826] [exthost] [warning] TextEditor is closed/disposed
[2022-03-05 18:21:08.548] [exthost] [warning] TextEditor is closed/disposed
[2022-03-05 18:21:12.685] [exthost] [warning] TextEditor is closed/disposed
[2022-03-05 18:23:27.133] [exthost] [warning] TextEditor is closed/disposed
[2022-03-06 13:09:00.451] [exthost] [warning] TextEditor is closed/disposed
[2022-03-06 13:09:03.112] [exthost] [warning] TextEditor is closed/disposed
[2022-03-06 13:10:13.850] [exthost] [warning] TextEditor is closed/disposed
[2022-03-06 13:14:47.824] [exthost] [warning] TextEditor is closed/disposed
[2022-03-06 13:14:49.717] [exthost] [warning] TextEditor is closed/disposed
[2022-03-06 13:14:50.820] [exthost] [warning] TextEditor is closed/disposed
[2022-03-06 13:17:37.492] [exthost] [warning] TextEditor is closed/disposed
[2022-03-06 13:17:40.927] [exthost] [warning] TextEditor is closed/disposed
[2022-03-06 13:17:59.041] [exthost] [warning] TextEditor is closed/disposed
[2022-03-06 13:18:14.458] [exthost] [warning] TextEditor is closed/disposed
[2022-03-06 13:19:40.359] [exthost] [warning] TextEditor is closed/disposed
[2022-03-06 13:22:41.318] [exthost] [warning] TextEditor is closed/disposed
[2022-03-06 13:23:06.386] [exthost] [warning] TextEditor is closed/disposed
[2022-03-06 13:23:13.711] [exthost] [warning] TextEditor is closed/disposed
[2022-03-06 13:23:19.218] [exthost] [warning] TextEditor is closed/disposed
[2022-03-06 13:24:38.120] [exthost] [info] ExtensionService#_doActivateExtension ms-azuretools.vscode-docker, startup: false, activationEvent: 'onView:dockerContainers'
[2022-03-06 13:29:10.422] [exthost] [warning] TextEditor is closed/disposed
[2022-03-06 13:30:13.946] [exthost] [warning] TextEditor is closed/disposed
[2022-03-06 13:42:57.142] [exthost] [warning] TextEditor is closed/disposed
[2022-03-06 13:42:58.715] [exthost] [warning] TextEditor is closed/disposed
[2022-03-06 13:43:11.013] [exthost] [warning] TextEditor is closed/disposed
[2022-03-06 13:46:56.635] [exthost] [warning] TextEditor is closed/disposed
[2022-03-06 13:52:06.887] [exthost] [warning] TextEditor is closed/disposed
[2022-03-06 13:57:11.128] [exthost] [warning] TextEditor is closed/disposed
[2022-03-06 13:58:43.049] [exthost] [warning] TextEditor is closed/disposed
[2022-03-07 08:42:29.613] [exthost] [warning] TextEditor is closed/disposed
[2022-03-07 09:03:46.442] [exthost] [warning] TextEditor is closed/disposed
[2022-03-07 09:04:04.647] [exthost] [warning] TextEditor is closed/disposed
[2022-03-07 09:05:06.430] [exthost] [warning] TextEditor is closed/disposed
[2022-03-07 09:10:56.917] [exthost] [warning] TextEditor is closed/disposed
[2022-03-07 09:26:27.215] [exthost] [warning] TextEditor is closed/disposed
[2022-03-07 09:26:27.316] [exthost] [info] ExtensionService#_doActivateExtension redhat.vscode-yaml, startup: false, activationEvent: 'onLanguage:dockercompose'
[2022-03-07 09:26:27.657] [exthost] [warning] [redhat.vscode-yaml] Accessing a resource scoped configuration without providing a resource is not expected. To get the effective value for '[yaml]', provide the URI of a resource or 'null' for any resource.
[2022-03-07 09:33:12.107] [exthost] [warning] TextEditor is closed/disposed
[2022-03-07 10:12:21.984] [exthost] [warning] TextEditor is closed/disposed
[2022-03-07 10:12:24.657] [exthost] [warning] TextEditor is closed/disposed
[2022-03-07 10:12:26.803] [exthost] [warning] TextEditor is closed/disposed
[2022-03-07 10:12:36.454] [exthost] [warning] TextEditor is closed/disposed
[2022-03-07 10:13:51.702] [exthost] [warning] TextEditor is closed/disposed
[2022-03-07 10:19:12.716] [exthost] [warning] TextEditor is closed/disposed
[2022-03-07 10:19:18.254] [exthost] [warning] TextEditor is closed/disposed
[2022-03-07 10:19:25.649] [exthost] [warning] TextEditor is closed/disposed
[2022-03-07 10:20:11.865] [exthost] [warning] TextEditor is closed/disposed
[2022-03-07 10:23:42.438] [exthost] [warning] TextEditor is closed/disposed
[2022-03-07 10:25:42.944] [exthost] [warning] TextEditor is closed/disposed
[2022-03-07 10:26:02.278] [exthost] [warning] TextEditor is closed/disposed
[2022-03-07 10:26:50.760] [exthost] [warning] TextEditor is closed/disposed
[2022-03-07 10:28:25.744] [exthost] [warning] TextEditor is closed/disposed
[2022-03-07 10:28:50.616] [exthost] [warning] TextEditor is closed/disposed
[2022-03-07 10:29:24.493] [exthost] [warning] TextEditor is closed/disposed
[2022-03-07 10:31:14.349] [exthost] [warning] TextEditor is closed/disposed
[2022-03-07 10:32:13.974] [exthost] [warning] TextEditor is closed/disposed
[2022-03-07 10:33:04.896] [exthost] [warning] TextEditor is closed/disposed
[2022-03-07 10:36:05.768] [exthost] [warning] TextEditor is closed/disposed
[2022-03-07 10:36:30.994] [exthost] [warning] TextEditor is closed/disposed
[2022-03-07 10:36:46.946] [exthost] [warning] TextEditor is closed/disposed
[2022-03-07 10:37:06.978] [exthost] [warning] TextEditor is closed/disposed
[2022-03-07 10:40:29.712] [exthost] [warning] TextEditor is closed/disposed
[2022-03-07 10:40:31.330] [exthost] [warning] TextEditor is closed/disposed
[2022-03-07 10:40:35.144] [exthost] [warning] TextEditor is closed/disposed
[2022-03-07 10:40:37.995] [exthost] [warning] TextEditor is closed/disposed
[2022-03-07 10:40:44.130] [exthost] [warning] TextEditor is closed/disposed
[2022-03-07 10:40:55.613] [exthost] [warning] TextEditor is closed/disposed
[2022-03-07 10:41:05.720] [exthost] [warning] TextEditor is closed/disposed
[2022-03-07 10:42:07.442] [exthost] [warning] TextEditor is closed/disposed
[2022-03-07 10:42:12.380] [exthost] [warning] TextEditor is closed/disposed
[2022-03-07 10:42:14.094] [exthost] [warning] TextEditor is closed/disposed
[2022-03-07 11:21:56.234] [exthost] [warning] TextEditor is closed/disposed
[2022-03-07 11:29:34.866] [exthost] [warning] TextEditor is closed/disposed
[2022-03-07 11:30:37.906] [exthost] [warning] TextEditor is closed/disposed
[2022-03-07 11:30:49.258] [exthost] [warning] TextEditor is closed/disposed
[2022-03-07 11:32:00.525] [exthost] [warning] TextEditor is closed/disposed
[2022-03-07 11:32:41.828] [exthost] [warning] TextEditor is closed/disposed
[2022-03-07 11:33:26.723] [exthost] [warning] TextEditor is closed/disposed
[2022-03-07 11:33:32.963] [exthost] [warning] TextEditor is closed/disposed
[2022-03-07 11:43:51.948] [exthost] [warning] TextEditor is closed/disposed
[2022-03-07 11:44:54.423] [exthost] [warning] TextEditor is closed/disposed
[2022-03-07 11:45:09.721] [exthost] [warning] TextEditor is closed/disposed
[2022-03-07 11:45:40.370] [exthost] [warning] TextEditor is closed/disposed
[2022-03-07 11:48:15.095] [exthost] [warning] TextEditor is closed/disposed
[2022-03-07 11:50:57.169] [exthost] [warning] TextEditor is closed/disposed
[2022-03-07 11:51:20.825] [exthost] [warning] TextEditor is closed/disposed
[2022-03-07 11:52:58.105] [exthost] [warning] TextEditor is closed/disposed
[2022-03-07 12:39:13.004] [exthost] [warning] TextEditor is closed/disposed
[2022-03-07 12:43:22.590] [exthost] [warning] TextEditor is closed/disposed
[2022-03-07 12:43:38.341] [exthost] [warning] TextEditor is closed/disposed
[2022-03-07 12:43:39.912] [exthost] [warning] TextEditor is closed/disposed
[2022-03-07 12:44:34.130] [exthost] [warning] TextEditor is closed/disposed
[2022-03-07 12:44:59.022] [exthost] [warning] TextEditor is closed/disposed
[2022-03-07 12:45:00.789] [exthost] [warning] TextEditor is closed/disposed
[2022-03-07 12:45:02.723] [exthost] [warning] TextEditor is closed/disposed
[2022-03-07 12:45:04.677] [exthost] [warning] TextEditor is closed/disposed
[2022-03-07 12:45:17.610] [exthost] [warning] TextEditor is closed/disposed
[2022-03-07 12:45:53.608] [exthost] [warning] TextEditor is closed/disposed
[2022-03-07 12:47:20.620] [exthost] [warning] TextEditor is closed/disposed
[2022-03-07 12:49:03.126] [exthost] [warning] TextEditor is closed/disposed
[2022-03-07 12:52:42.968] [exthost] [warning] TextEditor is closed/disposed
[2022-03-07 12:53:20.708] [exthost] [warning] TextEditor is closed/disposed
[2022-03-07 12:55:10.093] [exthost] [warning] TextEditor is closed/disposed
[2022-03-07 12:55:12.519] [exthost] [warning] TextEditor is closed/disposed
[2022-03-07 12:55:59.764] [exthost] [warning] TextEditor is closed/disposed
[2022-03-07 12:57:09.699] [exthost] [warning] TextEditor is closed/disposed
[2022-03-07 12:57:20.041] [exthost] [warning] TextEditor is closed/disposed
[2022-03-07 12:57:37.851] [exthost] [warning] TextEditor is closed/disposed
[2022-03-07 12:58:00.423] [exthost] [warning] TextEditor is closed/disposed
[2022-03-07 12:58:07.584] [exthost] [warning] TextEditor is closed/disposed
[2022-03-07 12:58:39.043] [exthost] [warning] TextEditor is closed/disposed
[2022-03-07 13:00:26.257] [exthost] [warning] TextEditor is closed/disposed
[2022-03-07 13:05:17.605] [exthost] [warning] TextEditor is closed/disposed
[2022-03-07 13:06:35.955] [exthost] [warning] TextEditor is closed/disposed
[2022-03-07 13:07:01.863] [exthost] [warning] TextEditor is closed/disposed
[2022-03-07 13:07:15.352] [exthost] [warning] TextEditor is closed/disposed
[2022-03-07 13:08:01.690] [exthost] [warning] TextEditor is closed/disposed
[2022-03-07 13:08:27.936] [exthost] [warning] TextEditor is closed/disposed
[2022-03-07 13:09:01.586] [exthost] [warning] TextEditor is closed/disposed
[2022-03-07 13:14:14.902] [exthost] [warning] TextEditor is closed/disposed
[2022-03-07 13:14:32.580] [exthost] [warning] TextEditor is closed/disposed
[2022-03-07 13:14:44.095] [exthost] [warning] TextEditor is closed/disposed
[2022-03-07 13:15:57.806] [exthost] [warning] TextEditor is closed/disposed
[2022-03-07 13:16:08.236] [exthost] [warning] TextEditor is closed/disposed
[2022-03-07 13:19:12.757] [exthost] [warning] TextEditor is closed/disposed
[2022-03-07 13:20:51.845] [exthost] [warning] TextEditor is closed/disposed
[2022-03-07 13:21:14.496] [exthost] [warning] TextEditor is closed/disposed
[2022-03-07 13:22:49.135] [exthost] [warning] TextEditor is closed/disposed
[2022-03-07 13:22:51.187] [exthost] [warning] TextEditor is closed/disposed
[2022-03-07 13:25:07.806] [exthost] [warning] TextEditor is closed/disposed
[2022-03-07 13:25:08.558] [exthost] [warning] TextEditor is closed/disposed
[2022-03-07 13:25:13.443] [exthost] [warning] TextEditor is closed/disposed
[2022-03-07 13:25:27.848] [exthost] [warning] TextEditor is closed/disposed
[2022-03-07 13:29:48.032] [exthost] [warning] TextEditor is closed/disposed
[2022-03-07 13:30:50.108] [exthost] [warning] TextEditor is closed/disposed
[2022-03-07 13:35:16.526] [exthost] [warning] TextEditor is closed/disposed
[2022-03-07 13:35:28.379] [exthost] [warning] TextEditor is closed/disposed
[2022-03-07 13:37:55.993] [exthost] [warning] TextEditor is closed/disposed
[2022-03-07 13:38:32.202] [exthost] [warning] TextEditor is closed/disposed
[2022-03-07 13:39:25.829] [exthost] [warning] TextEditor is closed/disposed
[2022-03-07 13:41:15.631] [exthost] [warning] TextEditor is closed/disposed
[2022-03-07 13:41:57.981] [exthost] [warning] TextEditor is closed/disposed
[2022-03-07 13:44:37.439] [exthost] [warning] TextEditor is closed/disposed
[2022-03-07 13:46:43.431] [exthost] [info] ExtensionService#_doActivateExtension pgourlain.erlang, startup: false, activationEvent: 'onLanguage:erlang'
[2022-03-07 13:47:20.431] [exthost] [warning] TextEditor is closed/disposed
[2022-03-07 13:47:26.121] [exthost] [warning] TextEditor is closed/disposed
[2022-03-07 13:47:57.481] [exthost] [warning] TextEditor is closed/disposed
[2022-03-07 13:49:03.038] [exthost] [warning] TextEditor is closed/disposed
[2022-03-07 13:49:38.011] [exthost] [warning] TextEditor is closed/disposed
[2022-03-07 13:49:53.833] [exthost] [warning] TextEditor is closed/disposed
[2022-03-07 13:50:20.326] [exthost] [warning] TextEditor is closed/disposed
[2022-03-07 13:51:11.969] [exthost] [warning] TextEditor is closed/disposed
[2022-03-07 13:53:47.393] [exthost] [warning] TextEditor is closed/disposed
[2022-03-07 13:53:56.455] [exthost] [warning] TextEditor is closed/disposed
[2022-03-07 13:55:17.843] [exthost] [warning] TextEditor is closed/disposed
[2022-03-07 13:55:33.416] [exthost] [warning] TextEditor is closed/disposed
[2022-03-07 13:55:45.564] [exthost] [warning] TextEditor is closed/disposed
[2022-03-07 13:57:18.523] [exthost] [warning] TextEditor is closed/disposed
[2022-03-07 13:58:52.074] [exthost] [warning] TextEditor is closed/disposed
[2022-03-07 13:59:16.321] [exthost] [warning] TextEditor is closed/disposed
[2022-03-07 14:07:18.046] [exthost] [warning] TextEditor is closed/disposed
[2022-03-07 14:09:34.024] [exthost] [warning] TextEditor is closed/disposed
[2022-03-07 14:12:01.827] [exthost] [warning] TextEditor is closed/disposed
[2022-03-07 14:25:37.710] [exthost] [warning] TextEditor is closed/disposed
[2022-03-07 14:26:29.322] [exthost] [warning] TextEditor is closed/disposed
[2022-03-07 14:27:09.248] [exthost] [warning] TextEditor is closed/disposed
[2022-03-07 14:28:00.806] [exthost] [warning] TextEditor is closed/disposed
[2022-03-07 14:28:38.178] [exthost] [warning] TextEditor is closed/disposed
[2022-03-07 14:29:17.404] [exthost] [warning] TextEditor is closed/disposed
[2022-03-07 14:31:08.611] [exthost] [warning] TextEditor is closed/disposed
[2022-03-07 14:32:05.957] [exthost] [warning] TextEditor is closed/disposed
[2022-03-07 14:33:29.866] [exthost] [warning] TextEditor is closed/disposed
[2022-03-07 14:44:35.804] [exthost] [warning] TextEditor is closed/disposed
[2022-03-07 14:45:39.787] [exthost] [warning] TextEditor is closed/disposed
[2022-03-07 14:47:34.880] [exthost] [warning] TextEditor is closed/disposed
[2022-03-07 14:48:33.764] [exthost] [warning] TextEditor is closed/disposed
[2022-03-07 14:51:39.422] [exthost] [warning] TextEditor is closed/disposed
[2022-03-07 15:05:36.060] [exthost] [warning] TextEditor is closed/disposed
[2022-03-07 15:12:01.086] [exthost] [warning] TextEditor is closed/disposed
[2022-03-07 15:14:17.908] [exthost] [warning] TextEditor is closed/disposed
[2022-03-07 15:23:05.768] [exthost] [warning] TextEditor is closed/disposed
[2022-03-07 17:27:52.928] [exthost] [warning] TextEditor is closed/disposed
[2022-03-07 17:31:17.572] [exthost] [warning] TextEditor is closed/disposed
[2022-03-07 17:31:59.245] [exthost] [warning] TextEditor is closed/disposed
[2022-03-07 17:33:20.218] [exthost] [warning] TextEditor is closed/disposed
[2022-03-07 17:34:18.719] [exthost] [warning] TextEditor is closed/disposed
[2022-03-07 17:35:15.396] [exthost] [warning] TextEditor is closed/disposed
[2022-03-07 17:38:36.469] [exthost] [warning] TextEditor is closed/disposed
[2022-03-07 17:39:05.520] [exthost] [warning] TextEditor is closed/disposed
[2022-03-07 17:40:10.846] [exthost] [warning] TextEditor is closed/disposed
[2022-03-07 17:43:04.750] [exthost] [warning] TextEditor is closed/disposed
[2022-03-07 17:47:01.304] [exthost] [warning] TextEditor is closed/disposed
[2022-03-07 17:47:17.400] [exthost] [warning] TextEditor is closed/disposed
[2022-03-07 17:54:38.822] [exthost] [warning] TextEditor is closed/disposed
[2022-03-07 17:55:54.718] [exthost] [warning] TextEditor is closed/disposed
[2022-03-07 17:56:07.715] [exthost] [warning] TextEditor is closed/disposed
[2022-03-07 17:57:10.017] [exthost] [warning] TextEditor is closed/disposed
[2022-03-07 17:57:13.858] [exthost] [warning] TextEditor is closed/disposed
[2022-03-07 18:02:43.567] [exthost] [warning] TextEditor is closed/disposed
[2022-03-07 18:05:17.409] [exthost] [warning] TextEditor is closed/disposed
[2022-03-07 18:06:45.905] [exthost] [warning] TextEditor is closed/disposed
[2022-03-07 18:14:34.553] [exthost] [warning] TextEditor is closed/disposed
[2022-03-07 18:15:47.230] [exthost] [warning] TextEditor is closed/disposed
[2022-03-08 08:42:19.562] [exthost] [warning] TextEditor is closed/disposed
[2022-03-08 08:42:40.179] [exthost] [warning] TextEditor is closed/disposed
[2022-03-08 09:00:33.094] [exthost] [warning] TextEditor is closed/disposed
[2022-03-08 09:16:29.535] [exthost] [warning] TextEditor is closed/disposed
[2022-03-08 09:16:44.888] [exthost] [warning] [redhat.vscode-yaml] Accessing a resource scoped configuration without providing a resource is not expected. To get the effective value for '[yaml]', provide the URI of a resource or 'null' for any resource.
[2022-03-08 09:16:48.741] [exthost] [warning] [redhat.vscode-yaml] Accessing a resource scoped configuration without providing a resource is not expected. To get the effective value for '[yaml]', provide the URI of a resource or 'null' for any resource.
[2022-03-08 09:16:51.667] [exthost] [warning] [redhat.vscode-yaml] Accessing a resource scoped configuration without providing a resource is not expected. To get the effective value for '[yaml]', provide the URI of a resource or 'null' for any resource.
[2022-03-08 09:17:00.398] [exthost] [warning] TextEditor is closed/disposed
[2022-03-08 09:17:06.695] [exthost] [warning] [redhat.vscode-yaml] Accessing a resource scoped configuration without providing a resource is not expected. To get the effective value for '[yaml]', provide the URI of a resource or 'null' for any resource.
[2022-03-08 09:17:09.574] [exthost] [warning] [redhat.vscode-yaml] Accessing a resource scoped configuration without providing a resource is not expected. To get the effective value for '[yaml]', provide the URI of a resource or 'null' for any resource.
[2022-03-08 09:17:10.956] [exthost] [warning] [redhat.vscode-yaml] Accessing a resource scoped configuration without providing a resource is not expected. To get the effective value for '[yaml]', provide the URI of a resource or 'null' for any resource.
[2022-03-08 09:17:18.730] [exthost] [warning] TextEditor is closed/disposed
[2022-03-08 09:18:31.325] [exthost] [warning] [redhat.vscode-yaml] Accessing a resource scoped configuration without providing a resource is not expected. To get the effective value for '[yaml]', provide the URI of a resource or 'null' for any resource.
[2022-03-08 09:18:32.927] [exthost] [warning] [redhat.vscode-yaml] Accessing a resource scoped configuration without providing a resource is not expected. To get the effective value for '[yaml]', provide the URI of a resource or 'null' for any resource.
[2022-03-08 09:18:42.524] [exthost] [warning] [redhat.vscode-yaml] Accessing a resource scoped configuration without providing a resource is not expected. To get the effective value for '[yaml]', provide the URI of a resource or 'null' for any resource.
[2022-03-08 09:22:03.515] [exthost] [warning] TextEditor is closed/disposed
[2022-03-08 09:22:11.749] [exthost] [warning] [redhat.vscode-yaml] Accessing a resource scoped configuration without providing a resource is not expected. To get the effective value for '[yaml]', provide the URI of a resource or 'null' for any resource.
[2022-03-08 09:22:27.269] [exthost] [warning] TextEditor is closed/disposed
[2022-03-08 09:22:32.012] [exthost] [warning] [redhat.vscode-yaml] Accessing a resource scoped configuration without providing a resource is not expected. To get the effective value for '[yaml]', provide the URI of a resource or 'null' for any resource.
[2022-03-08 09:28:52.086] [exthost] [warning] TextEditor is closed/disposed
[2022-03-08 09:28:57.792] [exthost] [warning] [redhat.vscode-yaml] Accessing a resource scoped configuration without providing a resource is not expected. To get the effective value for '[yaml]', provide the URI of a resource or 'null' for any resource.
[2022-03-08 09:29:01.660] [exthost] [warning] [redhat.vscode-yaml] Accessing a resource scoped configuration without providing a resource is not expected. To get the effective value for '[yaml]', provide the URI of a resource or 'null' for any resource.
[2022-03-08 09:29:05.799] [exthost] [warning] [redhat.vscode-yaml] Accessing a resource scoped configuration without providing a resource is not expected. To get the effective value for '[yaml]', provide the URI of a resource or 'null' for any resource.
[2022-03-08 09:29:11.175] [exthost] [warning] [redhat.vscode-yaml] Accessing a resource scoped configuration without providing a resource is not expected. To get the effective value for '[yaml]', provide the URI of a resource or 'null' for any resource.
[2022-03-08 09:29:13.643] [exthost] [warning] [redhat.vscode-yaml] Accessing a resource scoped configuration without providing a resource is not expected. To get the effective value for '[yaml]', provide the URI of a resource or 'null' for any resource.
[2022-03-08 09:29:21.186] [exthost] [warning] TextEditor is closed/disposed
[2022-03-08 09:29:27.933] [exthost] [warning] [redhat.vscode-yaml] Accessing a resource scoped configuration without providing a resource is not expected. To get the effective value for '[yaml]', provide the URI of a resource or 'null' for any resource.
[2022-03-08 09:29:34.895] [exthost] [warning] [redhat.vscode-yaml] Accessing a resource scoped configuration without providing a resource is not expected. To get the effective value for '[yaml]', provide the URI of a resource or 'null' for any resource.
[2022-03-08 09:29:46.845] [exthost] [warning] TextEditor is closed/disposed
[2022-03-08 09:29:51.188] [exthost] [warning] [redhat.vscode-yaml] Accessing a resource scoped configuration without providing a resource is not expected. To get the effective value for '[yaml]', provide the URI of a resource or 'null' for any resource.
[2022-03-08 09:29:57.363] [exthost] [warning] [redhat.vscode-yaml] Accessing a resource scoped configuration without providing a resource is not expected. To get the effective value for '[yaml]', provide the URI of a resource or 'null' for any resource.
[2022-03-08 09:30:01.412] [exthost] [warning] TextEditor is closed/disposed
[2022-03-08 09:30:04.633] [exthost] [warning] [redhat.vscode-yaml] Accessing a resource scoped configuration without providing a resource is not expected. To get the effective value for '[yaml]', provide the URI of a resource or 'null' for any resource.
[2022-03-08 09:30:09.789] [exthost] [warning] TextEditor is closed/disposed
[2022-03-08 09:30:13.231] [exthost] [warning] [redhat.vscode-yaml] Accessing a resource scoped configuration without providing a resource is not expected. To get the effective value for '[yaml]', provide the URI of a resource or 'null' for any resource.
[2022-03-08 09:30:36.449] [exthost] [warning] [redhat.vscode-yaml] Accessing a resource scoped configuration without providing a resource is not expected. To get the effective value for '[yaml]', provide the URI of a resource or 'null' for any resource.
[2022-03-08 09:37:30.804] [exthost] [warning] TextEditor is closed/disposed
[2022-03-08 09:51:07.772] [exthost] [warning] TextEditor is closed/disposed
[2022-03-08 10:01:03.498] [exthost] [warning] TextEditor is closed/disposed
[2022-03-08 10:01:07.729] [exthost] [warning] TextEditor is closed/disposed
[2022-03-08 10:07:42.045] [exthost] [warning] TextEditor is closed/disposed
[2022-03-08 10:08:20.009] [exthost] [warning] TextEditor is closed/disposed
[2022-03-08 10:09:44.454] [exthost] [warning] TextEditor is closed/disposed
[2022-03-08 10:34:16.932] [exthost] [warning] [redhat.vscode-yaml] Accessing a resource scoped configuration without providing a resource is not expected. To get the effective value for '[yaml]', provide the URI of a resource or 'null' for any resource.
[2022-03-08 11:12:21.419] [exthost] [warning] TextEditor is closed/disposed
[2022-03-08 11:14:40.723] [exthost] [warning] TextEditor is closed/disposed
[2022-03-08 11:15:46.136] [exthost] [warning] TextEditor is closed/disposed
[2022-03-08 11:17:02.373] [exthost] [warning] TextEditor is closed/disposed
[2022-03-08 11:46:06.497] [exthost] [warning] TextEditor is closed/disposed
[2022-03-08 11:47:00.453] [exthost] [warning] TextEditor is closed/disposed
[2022-03-08 11:47:36.702] [exthost] [warning] TextEditor is closed/disposed
[2022-03-08 11:48:12.590] [exthost] [warning] TextEditor is closed/disposed
[2022-03-08 13:02:26.093] [exthost] [warning] TextEditor is closed/disposed
[2022-03-08 13:10:49.881] [exthost] [warning] TextEditor is closed/disposed
[2022-03-08 13:11:39.715] [exthost] [warning] TextEditor is closed/disposed
[2022-03-08 13:22:18.688] [exthost] [warning] TextEditor is closed/disposed
[2022-03-08 13:24:35.513] [exthost] [warning] TextEditor is closed/disposed
[2022-03-08 13:29:24.782] [exthost] [warning] TextEditor is closed/disposed
[2022-03-08 13:29:45.071] [exthost] [warning] TextEditor is closed/disposed
[2022-03-08 13:33:18.327] [exthost] [warning] TextEditor is closed/disposed
[2022-03-08 13:34:05.605] [exthost] [warning] TextEditor is closed/disposed
[2022-03-08 13:34:50.484] [exthost] [warning] TextEditor is closed/disposed
[2022-03-08 13:35:36.820] [exthost] [warning] TextEditor is closed/disposed
[2022-03-08 13:37:35.136] [exthost] [warning] TextEditor is closed/disposed
[2022-03-08 13:38:33.120] [exthost] [warning] TextEditor is closed/disposed
[2022-03-08 14:06:17.099] [exthost] [warning] TextEditor is closed/disposed
[2022-03-08 14:08:16.636] [exthost] [warning] TextEditor is closed/disposed
[2022-03-08 14:08:48.457] [exthost] [warning] TextEditor is closed/disposed
[2022-03-08 14:11:05.768] [exthost] [warning] TextEditor is closed/disposed
[2022-03-08 14:15:16.155] [exthost] [warning] TextEditor is closed/disposed
[2022-03-08 14:18:26.310] [exthost] [warning] TextEditor is closed/disposed
[2022-03-08 14:19:46.404] [exthost] [warning] TextEditor is closed/disposed
[2022-03-08 14:22:02.917] [exthost] [warning] TextEditor is closed/disposed
[2022-03-08 14:25:51.478] [exthost] [warning] TextEditor is closed/disposed
[2022-03-08 14:56:30.992] [exthost] [warning] TextEditor is closed/disposed
[2022-03-08 14:57:14.858] [exthost] [warning] TextEditor is closed/disposed
[2022-03-08 14:57:56.302] [exthost] [warning] TextEditor is closed/disposed
[2022-03-08 14:59:11.458] [exthost] [warning] TextEditor is closed/disposed
[2022-03-08 14:59:28.067] [exthost] [warning] TextEditor is closed/disposed
[2022-03-08 15:00:29.910] [exthost] [warning] TextEditor is closed/disposed
[2022-03-08 15:01:21.838] [exthost] [warning] TextEditor is closed/disposed
[2022-03-08 15:13:20.732] [exthost] [warning] TextEditor is closed/disposed
[2022-03-08 15:14:35.287] [exthost] [warning] TextEditor is closed/disposed
[2022-03-08 15:15:27.218] [exthost] [warning] TextEditor is closed/disposed
[2022-03-08 15:15:35.177] [exthost] [warning] TextEditor is closed/disposed
[2022-03-08 15:16:14.573] [exthost] [warning] TextEditor is closed/disposed
[2022-03-08 15:16:41.950] [exthost] [warning] TextEditor is closed/disposed
[2022-03-08 15:28:30.401] [exthost] [warning] TextEditor is closed/disposed
[2022-03-08 15:44:05.059] [exthost] [warning] TextEditor is closed/disposed
[2022-03-08 15:51:40.573] [exthost] [warning] TextEditor is closed/disposed
[2022-03-08 15:55:53.716] [exthost] [warning] TextEditor is closed/disposed
[2022-03-08 15:59:16.506] [exthost] [warning] TextEditor is closed/disposed
[2022-03-08 16:00:05.691] [exthost] [warning] TextEditor is closed/disposed
[2022-03-08 16:00:36.554] [exthost] [warning] TextEditor is closed/disposed
[2022-03-08 16:01:53.068] [exthost] [warning] TextEditor is closed/disposed
[2022-03-08 16:05:08.491] [exthost] [warning] [redhat.vscode-yaml] Accessing a resource scoped configuration without providing a resource is not expected. To get the effective value for '[yaml]', provide the URI of a resource or 'null' for any resource.
[2022-03-08 16:15:09.724] [exthost] [warning] TextEditor is closed/disposed
[2022-03-08 16:17:24.352] [exthost] [warning] TextEditor is closed/disposed
[2022-03-08 16:22:48.654] [exthost] [warning] TextEditor is closed/disposed
[2022-03-08 16:22:50.910] [exthost] [warning] TextEditor is closed/disposed
[2022-03-08 16:26:23.090] [exthost] [warning] TextEditor is closed/disposed
[2022-03-08 16:33:41.787] [exthost] [warning] TextEditor is closed/disposed
[2022-03-08 16:33:50.817] [exthost] [warning] TextEditor is closed/disposed
[2022-03-08 16:38:30.494] [exthost] [warning] TextEditor is closed/disposed
[2022-03-08 16:38:47.104] [exthost] [warning] TextEditor is closed/disposed
[2022-03-08 16:39:15.705] [exthost] [warning] TextEditor is closed/disposed
[2022-03-08 16:40:07.145] [exthost] [warning] TextEditor is closed/disposed
[2022-03-08 16:40:28.198] [exthost] [warning] TextEditor is closed/disposed
[2022-03-08 16:54:35.173] [exthost] [warning] TextEditor is closed/disposed
[2022-03-08 16:58:01.083] [exthost] [warning] TextEditor is closed/disposed
[2022-03-08 16:59:24.357] [exthost] [warning] TextEditor is closed/disposed
[2022-03-08 16:59:39.525] [exthost] [warning] TextEditor is closed/disposed
[2022-03-08 17:06:38.915] [exthost] [warning] TextEditor is closed/disposed
[2022-03-08 17:09:27.399] [exthost] [warning] TextEditor is closed/disposed
[2022-03-08 17:10:32.610] [exthost] [warning] TextEditor is closed/disposed
[2022-03-08 17:11:06.904] [exthost] [warning] TextEditor is closed/disposed
[2022-03-08 17:11:48.384] [exthost] [warning] TextEditor is closed/disposed
[2022-03-08 17:11:51.767] [exthost] [warning] TextEditor is closed/disposed
[2022-03-08 17:13:50.556] [exthost] [warning] TextEditor is closed/disposed
[2022-03-08 17:19:24.909] [exthost] [warning] TextEditor is closed/disposed
[2022-03-08 17:21:46.777] [exthost] [warning] TextEditor is closed/disposed
[2022-03-08 17:22:44.390] [exthost] [warning] TextEditor is closed/disposed
[2022-03-08 17:23:51.088] [exthost] [warning] TextEditor is closed/disposed
[2022-03-08 17:24:04.033] [exthost] [warning] TextEditor is closed/disposed
[2022-03-08 17:24:05.190] [exthost] [warning] TextEditor is closed/disposed
[2022-03-08 17:24:11.212] [exthost] [warning] TextEditor is closed/disposed
[2022-03-08 17:24:13.971] [exthost] [warning] TextEditor is closed/disposed
[2022-03-08 17:24:14.782] [exthost] [warning] TextEditor is closed/disposed
[2022-03-08 17:24:27.103] [exthost] [warning] TextEditor is closed/disposed
[2022-03-08 17:30:43.169] [exthost] [warning] TextEditor is closed/disposed
[2022-03-08 17:31:18.668] [exthost] [warning] TextEditor is closed/disposed
[2022-03-08 17:32:24.341] [exthost] [warning] TextEditor is closed/disposed
[2022-03-08 17:34:27.319] [exthost] [warning] TextEditor is closed/disposed
[2022-03-08 17:42:29.797] [exthost] [warning] TextEditor is closed/disposed
[2022-03-08 17:43:12.802] [exthost] [warning] TextEditor is closed/disposed
[2022-03-08 17:45:57.184] [exthost] [warning] TextEditor is closed/disposed
[2022-03-08 17:46:34.750] [exthost] [warning] TextEditor is closed/disposed
[2022-03-08 17:51:34.071] [exthost] [warning] TextEditor is closed/disposed
[2022-03-08 18:09:05.571] [exthost] [warning] TextEditor is closed/disposed
[2022-03-08 18:48:56.546] [exthost] [warning] TextEditor is closed/disposed
[2022-03-08 18:48:59.684] [exthost] [warning] TextEditor is closed/disposed
[2022-03-08 18:50:24.815] [exthost] [warning] TextEditor is closed/disposed
[2022-03-08 18:53:15.236] [exthost] [warning] TextEditor is closed/disposed
[2022-03-08 18:54:34.582] [exthost] [warning] TextEditor is closed/disposed
[2022-03-08 18:54:50.828] [exthost] [warning] TextEditor is closed/disposed
[2022-03-08 18:55:35.583] [exthost] [warning] TextEditor is closed/disposed
[2022-03-08 18:57:00.566] [exthost] [warning] TextEditor is closed/disposed
[2022-03-08 18:57:17.021] [exthost] [warning] TextEditor is closed/disposed
[2022-03-08 19:00:12.285] [exthost] [warning] TextEditor is closed/disposed
[2022-03-08 19:07:48.871] [exthost] [warning] TextEditor is closed/disposed
[2022-03-08 19:08:40.711] [exthost] [warning] TextEditor is closed/disposed
[2022-03-08 22:15:58.577] [exthost] [warning] TextEditor is closed/disposed
[2022-03-08 22:19:48.409] [exthost] [warning] TextEditor is closed/disposed
[2022-03-08 22:20:28.196] [exthost] [warning] TextEditor is closed/disposed
[2022-03-08 22:21:35.196] [exthost] [warning] TextEditor is closed/disposed
[2022-03-08 22:21:41.025] [exthost] [warning] TextEditor is closed/disposed
[2022-03-09 06:10:41.544] [exthost] [warning] TextEditor is closed/disposed
[2022-03-09 06:10:49.507] [exthost] [warning] TextEditor is closed/disposed
[2022-03-09 08:16:30.033] [exthost] [warning] TextEditor is closed/disposed
[2022-03-09 08:19:47.061] [exthost] [warning] TextEditor is closed/disposed
[2022-03-09 08:31:29.920] [exthost] [warning] TextEditor is closed/disposed
[2022-03-09 08:31:42.286] [exthost] [warning] [redhat.vscode-yaml] Accessing a resource scoped configuration without providing a resource is not expected. To get the effective value for '[yaml]', provide the URI of a resource or 'null' for any resource.
[2022-03-09 08:31:57.320] [exthost] [warning] TextEditor is closed/disposed
[2022-03-09 08:32:34.138] [exthost] [warning] TextEditor is closed/disposed
[2022-03-09 08:34:20.347] [exthost] [warning] TextEditor is closed/disposed
[2022-03-09 08:42:18.452] [exthost] [warning] TextEditor is closed/disposed
[2022-03-09 08:42:26.724] [exthost] [warning] TextEditor is closed/disposed
[2022-03-09 08:42:40.999] [exthost] [warning] TextEditor is closed/disposed
[2022-03-09 08:42:46.370] [exthost] [warning] TextEditor is closed/disposed
[2022-03-09 08:43:03.014] [exthost] [warning] TextEditor is closed/disposed
[2022-03-09 08:43:07.661] [exthost] [warning] TextEditor is closed/disposed
[2022-03-09 08:43:20.182] [exthost] [warning] TextEditor is closed/disposed
[2022-03-09 08:43:26.510] [exthost] [warning] TextEditor is closed/disposed
[2022-03-09 16:25:00.871] [exthost] [info] extension host terminating: renderer closed the socket
[2022-03-09 16:25:00.893] [exthost] [error] An error occurred when deactivating the subscriptions for extension 'iampeterbanjo.elixirlinter':
[2022-03-09 16:25:00.893] [exthost] [error] TypeError: Cannot read property 'dispose' of undefined
	at IdeExtensionProvider.dispose (/home/eddy/.vscode/extensions/iampeterbanjo.elixirlinter-0.4.1/out/src/ideExtensionProvider.js:8:26)
	at ElixirLintingProvider.dispose (/home/eddy/.vscode/extensions/iampeterbanjo.elixirlinter-0.4.1/out/src/credoProvider.js:51:24)
	at g (/usr/share/code/resources/app/out/vs/workbench/api/node/extensionHostProcess.js:8:12307)
	at d._deactivate (/usr/share/code/resources/app/out/vs/workbench/api/node/extensionHostProcess.js:90:11931)
	at /usr/share/code/resources/app/out/vs/workbench/api/node/extensionHostProcess.js:90:10226
	at Array.map (<anonymous>)
	at deactivateAll (/usr/share/code/resources/app/out/vs/workbench/api/node/extensionHostProcess.js:90:10214)
	at _.terminate (/usr/share/code/resources/app/out/vs/workbench/api/node/extensionHostProcess.js:94:880)
	at c (/usr/share/code/resources/app/out/vs/workbench/api/node/extensionHostProcess.js:104:36243)
	at Socket.<anonymous> (/usr/share/code/resources/app/out/vs/workbench/api/node/extensionHostProcess.js:104:33938)
	at Socket.emit (events.js:327:22)
	at Socket.EventEmitter.emit (domain.js:467:12)
	at Pipe.<anonymous> (net.js:673:12)
[2022-03-09 16:25:00.895] [exthost] [error] An error occurred when deactivating the subscriptions for extension 'jebbs.plantuml':
[2022-03-09 16:25:00.895] [exthost] [error] TypeError: Cannot read property 'dispose' of undefined
	at UI.dispose (/home/eddy/.vscode/extensions/jebbs.plantuml-2.17.2/out/src/ui/ui.js:23:21)
	at /home/eddy/.vscode/extensions/jebbs.plantuml-2.17.2/out/src/providers/previewer.js:37:87
	at Array.map (<anonymous>)
	at Previewer.dispose (/home/eddy/.vscode/extensions/jebbs.plantuml-2.17.2/out/src/providers/previewer.js:37:76)
	at g (/usr/share/code/resources/app/out/vs/workbench/api/node/extensionHostProcess.js:8:12307)
	at d._deactivate (/usr/share/code/resources/app/out/vs/workbench/api/node/extensionHostProcess.js:90:11931)
	at /usr/share/code/resources/app/out/vs/workbench/api/node/extensionHostProcess.js:90:10226
	at Array.map (<anonymous>)
	at deactivateAll (/usr/share/code/resources/app/out/vs/workbench/api/node/extensionHostProcess.js:90:10214)
	at _.terminate (/usr/share/code/resources/app/out/vs/workbench/api/node/extensionHostProcess.js:94:880)
	at c (/usr/share/code/resources/app/out/vs/workbench/api/node/extensionHostProcess.js:104:36243)
	at Socket.<anonymous> (/usr/share/code/resources/app/out/vs/workbench/api/node/extensionHostProcess.js:104:33938)
	at Socket.emit (events.js:327:22)
	at Socket.EventEmitter.emit (domain.js:467:12)
	at Pipe.<anonymous> (net.js:673:12)
[2022-03-09 16:25:00.907] [exthost] [warning] {"name":"Canceled"}
[2022-03-09 16:25:00.923] [exthost] [error] Canceled: Canceled
	at Object.F [as canceled] (/usr/share/code/resources/app/out/vs/workbench/api/node/extensionHostProcess.js:5:1172)
	at n._remoteCall (/usr/share/code/resources/app/out/vs/workbench/api/node/extensionHostProcess.js:89:13886)
	at Proxy.y.<computed>.$.charCodeAt.y.<computed> (/usr/share/code/resources/app/out/vs/workbench/api/node/extensionHostProcess.js:89:10294)
	at f._doExecuteCommand (/usr/share/code/resources/app/out/vs/workbench/api/node/extensionHostProcess.js:85:29651)
	at f.executeCommand (/usr/share/code/resources/app/out/vs/workbench/api/node/extensionHostProcess.js:85:29049)
	at Object.executeCommand (/usr/share/code/resources/app/out/vs/workbench/api/node/extensionHostProcess.js:99:31630)
	at clearContext (/home/eddy/.vscode/extensions/trunk.io-0.2.1/out/index.js:44:17976)
	at clearContexts (/home/eddy/.vscode/extensions/trunk.io-0.2.1/out/index.js:44:18141)
	at Object.deactivate (/home/eddy/.vscode/extensions/trunk.io-0.2.1/out/index.js:44:37531)
	at d._deactivate (/usr/share/code/resources/app/out/vs/workbench/api/node/extensionHostProcess.js:90:11702)
	at /usr/share/code/resources/app/out/vs/workbench/api/node/extensionHostProcess.js:90:10226
	at Array.map (<anonymous>)
	at deactivateAll (/usr/share/code/resources/app/out/vs/workbench/api/node/extensionHostProcess.js:90:10214)
	at _.terminate (/usr/share/code/resources/app/out/vs/workbench/api/node/extensionHostProcess.js:94:880)
	at c (/usr/share/code/resources/app/out/vs/workbench/api/node/extensionHostProcess.js:104:36243)
	at Socket.<anonymous> (/usr/share/code/resources/app/out/vs/workbench/api/node/extensionHostProcess.js:104:33938)
	at Socket.emit (events.js:327:22)
	at Socket.EventEmitter.emit (domain.js:467:12)
	at Pipe.<anonymous> (net.js:673:12)
[2022-03-09 16:25:00.949] [exthost] [info] Extension host with pid 3761217 exiting with code 0
