[2022-03-04 09:39:21.269] [main] [info] window#load: attempt to load window (id: 1)
[2022-03-04 09:39:21.285] [main] [info] update#setState idle
[2022-03-04 09:39:21.320] [main] [info] ExtensionHostStarterWorker created
[2022-03-04 09:39:22.372] [main] [info] window#load: window reported ready (id: 1)
[2022-03-04 09:39:22.513] [main] [info] Starting extension host with pid 3613017 (fork() took 7 ms).
[2022-03-04 09:39:22.513] [main] [info] ExtensionHostStarterWorker.start() took 9 ms.
[2022-03-04 09:39:51.290] [main] [info] update#setState checking for updates
[2022-03-04 09:39:52.541] [main] [info] update#setState idle
[2022-03-04 09:59:22.072] [main] [info] window#load: attempt to load window (id: 3)
[2022-03-04 09:59:22.663] [main] [info] window#load: window reported ready (id: 3)
[2022-03-04 09:59:22.897] [main] [info] Starting extension host with pid 3641759 (fork() took 5 ms).
[2022-03-04 09:59:22.897] [main] [info] ExtensionHostStarterWorker.start() took 6 ms.
[2022-03-04 10:39:51.360] [main] [info] update#setState checking for updates
[2022-03-04 10:39:54.100] [main] [info] update#setState idle
[2022-03-04 11:03:26.174] [main] [info] Extension host with pid 3613017 exited with code: 0, signal: null.
[2022-03-04 11:04:58.968] [main] [info] window#load: attempt to load window (id: 4)
[2022-03-04 11:04:59.602] [main] [info] window#load: window reported ready (id: 4)
[2022-03-04 11:04:59.739] [main] [info] Starting extension host with pid 3761217 (fork() took 8 ms).
[2022-03-04 11:04:59.740] [main] [info] ExtensionHostStarterWorker.start() took 9 ms.
[2022-03-04 11:39:51.386] [main] [info] update#setState checking for updates
[2022-03-04 11:39:54.122] [main] [info] update#setState idle
[2022-03-04 12:39:51.437] [main] [info] update#setState checking for updates
[2022-03-04 12:39:53.945] [main] [info] update#setState idle
[2022-03-04 13:39:51.477] [main] [info] update#setState checking for updates
[2022-03-04 13:39:55.125] [main] [info] update#setState idle
[2022-03-04 14:39:51.581] [main] [info] update#setState checking for updates
[2022-03-04 14:39:54.365] [main] [info] update#setState idle
[2022-03-04 15:39:51.600] [main] [info] update#setState checking for updates
[2022-03-04 15:39:53.607] [main] [info] update#setState idle
[2022-03-04 16:39:51.707] [main] [info] update#setState checking for updates
[2022-03-04 16:39:54.379] [main] [info] update#setState idle
[2022-03-04 17:39:51.751] [main] [info] update#setState checking for updates
[2022-03-04 17:39:51.792] [main] [info] update#setState idle
[2022-03-04 18:39:51.819] [main] [info] update#setState checking for updates
[2022-03-04 18:39:51.870] [main] [info] update#setState idle
[2022-03-04 19:39:51.927] [main] [info] update#setState checking for updates
[2022-03-04 19:39:51.975] [main] [info] update#setState idle
[2022-03-04 20:39:52.030] [main] [info] update#setState checking for updates
[2022-03-04 20:39:52.089] [main] [info] update#setState idle
[2022-03-04 21:39:52.129] [main] [info] update#setState checking for updates
[2022-03-04 21:39:52.178] [main] [info] update#setState idle
[2022-03-04 22:39:52.233] [main] [info] update#setState checking for updates
[2022-03-04 22:39:52.285] [main] [info] update#setState idle
[2022-03-04 23:39:52.333] [main] [info] update#setState checking for updates
[2022-03-04 23:39:52.375] [main] [info] update#setState idle
[2022-03-05 00:39:52.355] [main] [info] update#setState checking for updates
[2022-03-05 00:39:52.409] [main] [info] update#setState idle
[2022-03-05 01:39:52.457] [main] [info] update#setState checking for updates
[2022-03-05 01:39:52.568] [main] [info] update#setState idle
[2022-03-05 02:39:52.557] [main] [info] update#setState checking for updates
[2022-03-05 02:39:52.677] [main] [info] update#setState idle
[2022-03-05 03:39:52.642] [main] [info] update#setState checking for updates
[2022-03-05 03:39:52.784] [main] [info] update#setState idle
[2022-03-05 04:39:52.744] [main] [info] update#setState checking for updates
[2022-03-05 04:39:52.789] [main] [info] update#setState idle
[2022-03-05 05:39:52.848] [main] [info] update#setState checking for updates
[2022-03-05 05:39:52.918] [main] [info] update#setState idle
[2022-03-05 06:39:52.951] [main] [info] update#setState checking for updates
[2022-03-05 06:39:53.022] [main] [info] update#setState idle
[2022-03-05 07:39:53.027] [main] [info] update#setState checking for updates
[2022-03-05 07:39:53.076] [main] [info] update#setState idle
[2022-03-05 08:39:53.129] [main] [info] update#setState checking for updates
[2022-03-05 08:39:53.256] [main] [info] update#setState idle
[2022-03-05 09:39:53.216] [main] [info] update#setState checking for updates
[2022-03-05 09:39:53.263] [main] [info] update#setState idle
[2022-03-05 10:39:53.302] [main] [info] update#setState checking for updates
[2022-03-05 10:39:53.345] [main] [info] update#setState idle
[2022-03-05 11:39:53.404] [main] [info] update#setState checking for updates
[2022-03-05 11:39:53.450] [main] [info] update#setState idle
[2022-03-05 12:39:53.505] [main] [info] update#setState checking for updates
[2022-03-05 12:39:53.560] [main] [info] update#setState idle
[2022-03-05 13:39:53.605] [main] [info] update#setState checking for updates
[2022-03-05 13:39:53.649] [main] [info] update#setState idle
[2022-03-05 14:39:53.705] [main] [info] update#setState checking for updates
[2022-03-05 14:39:53.764] [main] [info] update#setState idle
[2022-03-05 15:39:53.805] [main] [info] update#setState checking for updates
[2022-03-05 15:39:53.858] [main] [info] update#setState idle
[2022-03-05 16:39:53.891] [main] [info] update#setState checking for updates
[2022-03-05 16:39:53.933] [main] [info] update#setState idle
[2022-03-05 17:39:53.967] [main] [info] update#setState checking for updates
[2022-03-05 17:39:54.037] [main] [info] update#setState idle
[2022-03-05 18:39:54.050] [main] [info] update#setState checking for updates
[2022-03-05 18:39:54.089] [main] [info] update#setState idle
[2022-03-05 19:39:54.129] [main] [info] update#setState checking for updates
[2022-03-05 19:39:54.188] [main] [info] update#setState idle
[2022-03-05 20:39:54.206] [main] [info] update#setState checking for updates
[2022-03-05 20:39:54.340] [main] [info] update#setState idle
[2022-03-05 21:39:54.214] [main] [info] update#setState checking for updates
[2022-03-05 21:39:54.327] [main] [info] update#setState idle
[2022-03-05 22:39:54.256] [main] [info] update#setState checking for updates
[2022-03-05 22:39:54.387] [main] [info] update#setState idle
[2022-03-05 23:39:54.321] [main] [info] update#setState checking for updates
[2022-03-05 23:39:54.364] [main] [info] update#setState idle
[2022-03-06 00:39:54.374] [main] [info] update#setState checking for updates
[2022-03-06 00:39:54.423] [main] [info] update#setState idle
[2022-03-06 01:39:54.433] [main] [info] update#setState checking for updates
[2022-03-06 01:39:54.483] [main] [info] update#setState idle
[2022-03-06 02:39:54.485] [main] [info] update#setState checking for updates
[2022-03-06 02:39:54.528] [main] [info] update#setState idle
[2022-03-06 03:39:54.535] [main] [info] update#setState checking for updates
[2022-03-06 03:39:54.585] [main] [info] update#setState idle
[2022-03-06 04:39:54.538] [main] [info] update#setState checking for updates
[2022-03-06 04:39:54.607] [main] [info] update#setState idle
[2022-03-06 05:39:54.581] [main] [info] update#setState checking for updates
[2022-03-06 05:39:54.644] [main] [info] update#setState idle
[2022-03-06 06:39:54.600] [main] [info] update#setState checking for updates
[2022-03-06 06:39:54.678] [main] [info] update#setState idle
[2022-03-06 07:39:54.634] [main] [info] update#setState checking for updates
[2022-03-06 07:39:54.692] [main] [info] update#setState idle
[2022-03-06 08:39:54.665] [main] [info] update#setState checking for updates
[2022-03-06 08:39:54.713] [main] [info] update#setState idle
[2022-03-06 09:39:54.694] [main] [info] update#setState checking for updates
[2022-03-06 09:39:54.756] [main] [info] update#setState idle
[2022-03-06 10:39:54.716] [main] [info] update#setState checking for updates
[2022-03-06 10:39:54.767] [main] [info] update#setState idle
[2022-03-06 11:39:54.738] [main] [info] update#setState checking for updates
[2022-03-06 11:39:54.805] [main] [info] update#setState idle
[2022-03-06 12:39:54.753] [main] [info] update#setState checking for updates
[2022-03-06 12:39:54.837] [main] [info] update#setState idle
[2022-03-06 13:39:54.855] [main] [info] update#setState checking for updates
[2022-03-06 13:39:55.005] [main] [info] update#setState idle
[2022-03-06 14:39:54.957] [main] [info] update#setState checking for updates
[2022-03-06 14:39:55.005] [main] [info] update#setState idle
[2022-03-06 15:39:54.968] [main] [info] update#setState checking for updates
[2022-03-06 15:39:55.017] [main] [info] update#setState idle
[2022-03-06 16:39:55.069] [main] [info] update#setState checking for updates
[2022-03-06 16:39:55.129] [main] [info] update#setState idle
[2022-03-06 17:39:55.101] [main] [info] update#setState checking for updates
[2022-03-06 17:39:55.208] [main] [info] update#setState idle
[2022-03-06 18:39:55.201] [main] [info] update#setState checking for updates
[2022-03-06 18:39:55.247] [main] [info] update#setState idle
[2022-03-06 19:39:55.302] [main] [info] update#setState checking for updates
[2022-03-06 19:39:55.353] [main] [info] update#setState idle
[2022-03-06 20:39:55.399] [main] [info] update#setState checking for updates
[2022-03-06 20:39:55.450] [main] [info] update#setState idle
[2022-03-06 21:39:55.501] [main] [info] update#setState checking for updates
[2022-03-06 21:39:55.559] [main] [info] update#setState idle
[2022-03-06 22:39:55.602] [main] [info] update#setState checking for updates
[2022-03-06 22:39:55.647] [main] [info] update#setState idle
[2022-03-06 23:39:55.704] [main] [info] update#setState checking for updates
[2022-03-06 23:39:55.754] [main] [info] update#setState idle
[2022-03-07 00:39:55.807] [main] [info] update#setState checking for updates
[2022-03-07 00:39:55.856] [main] [info] update#setState idle
[2022-03-07 01:39:55.905] [main] [info] update#setState checking for updates
[2022-03-07 01:39:55.961] [main] [info] update#setState idle
[2022-03-07 02:39:56.008] [main] [info] update#setState checking for updates
[2022-03-07 02:39:56.058] [main] [info] update#setState idle
[2022-03-07 03:39:56.111] [main] [info] update#setState checking for updates
[2022-03-07 03:39:56.158] [main] [info] update#setState idle
[2022-03-07 04:39:56.209] [main] [info] update#setState checking for updates
[2022-03-07 04:39:56.257] [main] [info] update#setState idle
[2022-03-07 05:39:56.307] [main] [info] update#setState checking for updates
[2022-03-07 05:39:56.356] [main] [info] update#setState idle
[2022-03-07 06:39:56.370] [main] [info] update#setState checking for updates
[2022-03-07 06:39:56.420] [main] [info] update#setState idle
[2022-03-07 07:39:56.469] [main] [info] update#setState checking for updates
[2022-03-07 07:39:56.574] [main] [info] update#setState idle
[2022-03-07 08:39:56.561] [main] [info] update#setState checking for updates
[2022-03-07 08:39:56.611] [main] [info] update#setState idle
[2022-03-07 09:39:56.573] [main] [info] update#setState checking for updates
[2022-03-07 09:39:59.198] [main] [info] update#setState idle
[2022-03-07 10:39:56.674] [main] [info] update#setState checking for updates
[2022-03-07 10:40:00.663] [main] [info] update#setState idle
[2022-03-07 11:39:57.197] [main] [info] update#setState checking for updates
[2022-03-07 11:39:59.614] [main] [info] update#setState idle
[2022-03-07 12:39:57.205] [main] [info] update#setState checking for updates
[2022-03-07 12:39:59.385] [main] [info] update#setState idle
[2022-03-07 13:39:57.207] [main] [info] update#setState checking for updates
[2022-03-07 13:39:59.565] [main] [info] update#setState idle
[2022-03-07 14:39:57.281] [main] [info] update#setState checking for updates
[2022-03-07 14:39:59.824] [main] [info] update#setState idle
[2022-03-07 15:39:57.296] [main] [info] update#setState checking for updates
[2022-03-07 15:39:59.903] [main] [info] update#setState idle
[2022-03-07 16:39:57.403] [main] [info] update#setState checking for updates
[2022-03-07 16:39:57.471] [main] [info] update#setState idle
[2022-03-07 17:39:57.421] [main] [info] update#setState checking for updates
[2022-03-07 17:39:57.480] [main] [info] update#setState idle
[2022-03-07 18:39:57.529] [main] [info] update#setState checking for updates
[2022-03-07 18:39:57.589] [main] [info] update#setState idle
[2022-03-07 19:39:57.630] [main] [info] update#setState checking for updates
[2022-03-07 19:39:57.679] [main] [info] update#setState idle
[2022-03-07 20:39:57.730] [main] [info] update#setState checking for updates
[2022-03-07 20:39:57.773] [main] [info] update#setState idle
[2022-03-07 21:39:57.828] [main] [info] update#setState checking for updates
[2022-03-07 21:39:57.893] [main] [info] update#setState idle
[2022-03-07 22:39:57.929] [main] [info] update#setState checking for updates
[2022-03-07 22:39:57.988] [main] [info] update#setState idle
[2022-03-07 23:39:58.029] [main] [info] update#setState checking for updates
[2022-03-07 23:39:58.074] [main] [info] update#setState idle
[2022-03-08 00:39:58.122] [main] [info] update#setState checking for updates
[2022-03-08 00:39:58.248] [main] [info] update#setState idle
[2022-03-08 01:39:58.225] [main] [info] update#setState checking for updates
[2022-03-08 01:39:58.286] [main] [info] update#setState idle
[2022-03-08 02:39:58.325] [main] [info] update#setState checking for updates
[2022-03-08 02:39:58.496] [main] [info] update#setState idle
[2022-03-08 03:39:58.432] [main] [info] update#setState checking for updates
[2022-03-08 03:39:58.472] [main] [info] update#setState idle
[2022-03-08 04:39:58.533] [main] [info] update#setState checking for updates
[2022-03-08 04:39:58.628] [main] [info] update#setState idle
[2022-03-08 05:39:58.629] [main] [info] update#setState checking for updates
[2022-03-08 05:39:58.684] [main] [info] update#setState idle
[2022-03-08 06:39:58.723] [main] [info] update#setState checking for updates
[2022-03-08 06:39:58.771] [main] [info] update#setState idle
[2022-03-08 07:39:58.813] [main] [info] update#setState checking for updates
[2022-03-08 07:39:58.862] [main] [info] update#setState idle
[2022-03-08 08:39:58.895] [main] [info] update#setState checking for updates
[2022-03-08 08:39:58.945] [main] [info] update#setState idle
[2022-03-08 09:39:58.952] [main] [info] update#setState checking for updates
[2022-03-08 09:39:59.019] [main] [info] update#setState idle
[2022-03-08 10:39:58.992] [main] [info] update#setState checking for updates
[2022-03-08 10:39:59.047] [main] [info] update#setState idle
[2022-03-08 11:39:59.002] [main] [info] update#setState checking for updates
[2022-03-08 11:39:59.072] [main] [info] update#setState idle
[2022-03-08 12:39:59.104] [main] [info] update#setState checking for updates
[2022-03-08 12:39:59.149] [main] [info] update#setState idle
[2022-03-08 13:39:59.112] [main] [info] update#setState checking for updates
[2022-03-08 13:39:59.187] [main] [info] update#setState idle
[2022-03-08 14:39:59.218] [main] [info] update#setState checking for updates
[2022-03-08 14:40:02.111] [main] [info] update#setState idle
[2022-03-08 15:39:59.224] [main] [info] update#setState checking for updates
[2022-03-08 15:40:01.507] [main] [info] update#setState idle
[2022-03-08 16:39:59.227] [main] [info] update#setState checking for updates
[2022-03-08 16:39:59.294] [main] [info] update#setState idle
[2022-03-08 17:39:59.231] [main] [info] update#setState checking for updates
[2022-03-08 17:39:59.274] [main] [info] update#setState idle
[2022-03-08 18:39:59.233] [main] [info] update#setState checking for updates
[2022-03-08 18:39:59.366] [main] [info] update#setState idle
[2022-03-08 19:39:59.323] [main] [info] update#setState checking for updates
[2022-03-08 19:39:59.411] [main] [info] update#setState idle
[2022-03-08 20:39:59.400] [main] [info] update#setState checking for updates
[2022-03-08 20:39:59.454] [main] [info] update#setState idle
[2022-03-08 21:39:59.431] [main] [info] update#setState checking for updates
[2022-03-08 21:39:59.494] [main] [info] update#setState idle
[2022-03-08 22:39:59.464] [main] [info] update#setState checking for updates
[2022-03-08 22:39:59.512] [main] [info] update#setState idle
[2022-03-08 23:39:59.554] [main] [info] update#setState checking for updates
[2022-03-08 23:39:59.673] [main] [info] update#setState idle
[2022-03-09 00:39:59.655] [main] [info] update#setState checking for updates
[2022-03-09 00:39:59.700] [main] [info] update#setState idle
[2022-03-09 01:39:59.756] [main] [info] update#setState checking for updates
[2022-03-09 01:39:59.818] [main] [info] update#setState idle
[2022-03-09 02:39:59.857] [main] [info] update#setState checking for updates
[2022-03-09 02:39:59.909] [main] [info] update#setState available for download
[2022-03-09 08:31:19.028] [main] [info] Extension host with pid 3641759 exited with code: 0, signal: null.
[2022-03-09 16:25:00.878] [main] [info] Waiting for extension host with pid 3761217 to exit.
[2022-03-09 16:25:00.988] [main] [info] Extension host with pid 3761217 exited with code: 0, signal: null.
