[2022-03-04 09:39:25.300] [sharedprocess] [info] Starting worker process with pid 3613989 (type: fileWatcher, window: 1).
[2022-03-04 09:39:25.618] [sharedprocess] [info] Deleted from disk eamodio.gitlens /home/eddy/.vscode/extensions/eamodio.gitlens-12.0.0
[2022-03-04 09:39:25.631] [sharedprocess] [info] Deleted from disk mads-hartmann.bash-ide-vscode /home/eddy/.vscode/extensions/mads-hartmann.bash-ide-vscode-1.12.0
[2022-03-04 09:39:43.992] [sharedprocess] [info] Getting Manifest... ms-python.python
[2022-03-04 09:39:43.993] [sharedprocess] [info] Getting Manifest... ms-python.vscode-pylance
[2022-03-04 09:39:43.994] [sharedprocess] [info] Getting Manifest... ms-toolsai.jupyter
[2022-03-04 09:39:43.995] [sharedprocess] [info] Getting Manifest... redhat.ansible
[2022-03-04 09:39:47.552] [sharedprocess] [info] Installing extension: ms-toolsai.jupyter
[2022-03-04 09:39:47.716] [sharedprocess] [info] Installing extension: ms-python.python
[2022-03-04 09:39:48.151] [sharedprocess] [info] Installing extension: ms-python.vscode-pylance
[2022-03-04 09:39:48.219] [sharedprocess] [info] Installing extension: redhat.ansible
[2022-03-04 09:39:57.775] [sharedprocess] [info] Downloaded extension: redhat.ansible /home/eddy/.config/Code/CachedExtensionVSIXs/redhat.ansible-0.8.0
[2022-03-04 09:39:57.843] [sharedprocess] [info] Extracted extension to /home/eddy/.vscode/extensions/.7193cc65-4fa3-4f4b-ae86-ba899540f742: redhat.ansible
[2022-03-04 09:39:57.848] [sharedprocess] [info] Renamed to /home/eddy/.vscode/extensions/redhat.ansible-0.8.0
[2022-03-04 09:39:57.849] [sharedprocess] [info] Extracting completed. redhat.ansible
[2022-03-04 09:39:57.853] [sharedprocess] [info] Extension installed successfully: redhat.ansible
[2022-03-04 09:43:56.568] [sharedprocess] [info] Downloaded extension: ms-toolsai.jupyter /home/eddy/.config/Code/CachedExtensionVSIXs/ms-toolsai.jupyter-2022.2.1020642448
[2022-03-04 09:43:57.068] [sharedprocess] [info] Extracted extension to /home/eddy/.vscode/extensions/.4decd455-eaab-42f7-b459-5b9bc1c3ffae: ms-toolsai.jupyter
[2022-03-04 09:43:57.078] [sharedprocess] [info] Renamed to /home/eddy/.vscode/extensions/ms-toolsai.jupyter-2022.2.1020642448
[2022-03-04 09:43:57.081] [sharedprocess] [info] Extracting completed. ms-toolsai.jupyter
[2022-03-04 09:43:57.086] [sharedprocess] [info] Extension installed successfully: ms-toolsai.jupyter
[2022-03-04 09:44:48.993] [sharedprocess] [info] Downloaded extension: ms-python.python /home/eddy/.config/Code/CachedExtensionVSIXs/ms-python.python-2022.2.1924087327
[2022-03-04 09:44:50.305] [sharedprocess] [info] Extracted extension to /home/eddy/.vscode/extensions/.58b11501-95b2-4339-9037-4942a693fdcb: ms-python.python
[2022-03-04 09:44:50.314] [sharedprocess] [info] Renamed to /home/eddy/.vscode/extensions/ms-python.python-2022.2.1924087327
[2022-03-04 09:44:50.316] [sharedprocess] [info] Extracting completed. ms-python.python
[2022-03-04 09:44:50.321] [sharedprocess] [info] Extension installed successfully: ms-python.python
[2022-03-04 09:45:01.270] [sharedprocess] [info] Downloaded extension: ms-python.vscode-pylance /home/eddy/.config/Code/CachedExtensionVSIXs/ms-python.vscode-pylance-2022.3.0
[2022-03-04 09:45:03.104] [sharedprocess] [info] Extracted extension to /home/eddy/.vscode/extensions/.0d5276b9-b346-4828-bb54-588d3087ac96: ms-python.vscode-pylance
[2022-03-04 09:45:03.113] [sharedprocess] [info] Renamed to /home/eddy/.vscode/extensions/ms-python.vscode-pylance-2022.3.0
[2022-03-04 09:45:03.115] [sharedprocess] [info] Extracting completed. ms-python.vscode-pylance
[2022-03-04 09:45:03.120] [sharedprocess] [info] Extension installed successfully: ms-python.vscode-pylance
[2022-03-04 09:59:22.916] [sharedprocess] [info] Starting worker process with pid 3641760 (type: fileWatcher, window: 3).
[2022-03-04 11:03:25.542] [sharedprocess] [info] Worker process with pid 3613989 terminated normally (type: fileWatcher, window: 1).
[2022-03-04 11:05:00.299] [sharedprocess] [info] Starting worker process with pid 3761233 (type: fileWatcher, window: 4).
[2022-03-04 11:05:36.532] [sharedprocess] [info] Getting Manifest... 4ban.kraken
[2022-03-04 11:05:36.535] [sharedprocess] [info] Installing extension: 4ban.kraken
[2022-03-04 11:05:41.118] [sharedprocess] [info] Downloaded extension: 4ban.kraken /home/eddy/.config/Code/CachedExtensionVSIXs/4ban.kraken-0.2.1
[2022-03-04 11:05:41.150] [sharedprocess] [info] Extracted extension to /home/eddy/.vscode/extensions/.e16b2119-632b-46e7-a913-8354eb8d60ce: 4ban.kraken
[2022-03-04 11:05:41.153] [sharedprocess] [info] Renamed to /home/eddy/.vscode/extensions/4ban.kraken-0.2.1
[2022-03-04 11:05:41.154] [sharedprocess] [info] Extracting completed. 4ban.kraken
[2022-03-04 11:05:41.156] [sharedprocess] [info] Extension installed successfully: 4ban.kraken
[2022-03-04 11:05:58.204] [sharedprocess] [info] Getting Manifest... isaiahcolson.kraken-theme
[2022-03-04 11:05:58.207] [sharedprocess] [info] Installing extension: isaiahcolson.kraken-theme
[2022-03-04 11:06:04.372] [sharedprocess] [info] Downloaded extension: isaiahcolson.kraken-theme /home/eddy/.config/Code/CachedExtensionVSIXs/isaiahcolson.kraken-theme-0.1.0
[2022-03-04 11:06:04.390] [sharedprocess] [info] Extracted extension to /home/eddy/.vscode/extensions/.699a55f6-a32c-4639-a1b4-86c1571535b1: isaiahcolson.kraken-theme
[2022-03-04 11:06:04.393] [sharedprocess] [info] Renamed to /home/eddy/.vscode/extensions/isaiahcolson.kraken-theme-0.1.0
[2022-03-04 11:06:04.394] [sharedprocess] [info] Extracting completed. isaiahcolson.kraken-theme
[2022-03-04 11:06:04.395] [sharedprocess] [info] Extension installed successfully: isaiahcolson.kraken-theme
[2022-03-04 11:06:14.289] [sharedprocess] [info] Uninstalling extension: 4ban.kraken
[2022-03-04 11:06:14.566] [sharedprocess] [info] Detected extension removed from another source 4ban.kraken
[2022-03-04 11:06:15.459] [sharedprocess] [info] Successfully uninstalled extension: 4ban.kraken
[2022-03-05 09:59:33.267] [sharedprocess] [info] Getting Manifest... redhat.ansible
[2022-03-05 09:59:34.099] [sharedprocess] [info] Installing extension: redhat.ansible
[2022-03-05 09:59:35.609] [sharedprocess] [info] Downloaded extension: redhat.ansible /home/eddy/.config/Code/CachedExtensionVSIXs/redhat.ansible-0.8.1
[2022-03-05 09:59:35.662] [sharedprocess] [info] Extracted extension to /home/eddy/.vscode/extensions/.5f9f6927-269f-4406-86e2-ecaff5177889: redhat.ansible
[2022-03-05 09:59:35.665] [sharedprocess] [info] Renamed to /home/eddy/.vscode/extensions/redhat.ansible-0.8.1
[2022-03-05 09:59:35.666] [sharedprocess] [info] Extracting completed. redhat.ansible
[2022-03-05 09:59:35.669] [sharedprocess] [info] Extension installed successfully: redhat.ansible
[2022-03-07 21:59:54.562] [sharedprocess] [info] Getting Manifest... redhat.vscode-yaml
[2022-03-07 21:59:54.816] [sharedprocess] [info] Installing extension: redhat.vscode-yaml
[2022-03-07 21:59:56.592] [sharedprocess] [info] Downloaded extension: redhat.vscode-yaml /home/eddy/.config/Code/CachedExtensionVSIXs/redhat.vscode-yaml-1.5.0
[2022-03-07 21:59:56.659] [sharedprocess] [info] Extracted extension to /home/eddy/.vscode/extensions/.d3c19a2d-cadd-4bd5-bb41-2e046463d052: redhat.vscode-yaml
[2022-03-07 21:59:56.666] [sharedprocess] [info] Renamed to /home/eddy/.vscode/extensions/redhat.vscode-yaml-1.5.0
[2022-03-07 21:59:56.668] [sharedprocess] [info] Extracting completed. redhat.vscode-yaml
[2022-03-07 21:59:56.675] [sharedprocess] [info] Extension installed successfully: redhat.vscode-yaml
[2022-03-07 23:05:25.743] [sharedprocess] [info] Getting Manifest... github.vscode-pull-request-github
[2022-03-07 23:05:26.656] [sharedprocess] [info] Installing extension: github.vscode-pull-request-github
[2022-03-07 23:05:29.276] [sharedprocess] [info] Downloaded extension: github.vscode-pull-request-github /home/eddy/.config/Code/CachedExtensionVSIXs/github.vscode-pull-request-github-0.38.0
[2022-03-07 23:05:29.862] [sharedprocess] [info] Extracted extension to /home/eddy/.vscode/extensions/.1df2199b-5b0b-4c99-af40-944d29414726: github.vscode-pull-request-github
[2022-03-07 23:05:29.867] [sharedprocess] [info] Renamed to /home/eddy/.vscode/extensions/github.vscode-pull-request-github-0.38.0
[2022-03-07 23:05:29.869] [sharedprocess] [info] Extracting completed. github.vscode-pull-request-github
[2022-03-07 23:05:29.873] [sharedprocess] [info] Extension installed successfully: github.vscode-pull-request-github
[2022-03-08 09:59:56.938] [sharedprocess] [info] Getting Manifest... ms-toolsai.jupyter
[2022-03-08 09:59:57.192] [sharedprocess] [info] Installing extension: ms-toolsai.jupyter
[2022-03-08 09:59:58.433] [sharedprocess] [info] Downloaded extension: ms-toolsai.jupyter /home/eddy/.config/Code/CachedExtensionVSIXs/ms-toolsai.jupyter-2022.2.1030672458
[2022-03-08 09:59:58.877] [sharedprocess] [info] Extracted extension to /home/eddy/.vscode/extensions/.b05430ea-a53d-4e62-87c5-dce9c19d957e: ms-toolsai.jupyter
[2022-03-08 09:59:58.885] [sharedprocess] [info] Renamed to /home/eddy/.vscode/extensions/ms-toolsai.jupyter-2022.2.1030672458
[2022-03-08 09:59:58.888] [sharedprocess] [info] Extracting completed. ms-toolsai.jupyter
[2022-03-08 09:59:58.893] [sharedprocess] [info] Extension installed successfully: ms-toolsai.jupyter
[2022-03-08 10:34:14.021] [sharedprocess] [info] Getting Manifest... tinkertrain.theme-panda
[2022-03-08 10:34:14.027] [sharedprocess] [info] Installing extension: tinkertrain.theme-panda
[2022-03-08 10:34:15.573] [sharedprocess] [info] Downloaded extension: tinkertrain.theme-panda /home/eddy/.config/Code/CachedExtensionVSIXs/tinkertrain.theme-panda-1.3.0
[2022-03-08 10:34:15.653] [sharedprocess] [info] Extracted extension to /home/eddy/.vscode/extensions/.25494335-78f1-4b2f-a482-ed607c1001af: tinkertrain.theme-panda
[2022-03-08 10:34:15.657] [sharedprocess] [info] Renamed to /home/eddy/.vscode/extensions/tinkertrain.theme-panda-1.3.0
[2022-03-08 10:34:15.658] [sharedprocess] [info] Extracting completed. tinkertrain.theme-panda
[2022-03-08 10:34:15.659] [sharedprocess] [info] Extension installed successfully: tinkertrain.theme-panda
[2022-03-08 21:59:59.691] [sharedprocess] [info] Getting Manifest... redhat.vscode-yaml
[2022-03-08 21:59:59.907] [sharedprocess] [info] Installing extension: redhat.vscode-yaml
[2022-03-08 22:00:00.885] [sharedprocess] [info] Downloaded extension: redhat.vscode-yaml /home/eddy/.config/Code/CachedExtensionVSIXs/redhat.vscode-yaml-1.5.1
[2022-03-08 22:00:00.966] [sharedprocess] [info] Extracted extension to /home/eddy/.vscode/extensions/.7a87ad25-66c6-478a-a2e7-f9fdc41f1cd2: redhat.vscode-yaml
[2022-03-08 22:00:00.969] [sharedprocess] [info] Renamed to /home/eddy/.vscode/extensions/redhat.vscode-yaml-1.5.1
[2022-03-08 22:00:00.970] [sharedprocess] [info] Extracting completed. redhat.vscode-yaml
[2022-03-08 22:00:00.973] [sharedprocess] [info] Extension installed successfully: redhat.vscode-yaml
[2022-03-09 08:31:18.994] [sharedprocess] [info] Worker process with pid 3641760 terminated normally (type: fileWatcher, window: 3).
