[2022-03-09T08:26:56.859Z] Validating found git in: git
[2022-03-09T08:26:56.943Z] Using git 2.25.1 from git
[2022-03-09T08:26:57.010Z] > git rev-parse --git-dir [7ms]
[2022-03-09T08:26:57.012Z] Open repository: /home/eddy/projects/driveulu/docker-ulu
[2022-03-09T08:26:57.037Z] > git symbolic-ref --short HEAD [1ms]
[2022-03-09T08:26:57.045Z] > git for-each-ref --format=%(refname)%00%(upstream:short)%00%(objectname)%00%(upstream:track) refs/heads/main refs/remotes/main [1ms]
[2022-03-09T08:26:57.059Z] > git for-each-ref --sort -committerdate --format %(refname) %(objectname) %(*objectname) [9ms]
[2022-03-09T08:26:57.059Z] > git remote --verbose [2ms]
[2022-03-09T08:26:57.076Z] > git config --get commit.template [9ms]
[2022-03-09T08:26:57.127Z] > git config --local branch.main.github-pr-owner-number [30ms]
[2022-03-09T08:26:57.445Z] > git ls-files --stage -- /home/eddy/projects/driveulu/docker-ulu/environment.sh [25ms]
[2022-03-09T08:26:57.481Z] > git cat-file -s 94132ea3314802e98d022ed28a4dc72092121ee2 [30ms]
[2022-03-09T08:26:59.544Z] > git fetch [2526ms]
[2022-03-09T08:26:59.562Z] > git symbolic-ref --short HEAD [1ms]
[2022-03-09T08:26:59.569Z] > git for-each-ref --format=%(refname)%00%(upstream:short)%00%(objectname)%00%(upstream:track) refs/heads/main refs/remotes/main [1ms]
[2022-03-09T08:26:59.581Z] > git for-each-ref --sort -committerdate --format %(refname) %(objectname) %(*objectname) [6ms]
[2022-03-09T08:26:59.582Z] > git remote --verbose [1ms]
[2022-03-09T08:26:59.591Z] > git config --get commit.template [1ms]
[2022-03-09T08:29:51.818Z] > git symbolic-ref --short HEAD [4ms]
[2022-03-09T08:29:51.831Z] > git for-each-ref --format=%(refname)%00%(upstream:short)%00%(objectname)%00%(upstream:track) refs/heads/main refs/remotes/main [2ms]
[2022-03-09T08:29:51.853Z] > git for-each-ref --sort -committerdate --format %(refname) %(objectname) %(*objectname) [12ms]
[2022-03-09T08:29:51.854Z] > git remote --verbose [5ms]
[2022-03-09T08:29:51.867Z] > git config --get commit.template [2ms]
[2022-03-09T08:29:57.768Z] > git ls-files --stage -- /home/eddy/projects/driveulu/docker-ulu/docker-compose.yml [41ms]
[2022-03-09T08:29:57.782Z] > git cat-file -s 3c3486326aa7f2ff9f7d03217808c08f11a0608a [6ms]
[2022-03-09T08:30:02.150Z] > git fetch [2539ms]
[2022-03-09T08:30:02.171Z] > git symbolic-ref --short HEAD [1ms]
[2022-03-09T08:30:02.180Z] > git for-each-ref --format=%(refname)%00%(upstream:short)%00%(objectname)%00%(upstream:track) refs/heads/main refs/remotes/main [1ms]
[2022-03-09T08:30:02.195Z] > git for-each-ref --sort -committerdate --format %(refname) %(objectname) %(*objectname) [8ms]
[2022-03-09T08:30:02.195Z] > git remote --verbose [1ms]
[2022-03-09T08:30:02.203Z] > git config --get commit.template [1ms]
[2022-03-09T08:30:09.950Z] > git ls-files --stage -- /home/eddy/projects/driveulu/docker-ulu/environment.sh [1ms]
[2022-03-09T08:30:09.958Z] > git cat-file -s 94132ea3314802e98d022ed28a4dc72092121ee2 [1ms]
[2022-03-09T08:32:23.785Z] > git ls-files --stage -- /home/eddy/projects/driveulu/docker-ulu/docker-compose.yml [1ms]
[2022-03-09T08:32:23.797Z] > git cat-file -s 3c3486326aa7f2ff9f7d03217808c08f11a0608a [3ms]
[2022-03-09T08:32:43.085Z] > git symbolic-ref --short HEAD [1ms]
[2022-03-09T08:32:43.098Z] > git for-each-ref --format=%(refname)%00%(upstream:short)%00%(objectname)%00%(upstream:track) refs/heads/main refs/remotes/main [2ms]
[2022-03-09T08:32:43.119Z] > git for-each-ref --sort -committerdate --format %(refname) %(objectname) %(*objectname) [11ms]
[2022-03-09T08:32:43.121Z] > git remote --verbose [3ms]
[2022-03-09T08:32:43.138Z] > git config --get commit.template [1ms]
[2022-03-09T08:32:48.157Z] > git symbolic-ref --short HEAD [1ms]
[2022-03-09T08:32:48.164Z] > git for-each-ref --format=%(refname)%00%(upstream:short)%00%(objectname)%00%(upstream:track) refs/heads/main refs/remotes/main [1ms]
[2022-03-09T08:32:48.177Z] > git for-each-ref --sort -committerdate --format %(refname) %(objectname) %(*objectname) [6ms]
[2022-03-09T08:32:48.177Z] > git remote --verbose [1ms]
[2022-03-09T08:32:48.186Z] > git config --get commit.template [1ms]
[2022-03-09T08:32:49.947Z] > git ls-files --stage -- /home/eddy/projects/driveulu/docker-ulu/docker-compose.yml [2ms]
[2022-03-09T08:32:49.954Z] > git cat-file -s 3c3486326aa7f2ff9f7d03217808c08f11a0608a [0ms]
[2022-03-09T08:33:16.480Z] > git fetch [2485ms]
[2022-03-09T08:33:16.534Z] > git symbolic-ref --short HEAD [3ms]
[2022-03-09T08:33:16.551Z] > git for-each-ref --format=%(refname)%00%(upstream:short)%00%(objectname)%00%(upstream:track) refs/heads/main refs/remotes/main [3ms]
[2022-03-09T08:33:16.580Z] > git for-each-ref --sort -committerdate --format %(refname) %(objectname) %(*objectname) [15ms]
[2022-03-09T08:33:16.580Z] > git remote --verbose [2ms]
[2022-03-09T08:33:16.595Z] > git config --get commit.template [1ms]
[2022-03-09T08:49:26.148Z] > git fetch [2401ms]
[2022-03-09T08:49:26.201Z] > git symbolic-ref --short HEAD [2ms]
[2022-03-09T08:49:26.216Z] > git for-each-ref --format=%(refname)%00%(upstream:short)%00%(objectname)%00%(upstream:track) refs/heads/main refs/remotes/main [2ms]
[2022-03-09T08:49:26.239Z] > git for-each-ref --sort -committerdate --format %(refname) %(objectname) %(*objectname) [12ms]
[2022-03-09T08:49:26.239Z] > git remote --verbose [2ms]
[2022-03-09T08:49:26.255Z] > git config --get commit.template [3ms]
